[ 2016-12-09T09:37:13+08:00 ] ::1 /excavator/
INFO: [ app_init ] --START--
INFO: Run Behavior\BuildLiteBehavior [ RunTime:0.001000s ]
INFO: [ app_init ] --END-- [ RunTime:0.008000s ]
INFO: [ app_begin ] --START--
INFO: Run Behavior\ReadHtmlCacheBehavior [ RunTime:0.011001s ]
INFO: [ app_begin ] --END-- [ RunTime:0.012001s ]
INFO: [ view_parse ] --START--
INFO: Run Behavior\ParseTemplateBehavior [ RunTime:0.006000s ]
INFO: [ view_parse ] --END-- [ RunTime:0.006000s ]
INFO: [ view_filter ] --START--
INFO: Run Behavior\WriteHtmlCacheBehavior [ RunTime:0.008000s ]
INFO: [ view_filter ] --END-- [ RunTime:0.009001s ]
INFO: [ app_end ] --START--
INFO: Run Behavior\ShowPageTraceBehavior [ RunTime:0.002000s ]
INFO: [ app_end ] --END-- [ RunTime:0.003000s ]

[ 2016-12-09T16:41:01+08:00 ] ::1 /excavator/layout-c.html
ERR: 无法加载控制器:Layout-c

[ 2016-12-09T17:11:01+08:00 ] ::1 /excavator/Login
ERR: 无法加载控制器:Login

[ 2016-12-09T17:11:04+08:00 ] ::1 /excavator/Login
ERR: 无法加载控制器:Login

[ 2016-12-09T17:11:05+08:00 ] ::1 /excavator/Login
ERR: 无法加载控制器:Login

[ 2016-12-09T17:11:17+08:00 ] ::1 /excavator/Login
ERR: 无法加载控制器:Login

[ 2016-12-09T17:11:19+08:00 ] ::1 /excavator/Login
ERR: 无法加载控制器:Login

[ 2016-12-09T17:11:19+08:00 ] ::1 /excavator/Login
ERR: 无法加载控制器:Login

[ 2016-12-09T17:12:36+08:00 ] ::1 /excavator/Login
ERR: 无法加载控制器:Login

[ 2016-12-09T17:12:38+08:00 ] ::1 /excavator/Login
ERR: 无法加载控制器:Login

[ 2016-12-09T17:12:39+08:00 ] ::1 /excavator/Login
ERR: 无法加载控制器:Login

[ 2016-12-09T17:12:40+08:00 ] ::1 /excavator/Login
ERR: 无法加载控制器:Login

