[ 2016-12-23T09:11:05+08:00 ] ::1 /excavator/ajaxSearch?keywords=&p=2
INFO: [ app_begin ] --START--
INFO: Run Behavior\ReadHtmlCacheBehavior [ RunTime:0.001000s ]
INFO: [ app_begin ] --END-- [ RunTime:0.001000s ]
ERR: 无法加载控制器:AjaxSearch

[ 2016-12-23T09:11:07+08:00 ] ::1 /excavator/ajaxSearch?keywords=&p=2
INFO: [ app_begin ] --START--
INFO: Run Behavior\ReadHtmlCacheBehavior [ RunTime:0.001000s ]
INFO: [ app_begin ] --END-- [ RunTime:0.002000s ]
ERR: 无法加载控制器:AjaxSearch

[ 2016-12-23T09:11:09+08:00 ] ::1 /excavator/ajaxSearch?keywords=&p=2
INFO: [ app_begin ] --START--
INFO: Run Behavior\ReadHtmlCacheBehavior [ RunTime:0.001000s ]
INFO: [ app_begin ] --END-- [ RunTime:0.001000s ]
ERR: 无法加载控制器:AjaxSearch

[ 2016-12-23T09:11:10+08:00 ] ::1 /excavator/ajaxSearch?keywords=&p=2
INFO: [ app_begin ] --START--
INFO: Run Behavior\ReadHtmlCacheBehavior [ RunTime:0.000000s ]
INFO: [ app_begin ] --END-- [ RunTime:0.001000s ]
ERR: 无法加载控制器:AjaxSearch

[ 2016-12-23T09:11:11+08:00 ] ::1 /excavator/ajaxSearch?keywords=&p=2
INFO: [ app_begin ] --START--
INFO: Run Behavior\ReadHtmlCacheBehavior [ RunTime:0.001000s ]
INFO: [ app_begin ] --END-- [ RunTime:0.001000s ]
ERR: 无法加载控制器:AjaxSearch

[ 2016-12-23T09:11:16+08:00 ] ::1 /excavator/ajaxSearch?keywords=&p=2
INFO: [ app_begin ] --START--
INFO: Run Behavior\ReadHtmlCacheBehavior [ RunTime:0.001000s ]
INFO: [ app_begin ] --END-- [ RunTime:0.002000s ]
ERR: 无法加载控制器:AjaxSearch

