[ 2016-12-13T08:54:47+08:00 ] ::1 /excavator/Public/Admin/fonts/glyphicons-halflings-regular.woff
ERR: 无法加载控制器:Public

[ 2016-12-13T08:54:48+08:00 ] ::1 /excavator/Public/Admin/fonts/glyphicons-halflings-regular.ttf
ERR: 无法加载控制器:Public

[ 2016-12-13T09:01:51+08:00 ] ::1 /excavator/Public/Admin/fonts/glyphicons-halflings-regular.woff
ERR: 无法加载控制器:Public

[ 2016-12-13T09:01:51+08:00 ] ::1 /excavator/Public/Admin/fonts/glyphicons-halflings-regular.ttf
ERR: 无法加载控制器:Public

[ 2016-12-13T09:10:45+08:00 ] ::1 /excavator/Public/Admin/fonts/glyphicons-halflings-regular.woff
ERR: 无法加载控制器:Public

[ 2016-12-13T09:10:45+08:00 ] ::1 /excavator/Public/Admin/fonts/glyphicons-halflings-regular.ttf
ERR: 无法加载控制器:Public

[ 2016-12-13T09:10:55+08:00 ] ::1 /excavator/Public/Admin/fonts/glyphicons-halflings-regular.woff
ERR: 无法加载控制器:Public

[ 2016-12-13T09:10:55+08:00 ] ::1 /excavator/Public/Admin/fonts/glyphicons-halflings-regular.ttf
ERR: 无法加载控制器:Public

[ 2016-12-13T09:12:11+08:00 ] ::1 /excavator/Public/Admin/fonts/glyphicons-halflings-regular.woff
ERR: 无法加载控制器:Public

[ 2016-12-13T09:12:11+08:00 ] ::1 /excavator/Public/Admin/fonts/glyphicons-halflings-regular.ttf
ERR: 无法加载控制器:Public

[ 2016-12-13T09:12:18+08:00 ] ::1 /excavator/Public/Admin/fonts/glyphicons-halflings-regular.woff
ERR: 无法加载控制器:Public

[ 2016-12-13T09:12:18+08:00 ] ::1 /excavator/Public/Admin/fonts/glyphicons-halflings-regular.ttf
ERR: 无法加载控制器:Public

[ 2016-12-13T09:12:44+08:00 ] ::1 /excavator/Public/Admin/fonts/glyphicons-halflings-regular.woff
ERR: 无法加载控制器:Public

[ 2016-12-13T09:12:44+08:00 ] ::1 /excavator/Public/Admin/fonts/glyphicons-halflings-regular.ttf
ERR: 无法加载控制器:Public

[ 2016-12-13T09:14:51+08:00 ] ::1 /excavator/Public/Admin/fonts/glyphicons-halflings-regular.woff
ERR: 无法加载控制器:Public

[ 2016-12-13T09:14:52+08:00 ] ::1 /excavator/Public/Admin/fonts/glyphicons-halflings-regular.ttf
ERR: 无法加载控制器:Public

[ 2016-12-13T09:56:19+08:00 ] ::1 /excavator/js/markdown/epiceditor.css
ERR: 无法加载控制器:Js

[ 2016-12-13T09:56:19+08:00 ] ::1 /excavator/js/markdown/bartik.css
ERR: 无法加载控制器:Js

[ 2016-12-13T09:56:19+08:00 ] ::1 /excavator/js/markdown/epic-light.css
ERR: 无法加载控制器:Js

[ 2016-12-13T10:11:04+08:00 ] ::1 /excavator/js/markdown/epiceditor.css
ERR: 无法加载控制器:Js

[ 2016-12-13T10:11:04+08:00 ] ::1 /excavator/js/markdown/epic-light.css
ERR: 无法加载控制器:Js

[ 2016-12-13T10:11:04+08:00 ] ::1 /excavator/js/markdown/bartik.css
ERR: 无法加载控制器:Js

[ 2016-12-13T10:20:33+08:00 ] ::1 /excavator/js/markdown/epiceditor.css
ERR: 无法加载控制器:Js

[ 2016-12-13T10:20:33+08:00 ] ::1 /excavator/js/markdown/bartik.css
ERR: 无法加载控制器:Js

[ 2016-12-13T10:20:33+08:00 ] ::1 /excavator/js/markdown/epic-light.css
ERR: 无法加载控制器:Js

[ 2016-12-13T10:21:48+08:00 ] ::1 /excavator/js/markdown/epiceditor.css
ERR: 无法加载控制器:Js

[ 2016-12-13T10:21:48+08:00 ] ::1 /excavator/js/markdown/epic-light.css
ERR: 无法加载控制器:Js

[ 2016-12-13T10:21:48+08:00 ] ::1 /excavator/js/markdown/bartik.css
ERR: 无法加载控制器:Js

[ 2016-12-13T10:22:34+08:00 ] ::1 /excavator/js/markdown/epiceditor.css
ERR: 无法加载控制器:Js

[ 2016-12-13T10:22:34+08:00 ] ::1 /excavator/js/markdown/bartik.css
ERR: 无法加载控制器:Js

[ 2016-12-13T10:22:34+08:00 ] ::1 /excavator/js/markdown/epic-light.css
ERR: 无法加载控制器:Js

[ 2016-12-13T10:30:00+08:00 ] ::1 /excavator/js/markdown/epiceditor.css
ERR: 无法加载控制器:Js

[ 2016-12-13T10:30:00+08:00 ] ::1 /excavator/js/markdown/epic-light.css
ERR: 无法加载控制器:Js

[ 2016-12-13T10:30:00+08:00 ] ::1 /excavator/js/markdown/bartik.css
ERR: 无法加载控制器:Js

[ 2016-12-13T10:30:44+08:00 ] ::1 /excavator/js/markdown/epic-light.css
ERR: 无法加载控制器:Js

[ 2016-12-13T10:30:44+08:00 ] ::1 /excavator/js/markdown/epiceditor.css
ERR: 无法加载控制器:Js

[ 2016-12-13T10:30:44+08:00 ] ::1 /excavator/js/markdown/bartik.css
ERR: 无法加载控制器:Js

[ 2016-12-13T10:32:13+08:00 ] ::1 /excavator/js/markdown/epic-light.css
ERR: 无法加载控制器:Js

[ 2016-12-13T10:32:13+08:00 ] ::1 /excavator/js/markdown/epiceditor.css
ERR: 无法加载控制器:Js

[ 2016-12-13T10:32:13+08:00 ] ::1 /excavator/js/markdown/bartik.css
ERR: 无法加载控制器:Js

[ 2016-12-13T10:33:15+08:00 ] ::1 /excavator/js/markdown/epiceditor.css
ERR: 无法加载控制器:Js

[ 2016-12-13T10:33:15+08:00 ] ::1 /excavator/js/markdown/epic-light.css
ERR: 无法加载控制器:Js

[ 2016-12-13T10:33:15+08:00 ] ::1 /excavator/js/markdown/bartik.css
ERR: 无法加载控制器:Js

[ 2016-12-13T10:38:18+08:00 ] ::1 /excavator/js/markdown/epiceditor.css
ERR: 无法加载控制器:Js

[ 2016-12-13T10:38:18+08:00 ] ::1 /excavator/js/markdown/epic-light.css
ERR: 无法加载控制器:Js

[ 2016-12-13T10:38:18+08:00 ] ::1 /excavator/js/markdown/bartik.css
ERR: 无法加载控制器:Js

[ 2016-12-13T10:38:55+08:00 ] ::1 /excavator/js/markdown/epic-light.css
ERR: 无法加载控制器:Js

[ 2016-12-13T10:38:55+08:00 ] ::1 /excavator/js/markdown/epiceditor.css
ERR: 无法加载控制器:Js

[ 2016-12-13T10:38:55+08:00 ] ::1 /excavator/js/markdown/bartik.css
ERR: 无法加载控制器:Js

[ 2016-12-13T10:40:17+08:00 ] ::1 /excavator/js/markdown/epiceditor.css
ERR: 无法加载控制器:Js

[ 2016-12-13T10:40:17+08:00 ] ::1 /excavator/js/markdown/epic-light.css
ERR: 无法加载控制器:Js

[ 2016-12-13T10:40:17+08:00 ] ::1 /excavator/js/markdown/bartik.css
ERR: 无法加载控制器:Js

[ 2016-12-13T10:42:32+08:00 ] ::1 /excavator/js/markdown/bartik.css
ERR: 无法加载控制器:Js

[ 2016-12-13T10:42:32+08:00 ] ::1 /excavator/js/markdown/epic-light.css
ERR: 无法加载控制器:Js

[ 2016-12-13T10:42:32+08:00 ] ::1 /excavator/js/markdown/epiceditor.css
ERR: 无法加载控制器:Js

[ 2016-12-13T10:43:56+08:00 ] ::1 /excavator/js/markdown/epiceditor.css
ERR: 无法加载控制器:Js

[ 2016-12-13T10:43:56+08:00 ] ::1 /excavator/js/markdown/bartik.css
ERR: 无法加载控制器:Js

[ 2016-12-13T10:43:56+08:00 ] ::1 /excavator/js/markdown/epic-light.css
ERR: 无法加载控制器:Js

[ 2016-12-13T10:46:46+08:00 ] ::1 /excavator/js/markdown/epic-light.css
ERR: 无法加载控制器:Js

[ 2016-12-13T10:46:46+08:00 ] ::1 /excavator/js/markdown/epiceditor.css
ERR: 无法加载控制器:Js

[ 2016-12-13T10:46:46+08:00 ] ::1 /excavator/js/markdown/bartik.css
ERR: 无法加载控制器:Js

[ 2016-12-13T10:51:36+08:00 ] ::1 /excavator/js/markdown/epic-light.css
ERR: 无法加载控制器:Js

[ 2016-12-13T10:51:36+08:00 ] ::1 /excavator/js/markdown/epiceditor.css
ERR: 无法加载控制器:Js

[ 2016-12-13T10:51:36+08:00 ] ::1 /excavator/js/markdown/bartik.css
ERR: 无法加载控制器:Js

[ 2016-12-13T11:11:28+08:00 ] ::1 /excavator/js/markdown/epiceditor.css
ERR: 无法加载控制器:Js

[ 2016-12-13T11:11:28+08:00 ] ::1 /excavator/js/markdown/bartik.css
ERR: 无法加载控制器:Js

[ 2016-12-13T11:11:28+08:00 ] ::1 /excavator/js/markdown/epic-light.css
ERR: 无法加载控制器:Js

[ 2016-12-13T11:11:58+08:00 ] ::1 /excavator/js/markdown/epiceditor.css
ERR: 无法加载控制器:Js

[ 2016-12-13T11:11:58+08:00 ] ::1 /excavator/js/markdown/epic-light.css
ERR: 无法加载控制器:Js

[ 2016-12-13T11:11:58+08:00 ] ::1 /excavator/js/markdown/bartik.css
ERR: 无法加载控制器:Js

[ 2016-12-13T11:12:42+08:00 ] ::1 /excavator/js/markdown/epiceditor.css
ERR: 无法加载控制器:Js

[ 2016-12-13T11:12:42+08:00 ] ::1 /excavator/js/markdown/bartik.css
ERR: 无法加载控制器:Js

[ 2016-12-13T11:12:42+08:00 ] ::1 /excavator/js/markdown/epic-light.css
ERR: 无法加载控制器:Js

[ 2016-12-13T11:14:22+08:00 ] ::1 /excavator/js/markdown/epiceditor.css
ERR: 无法加载控制器:Js

[ 2016-12-13T11:14:22+08:00 ] ::1 /excavator/js/markdown/epic-light.css
ERR: 无法加载控制器:Js

[ 2016-12-13T11:14:22+08:00 ] ::1 /excavator/js/markdown/bartik.css
ERR: 无法加载控制器:Js

[ 2016-12-13T11:15:03+08:00 ] ::1 /excavator/js/markdown/epiceditor.css
ERR: 无法加载控制器:Js

[ 2016-12-13T11:15:03+08:00 ] ::1 /excavator/js/markdown/epic-light.css
ERR: 无法加载控制器:Js

[ 2016-12-13T11:15:03+08:00 ] ::1 /excavator/js/markdown/bartik.css
ERR: 无法加载控制器:Js

[ 2016-12-13T11:15:04+08:00 ] ::1 /excavator/js/markdown/epiceditor.css
ERR: 无法加载控制器:Js

[ 2016-12-13T11:15:04+08:00 ] ::1 /excavator/js/markdown/epic-light.css
ERR: 无法加载控制器:Js

[ 2016-12-13T11:15:04+08:00 ] ::1 /excavator/js/markdown/bartik.css
ERR: 无法加载控制器:Js

[ 2016-12-13T11:15:06+08:00 ] ::1 /excavator/js/markdown/epiceditor.css
ERR: 无法加载控制器:Js

[ 2016-12-13T11:15:06+08:00 ] ::1 /excavator/js/markdown/bartik.css
ERR: 无法加载控制器:Js

[ 2016-12-13T11:15:06+08:00 ] ::1 /excavator/js/markdown/epic-light.css
ERR: 无法加载控制器:Js

[ 2016-12-13T11:18:31+08:00 ] ::1 /excavator/js/markdown/epiceditor.css
ERR: 无法加载控制器:Js

[ 2016-12-13T11:18:31+08:00 ] ::1 /excavator/js/markdown/bartik.css
ERR: 无法加载控制器:Js

[ 2016-12-13T11:18:31+08:00 ] ::1 /excavator/js/markdown/epic-light.css
ERR: 无法加载控制器:Js

[ 2016-12-13T11:20:04+08:00 ] ::1 /excavator/js/markdown/epiceditor.css
ERR: 无法加载控制器:Js

[ 2016-12-13T11:20:04+08:00 ] ::1 /excavator/js/markdown/bartik.css
ERR: 无法加载控制器:Js

[ 2016-12-13T11:20:04+08:00 ] ::1 /excavator/js/markdown/epic-light.css
ERR: 无法加载控制器:Js

[ 2016-12-13T11:20:32+08:00 ] ::1 /excavator/js/markdown/bartik.css
ERR: 无法加载控制器:Js

[ 2016-12-13T11:20:32+08:00 ] ::1 /excavator/js/markdown/epiceditor.css
ERR: 无法加载控制器:Js

[ 2016-12-13T11:20:32+08:00 ] ::1 /excavator/js/markdown/epic-light.css
ERR: 无法加载控制器:Js

[ 2016-12-13T11:21:45+08:00 ] ::1 /excavator/js/markdown/epiceditor.css
ERR: 无法加载控制器:Js

[ 2016-12-13T11:21:45+08:00 ] ::1 /excavator/js/markdown/bartik.css
ERR: 无法加载控制器:Js

[ 2016-12-13T11:21:45+08:00 ] ::1 /excavator/js/markdown/epic-light.css
ERR: 无法加载控制器:Js

[ 2016-12-13T11:25:50+08:00 ] ::1 /excavator/js/markdown/epiceditor.css
ERR: 无法加载控制器:Js

[ 2016-12-13T11:25:50+08:00 ] ::1 /excavator/js/markdown/epic-light.css
ERR: 无法加载控制器:Js

[ 2016-12-13T11:25:50+08:00 ] ::1 /excavator/js/markdown/bartik.css
ERR: 无法加载控制器:Js

[ 2016-12-13T11:27:19+08:00 ] ::1 /excavator/js/markdown/epiceditor.css
ERR: 无法加载控制器:Js

[ 2016-12-13T11:27:19+08:00 ] ::1 /excavator/js/markdown/bartik.css
ERR: 无法加载控制器:Js

[ 2016-12-13T11:27:19+08:00 ] ::1 /excavator/js/markdown/epic-light.css
ERR: 无法加载控制器:Js

[ 2016-12-13T11:27:56+08:00 ] ::1 /excavator/js/markdown/epiceditor.css
ERR: 无法加载控制器:Js

[ 2016-12-13T11:27:56+08:00 ] ::1 /excavator/js/markdown/epic-light.css
ERR: 无法加载控制器:Js

[ 2016-12-13T11:27:56+08:00 ] ::1 /excavator/js/markdown/bartik.css
ERR: 无法加载控制器:Js

[ 2016-12-13T11:29:40+08:00 ] ::1 /excavator/js/markdown/epiceditor.css
ERR: 无法加载控制器:Js

[ 2016-12-13T11:29:40+08:00 ] ::1 /excavator/js/markdown/bartik.css
ERR: 无法加载控制器:Js

[ 2016-12-13T11:29:40+08:00 ] ::1 /excavator/js/markdown/epic-light.css
ERR: 无法加载控制器:Js

[ 2016-12-13T11:31:31+08:00 ] ::1 /excavator/js/markdown/epiceditor.css
ERR: 无法加载控制器:Js

[ 2016-12-13T11:31:31+08:00 ] ::1 /excavator/js/markdown/epic-light.css
ERR: 无法加载控制器:Js

[ 2016-12-13T11:31:31+08:00 ] ::1 /excavator/js/markdown/bartik.css
ERR: 无法加载控制器:Js

[ 2016-12-13T14:05:07+08:00 ] ::1 /excavator/js/markdown/epiceditor.css
ERR: 无法加载控制器:Js

[ 2016-12-13T14:05:07+08:00 ] ::1 /excavator/js/markdown/epic-light.css
ERR: 无法加载控制器:Js

[ 2016-12-13T14:05:07+08:00 ] ::1 /excavator/js/markdown/bartik.css
ERR: 无法加载控制器:Js

[ 2016-12-13T14:35:21+08:00 ] ::1 /excavator/js/data/datagrid.json
INFO: [ app_begin ] --START--
INFO: Run Behavior\ReadHtmlCacheBehavior [ RunTime:0.000000s ]
INFO: [ app_begin ] --END-- [ RunTime:0.001000s ]
ERR: 无法加载控制器:Js

[ 2016-12-13T14:36:54+08:00 ] ::1 /excavator/Public/Admin/js/libs/underscore-min.map
ERR: 无法加载控制器:Public

[ 2016-12-13T14:37:12+08:00 ] ::1 /excavator/Public/Admin/js/libs/underscore-min.map
ERR: 无法加载控制器:Public

[ 2016-12-13T14:45:44+08:00 ] ::1 /excavator/js/markdown/epiceditor.css
ERR: 无法加载控制器:Js

[ 2016-12-13T14:45:44+08:00 ] ::1 /excavator/js/markdown/bartik.css
ERR: 无法加载控制器:Js

[ 2016-12-13T14:45:44+08:00 ] ::1 /excavator/js/markdown/epic-light.css
ERR: 无法加载控制器:Js

[ 2016-12-13T17:21:32+08:00 ] ::1 /excavator/Public/Admin/fonts/glyphicons-halflings-regular.woff
ERR: 无法加载控制器:Public

[ 2016-12-13T17:21:32+08:00 ] ::1 /excavator/Public/Admin/fonts/glyphicons-halflings-regular.ttf
ERR: 无法加载控制器:Public

