[ 2016-12-12T10:21:06+08:00 ] ::1 /excavator/Login/verify?id=0.7100409091305546
ERR: 无法加载控制器:Login

[ 2016-12-12T11:35:59+08:00 ] ::1 /excavator/Public/Admin/jquery-form.js
ERR: 无法加载控制器:Public

[ 2016-12-12T11:36:01+08:00 ] ::1 /excavator/Public/Admin/jquery-form.js
ERR: 无法加载控制器:Public

[ 2016-12-12T11:40:56+08:00 ] ::1 /excavator/Public/Admin/jquery-form.js
ERR: 无法加载控制器:Public

[ 2016-12-12T11:40:59+08:00 ] ::1 /excavator/Public/Admin/jquery-form.js
ERR: 无法加载控制器:Public

[ 2016-12-12T11:41:01+08:00 ] ::1 /excavator/Public/Admin/jquery-form.js
ERR: 无法加载控制器:Public

[ 2016-12-12T11:41:07+08:00 ] ::1 /excavator/Public/Admin/jquery-form.js
ERR: 无法加载控制器:Public

[ 2016-12-12T11:41:41+08:00 ] ::1 /excavator/Public/Admin/jquery-form.js
ERR: 无法加载控制器:Public

[ 2016-12-12T11:41:46+08:00 ] ::1 /excavator/Public/Admin/jquery-form.js
ERR: 无法加载控制器:Public

[ 2016-12-12T11:41:46+08:00 ] ::1 /excavator/Public/Admin/jquery-form.js
ERR: 无法加载控制器:Public

[ 2016-12-12T11:41:48+08:00 ] ::1 /excavator/Public/Admin/jquery-form.js
ERR: 无法加载控制器:Public

[ 2016-12-12T11:41:51+08:00 ] ::1 /excavator/Public/Admin/jquery-form.js
ERR: 无法加载控制器:Public

[ 2016-12-12T11:42:44+08:00 ] ::1 /excavator/Public/Admin/jquery-form.js
ERR: 无法加载控制器:Public

[ 2016-12-12T11:42:52+08:00 ] ::1 /excavator/Public/Admin/jquery-form.js
ERR: 无法加载控制器:Public

[ 2016-12-12T11:43:02+08:00 ] ::1 /excavator/Public/Admin/jquery-form.js
ERR: 无法加载控制器:Public

[ 2016-12-12T11:49:30+08:00 ] ::1 /excavator/Public/Admin/jquery-form.js
ERR: 无法加载控制器:Public

[ 2016-12-12T11:49:34+08:00 ] ::1 /excavator/Public/Admin/jquery-form.js
ERR: 无法加载控制器:Public

[ 2016-12-12T11:53:59+08:00 ] ::1 /excavator/Public/Admin/jquery-form.js
ERR: 无法加载控制器:Public

[ 2016-12-12T11:54:03+08:00 ] ::1 /excavator/Public/Admin/jquery-form.js
ERR: 无法加载控制器:Public

[ 2016-12-12T12:00:46+08:00 ] ::1 /excavator/Public/Admin/jquery-form.js
ERR: 无法加载控制器:Public

[ 2016-12-12T12:00:49+08:00 ] ::1 /excavator/Public/Admin/jquery-form.js
ERR: 无法加载控制器:Public

[ 2016-12-12T12:00:50+08:00 ] ::1 /excavator/Public/Admin/jquery-form.js
ERR: 无法加载控制器:Public

[ 2016-12-12T12:00:50+08:00 ] ::1 /excavator/Public/Admin/jquery-form.js
ERR: 无法加载控制器:Public

[ 2016-12-12T12:00:53+08:00 ] ::1 /excavator/Public/Admin/jquery-form.js
ERR: 无法加载控制器:Public

[ 2016-12-12T12:01:54+08:00 ] ::1 /excavator/Public/Admin/jquery-form.js
ERR: 无法加载控制器:Public

[ 2016-12-12T12:01:54+08:00 ] ::1 /excavator/Public/Admin/jquery.min.js
ERR: 无法加载控制器:Public

[ 2016-12-12T12:01:54+08:00 ] ::1 /excavator/Public/Admin/jquery-form.js
ERR: 无法加载控制器:Public

[ 2016-12-12T12:01:58+08:00 ] ::1 /excavator/Public/Admin/jquery.min.js
ERR: 无法加载控制器:Public

[ 2016-12-12T12:01:58+08:00 ] ::1 /excavator/Public/Admin/jquery-form.js
ERR: 无法加载控制器:Public

[ 2016-12-12T12:01:58+08:00 ] ::1 /excavator/Public/Admin/jquery-form.js
ERR: 无法加载控制器:Public

[ 2016-12-12T12:02:08+08:00 ] ::1 /excavator/Public/Admin/jquery-form.js
ERR: 无法加载控制器:Public

[ 2016-12-12T12:02:08+08:00 ] ::1 /excavator/Public/Admin/jquery.min.js
ERR: 无法加载控制器:Public

[ 2016-12-12T12:02:08+08:00 ] ::1 /excavator/Public/Admin/jquery-form.js
ERR: 无法加载控制器:Public

[ 2016-12-12T12:04:10+08:00 ] ::1 /excavator/Public/Admin/jquery-form.js
ERR: 无法加载控制器:Public

[ 2016-12-12T12:04:10+08:00 ] ::1 /excavator/Public/Admin/jquery.min.js
ERR: 无法加载控制器:Public

[ 2016-12-12T12:04:10+08:00 ] ::1 /excavator/Public/Admin/jquery-form.js
ERR: 无法加载控制器:Public

[ 2016-12-12T12:04:15+08:00 ] ::1 /excavator/Public/Admin/jquery-form.js
ERR: 无法加载控制器:Public

[ 2016-12-12T12:04:15+08:00 ] ::1 /excavator/Public/Admin/jquery.min.js
ERR: 无法加载控制器:Public

[ 2016-12-12T12:04:15+08:00 ] ::1 /excavator/Public/Admin/jquery-form.js
ERR: 无法加载控制器:Public

[ 2016-12-12T12:05:16+08:00 ] ::1 /excavator/Public/Admin/jquery.min.js
ERR: 无法加载控制器:Public

[ 2016-12-12T12:05:16+08:00 ] ::1 /excavator/Public/Admin/jquery-form.js
ERR: 无法加载控制器:Public

[ 2016-12-12T12:05:16+08:00 ] ::1 /excavator/Public/Admin/jquery-form.js
ERR: 无法加载控制器:Public

[ 2016-12-12T12:05:22+08:00 ] ::1 /excavator/Public/Admin/jquery.min.js
ERR: 无法加载控制器:Public

[ 2016-12-12T12:05:22+08:00 ] ::1 /excavator/Public/Admin/jquery-form.js
ERR: 无法加载控制器:Public

[ 2016-12-12T12:05:46+08:00 ] ::1 /excavator/Public/Admin/jquery-form.js
ERR: 无法加载控制器:Public

[ 2016-12-12T12:05:46+08:00 ] ::1 /excavator/Public/Admin/jquery.min.js
ERR: 无法加载控制器:Public

[ 2016-12-12T12:05:46+08:00 ] ::1 /excavator/Public/Admin/jquery-form.js
ERR: 无法加载控制器:Public

[ 2016-12-12T12:06:20+08:00 ] ::1 /excavator/Public/Admin/jquery.min.js
ERR: 无法加载控制器:Public

[ 2016-12-12T12:06:20+08:00 ] ::1 /excavator/Public/Admin/jquery-form.js
ERR: 无法加载控制器:Public

[ 2016-12-12T12:06:20+08:00 ] ::1 /excavator/Public/Admin/jquery-form.js
ERR: 无法加载控制器:Public

[ 2016-12-12T12:06:25+08:00 ] ::1 /excavator/Public/Admin/jquery-form.js
ERR: 无法加载控制器:Public

[ 2016-12-12T12:06:25+08:00 ] ::1 /excavator/Public/Admin/jquery.min.js
ERR: 无法加载控制器:Public

[ 2016-12-12T12:06:25+08:00 ] ::1 /excavator/Public/Admin/jquery-form.js
ERR: 无法加载控制器:Public

[ 2016-12-12T13:41:43+08:00 ] ::1 /excavator/Public/Admin/jquery.min.js
ERR: 无法加载控制器:Public

[ 2016-12-12T13:41:43+08:00 ] ::1 /excavator/Public/Admin/jquery-form.js
ERR: 无法加载控制器:Public

[ 2016-12-12T13:41:50+08:00 ] ::1 /excavator/Public/Admin/jquery.min.js
ERR: 无法加载控制器:Public

[ 2016-12-12T13:41:50+08:00 ] ::1 /excavator/Public/Admin/jquery-form.js
ERR: 无法加载控制器:Public

[ 2016-12-12T13:41:54+08:00 ] ::1 /excavator/Public/Admin/jquery.min.js
ERR: 无法加载控制器:Public

[ 2016-12-12T13:41:54+08:00 ] ::1 /excavator/Public/Admin/jquery-form.js
ERR: 无法加载控制器:Public

[ 2016-12-12T13:42:04+08:00 ] ::1 /excavator/Public/Admin/jquery.min.js
ERR: 无法加载控制器:Public

[ 2016-12-12T13:42:04+08:00 ] ::1 /excavator/Public/Admin/jquery-form.js
ERR: 无法加载控制器:Public

[ 2016-12-12T13:42:09+08:00 ] ::1 /excavator/Public/Admin/jquery.min.js
ERR: 无法加载控制器:Public

[ 2016-12-12T13:42:09+08:00 ] ::1 /excavator/Public/Admin/jquery-form.js
ERR: 无法加载控制器:Public

[ 2016-12-12T13:42:24+08:00 ] ::1 /excavator/Public/Admin/jquery-form.js
ERR: 无法加载控制器:Public

[ 2016-12-12T13:42:29+08:00 ] ::1 /excavator/Public/Admin/jquery-form.js
ERR: 无法加载控制器:Public

[ 2016-12-12T13:42:31+08:00 ] ::1 /excavator/Public/Admin/jquery-form.js
ERR: 无法加载控制器:Public

[ 2016-12-12T13:42:45+08:00 ] ::1 /excavator/Public/Admin/jquery-form.js
ERR: 无法加载控制器:Public

[ 2016-12-12T13:42:45+08:00 ] ::1 /excavator/Public/Admin/jquery.min.js
ERR: 无法加载控制器:Public

[ 2016-12-12T13:42:46+08:00 ] ::1 /excavator/Public/Admin/jquery-form.js
ERR: 无法加载控制器:Public

[ 2016-12-12T13:42:49+08:00 ] ::1 /excavator/Public/Admin/jquery-form.js
ERR: 无法加载控制器:Public

[ 2016-12-12T13:42:49+08:00 ] ::1 /excavator/Public/Admin/jquery.min.js
ERR: 无法加载控制器:Public

[ 2016-12-12T13:42:49+08:00 ] ::1 /excavator/Public/Admin/jquery-form.js
ERR: 无法加载控制器:Public

[ 2016-12-12T13:42:50+08:00 ] ::1 /excavator/Public/Admin/jquery-form.js
ERR: 无法加载控制器:Public

[ 2016-12-12T13:42:50+08:00 ] ::1 /excavator/Public/Admin/jquery.min.js
ERR: 无法加载控制器:Public

[ 2016-12-12T13:42:50+08:00 ] ::1 /excavator/Public/Admin/jquery-form.js
ERR: 无法加载控制器:Public

[ 2016-12-12T13:42:54+08:00 ] ::1 /excavator/Public/Admin/jquery-form.js
ERR: 无法加载控制器:Public

[ 2016-12-12T13:42:54+08:00 ] ::1 /excavator/Public/Admin/jquery.min.js
ERR: 无法加载控制器:Public

[ 2016-12-12T13:42:54+08:00 ] ::1 /excavator/Public/Admin/jquery-form.js
ERR: 无法加载控制器:Public

[ 2016-12-12T13:42:59+08:00 ] ::1 /excavator/Public/Admin/jquery-form.js
ERR: 无法加载控制器:Public

[ 2016-12-12T13:42:59+08:00 ] ::1 /excavator/Public/Admin/jquery.min.js
ERR: 无法加载控制器:Public

[ 2016-12-12T13:45:15+08:00 ] ::1 /excavator/Public/Admin/jquery.min.js
ERR: 无法加载控制器:Public

[ 2016-12-12T13:45:15+08:00 ] ::1 /excavator/Public/Admin/jquery-form.js
ERR: 无法加载控制器:Public

[ 2016-12-12T13:45:18+08:00 ] ::1 /excavator/Public/Admin/jquery.min.js
ERR: 无法加载控制器:Public

[ 2016-12-12T13:45:18+08:00 ] ::1 /excavator/Public/Admin/jquery-form.js
ERR: 无法加载控制器:Public

[ 2016-12-12T13:45:49+08:00 ] ::1 /excavator/Public/Admin/jquery.min.js
ERR: 无法加载控制器:Public

[ 2016-12-12T13:45:49+08:00 ] ::1 /excavator/Public/Admin/jquery-form.js
ERR: 无法加载控制器:Public

[ 2016-12-12T13:46:03+08:00 ] ::1 /excavator/Public/Admin/jquery.min.js
ERR: 无法加载控制器:Public

[ 2016-12-12T13:46:03+08:00 ] ::1 /excavator/Public/Admin/jquery-form.js
ERR: 无法加载控制器:Public

[ 2016-12-12T13:46:05+08:00 ] ::1 /excavator/Public/Admin/jquery.min.js
ERR: 无法加载控制器:Public

[ 2016-12-12T13:46:05+08:00 ] ::1 /excavator/Public/Admin/jquery-form.js
ERR: 无法加载控制器:Public

[ 2016-12-12T13:46:05+08:00 ] ::1 /excavator/Public/Admin/jquery-form.js
ERR: 无法加载控制器:Public

[ 2016-12-12T13:46:11+08:00 ] ::1 /excavator/Public/Admin/jquery.min.js
ERR: 无法加载控制器:Public

[ 2016-12-12T13:46:11+08:00 ] ::1 /excavator/Public/Admin/jquery-form.js
ERR: 无法加载控制器:Public

[ 2016-12-12T13:46:37+08:00 ] ::1 /excavator/Public/Admin/jquery-form.js
ERR: 无法加载控制器:Public

[ 2016-12-12T13:46:37+08:00 ] ::1 /excavator/Public/Admin/jquery.min.js
ERR: 无法加载控制器:Public

[ 2016-12-12T13:46:37+08:00 ] ::1 /excavator/Public/Admin/jquery-form.js
ERR: 无法加载控制器:Public

[ 2016-12-12T13:46:51+08:00 ] ::1 /excavator/Public/Admin/jquery.min.js
ERR: 无法加载控制器:Public

[ 2016-12-12T13:46:51+08:00 ] ::1 /excavator/Public/Admin/jquery-form.js
ERR: 无法加载控制器:Public

[ 2016-12-12T13:46:53+08:00 ] ::1 /excavator/Public/Admin/jquery.min.js
ERR: 无法加载控制器:Public

[ 2016-12-12T13:46:53+08:00 ] ::1 /excavator/Public/Admin/jquery-form.js
ERR: 无法加载控制器:Public

[ 2016-12-12T13:46:56+08:00 ] ::1 /excavator/Public/Admin/jquery-form.js
ERR: 无法加载控制器:Public

[ 2016-12-12T13:46:56+08:00 ] ::1 /excavator/Public/Admin/jquery.min.js
ERR: 无法加载控制器:Public

[ 2016-12-12T13:46:56+08:00 ] ::1 /excavator/Public/Admin/jquery-form.js
ERR: 无法加载控制器:Public

[ 2016-12-12T13:49:55+08:00 ] ::1 /excavator/Public/Admin/jquery-form.js
ERR: 无法加载控制器:Public

[ 2016-12-12T13:49:56+08:00 ] ::1 /excavator/Public/Admin/jquery.min.js
ERR: 无法加载控制器:Public

[ 2016-12-12T13:49:56+08:00 ] ::1 /excavator/Public/Admin/jquery-form.js
ERR: 无法加载控制器:Public

[ 2016-12-12T13:50:01+08:00 ] ::1 /excavator/Public/Admin/jquery.min.js
ERR: 无法加载控制器:Public

[ 2016-12-12T13:50:01+08:00 ] ::1 /excavator/Public/Admin/jquery-form.js
ERR: 无法加载控制器:Public

[ 2016-12-12T13:50:07+08:00 ] ::1 /excavator/Public/Admin/jquery.min.js
ERR: 无法加载控制器:Public

[ 2016-12-12T13:50:07+08:00 ] ::1 /excavator/Public/Admin/jquery-form.js
ERR: 无法加载控制器:Public

[ 2016-12-12T13:57:08+08:00 ] ::1 /excavator/Public/Admin/jquery-form.js
ERR: 无法加载控制器:Public

[ 2016-12-12T13:57:08+08:00 ] ::1 /excavator/Public/Admin/jquery.min.js
ERR: 无法加载控制器:Public

[ 2016-12-12T13:57:08+08:00 ] ::1 /excavator/Public/Admin/jquery-form.js
ERR: 无法加载控制器:Public

[ 2016-12-12T13:57:12+08:00 ] ::1 /excavator/Public/Admin/jquery.min.js
ERR: 无法加载控制器:Public

[ 2016-12-12T13:57:12+08:00 ] ::1 /excavator/Public/Admin/jquery-form.js
ERR: 无法加载控制器:Public

[ 2016-12-12T13:57:25+08:00 ] ::1 /excavator/Public/Admin/jquery-form.js
ERR: 无法加载控制器:Public

[ 2016-12-12T13:57:25+08:00 ] ::1 /excavator/Public/Admin/jquery.min.js
ERR: 无法加载控制器:Public

[ 2016-12-12T13:57:25+08:00 ] ::1 /excavator/Public/Admin/jquery-form.js
ERR: 无法加载控制器:Public

[ 2016-12-12T13:57:35+08:00 ] ::1 /excavator/Public/Admin/jquery.min.js
ERR: 无法加载控制器:Public

[ 2016-12-12T13:57:35+08:00 ] ::1 /excavator/Public/Admin/jquery-form.js
ERR: 无法加载控制器:Public

[ 2016-12-12T13:59:58+08:00 ] ::1 /excavator/Public/Admin/jquery-form.js
ERR: 无法加载控制器:Public

[ 2016-12-12T13:59:58+08:00 ] ::1 /excavator/Public/Admin/jquery.min.js
ERR: 无法加载控制器:Public

[ 2016-12-12T13:59:58+08:00 ] ::1 /excavator/Public/Admin/jquery-form.js
ERR: 无法加载控制器:Public

[ 2016-12-12T14:00:00+08:00 ] ::1 /excavator/Public/Admin/jquery.min.js
ERR: 无法加载控制器:Public

[ 2016-12-12T14:00:00+08:00 ] ::1 /excavator/Public/Admin/jquery-form.js
ERR: 无法加载控制器:Public

[ 2016-12-12T14:00:15+08:00 ] ::1 /excavator/Public/Admin/jquery.min.js
ERR: 无法加载控制器:Public

[ 2016-12-12T14:00:15+08:00 ] ::1 /excavator/Public/Admin/jquery-form.js
ERR: 无法加载控制器:Public

[ 2016-12-12T14:00:17+08:00 ] ::1 /excavator/Public/Admin/jquery-form.js
ERR: 无法加载控制器:Public

[ 2016-12-12T14:00:17+08:00 ] ::1 /excavator/Public/Admin/jquery.min.js
ERR: 无法加载控制器:Public

[ 2016-12-12T14:00:17+08:00 ] ::1 /excavator/Public/Admin/jquery-form.js
ERR: 无法加载控制器:Public

[ 2016-12-12T14:00:19+08:00 ] ::1 /excavator/Public/Admin/jquery.min.js
ERR: 无法加载控制器:Public

[ 2016-12-12T14:00:19+08:00 ] ::1 /excavator/Public/Admin/jquery-form.js
ERR: 无法加载控制器:Public

[ 2016-12-12T14:00:19+08:00 ] ::1 /excavator/Public/Admin/jquery-form.js
ERR: 无法加载控制器:Public

[ 2016-12-12T14:00:22+08:00 ] ::1 /excavator/Public/Admin/jquery-form.js
ERR: 无法加载控制器:Public

[ 2016-12-12T14:00:22+08:00 ] ::1 /excavator/Public/Admin/jquery.min.js
ERR: 无法加载控制器:Public

[ 2016-12-12T14:00:22+08:00 ] ::1 /excavator/Public/Admin/jquery-form.js
ERR: 无法加载控制器:Public

[ 2016-12-12T14:08:19+08:00 ] ::1 /excavator/Public/Admin/jquery.min.js
ERR: 无法加载控制器:Public

[ 2016-12-12T14:08:19+08:00 ] ::1 /excavator/Public/Admin/jquery-form.js
ERR: 无法加载控制器:Public

[ 2016-12-12T14:11:04+08:00 ] ::1 /excavator/Public/Admin/jquery.min.js
ERR: 无法加载控制器:Public

[ 2016-12-12T14:11:04+08:00 ] ::1 /excavator/Public/Admin/jquery-form.js
ERR: 无法加载控制器:Public

[ 2016-12-12T14:11:07+08:00 ] ::1 /excavator/Public/Admin/jquery.min.js
ERR: 无法加载控制器:Public

[ 2016-12-12T14:11:07+08:00 ] ::1 /excavator/Public/Admin/jquery-form.js
ERR: 无法加载控制器:Public

[ 2016-12-12T14:11:10+08:00 ] ::1 /excavator/Public/Admin/jquery-form.js
ERR: 无法加载控制器:Public

[ 2016-12-12T14:11:10+08:00 ] ::1 /excavator/Public/Admin/jquery.min.js
ERR: 无法加载控制器:Public

[ 2016-12-12T14:11:10+08:00 ] ::1 /excavator/Public/Admin/jquery-form.js
ERR: 无法加载控制器:Public

[ 2016-12-12T14:12:32+08:00 ] ::1 /excavator/Public/Admin/jquery.min.js
ERR: 无法加载控制器:Public

[ 2016-12-12T14:12:32+08:00 ] ::1 /excavator/Public/Admin/jquery-form.js
ERR: 无法加载控制器:Public

[ 2016-12-12T14:12:35+08:00 ] ::1 /excavator/Public/Admin/jquery.min.js
ERR: 无法加载控制器:Public

[ 2016-12-12T14:12:35+08:00 ] ::1 /excavator/Public/Admin/jquery-form.js
ERR: 无法加载控制器:Public

[ 2016-12-12T14:12:43+08:00 ] ::1 /excavator/Public/Admin/jquery.min.js
ERR: 无法加载控制器:Public

[ 2016-12-12T14:12:43+08:00 ] ::1 /excavator/Public/Admin/jquery-form.js
ERR: 无法加载控制器:Public

[ 2016-12-12T14:21:49+08:00 ] ::1 /excavator/Public/Admin/jquery.min.js
ERR: 无法加载控制器:Public

[ 2016-12-12T14:21:49+08:00 ] ::1 /excavator/Public/Admin/jquery-form.js
ERR: 无法加载控制器:Public

[ 2016-12-12T14:21:53+08:00 ] ::1 /excavator/Public/Admin/jquery.min.js
ERR: 无法加载控制器:Public

[ 2016-12-12T14:21:53+08:00 ] ::1 /excavator/Public/Admin/jquery-form.js
ERR: 无法加载控制器:Public

[ 2016-12-12T14:22:04+08:00 ] ::1 /excavator/Public/Admin/jquery.min.js
ERR: 无法加载控制器:Public

[ 2016-12-12T14:22:07+08:00 ] ::1 /excavator/Public/Admin/jquery.min.js
ERR: 无法加载控制器:Public

[ 2016-12-12T14:23:01+08:00 ] ::1 /excavator/Public/Admin/login/index.js
ERR: 无法加载控制器:Public

[ 2016-12-12T14:23:01+08:00 ] ::1 /excavator/Public/Admin/jquery.min.js
ERR: 无法加载控制器:Public

[ 2016-12-12T14:23:01+08:00 ] ::1 /excavator/Public/Admin/login/index.js
ERR: 无法加载控制器:Public

[ 2016-12-12T14:23:04+08:00 ] ::1 /excavator/Public/Admin/jquery.min.js
ERR: 无法加载控制器:Public

[ 2016-12-12T14:23:04+08:00 ] ::1 /excavator/Public/Admin/login/index.js
ERR: 无法加载控制器:Public

[ 2016-12-12T14:23:05+08:00 ] ::1 /excavator/Public/Admin/jquery.min.js
ERR: 无法加载控制器:Public

[ 2016-12-12T14:23:05+08:00 ] ::1 /excavator/Public/Admin/login/index.js
ERR: 无法加载控制器:Public

[ 2016-12-12T14:23:05+08:00 ] ::1 /excavator/Public/Admin/login/index.js
ERR: 无法加载控制器:Public

[ 2016-12-12T14:23:06+08:00 ] ::1 /excavator/Public/Admin/jquery.min.js
ERR: 无法加载控制器:Public

[ 2016-12-12T14:23:06+08:00 ] ::1 /excavator/Public/Admin/login/index.js
ERR: 无法加载控制器:Public

[ 2016-12-12T14:28:41+08:00 ] ::1 /excavator/Public/Admin/jquery-form.js
ERR: 无法加载控制器:Public

[ 2016-12-12T14:28:41+08:00 ] ::1 /excavator/Public/Admin/jquery-form.js
ERR: 无法加载控制器:Public

[ 2016-12-12T14:28:44+08:00 ] ::1 /excavator/Public/Admin/jquery-form.js
ERR: 无法加载控制器:Public

[ 2016-12-12T14:29:01+08:00 ] ::1 /excavator/Public/Admin/jquery-form.js
ERR: 无法加载控制器:Public

[ 2016-12-12T14:29:01+08:00 ] ::1 /excavator/Public/Admin/jquery-form.js
ERR: 无法加载控制器:Public

[ 2016-12-12T14:29:12+08:00 ] ::1 /excavator/Public/Admin/js/jquery-form.js
ERR: 无法加载控制器:Public

[ 2016-12-12T14:29:12+08:00 ] ::1 /excavator/Public/Admin/js/jquery-form.js
ERR: 无法加载控制器:Public

[ 2016-12-12T14:29:22+08:00 ] ::1 /excavator/Public/Admin/js/jquery-form.js
ERR: 无法加载控制器:Public

[ 2016-12-12T14:29:25+08:00 ] ::1 /excavator/Public/Admin/js/jquery-form.js
ERR: 无法加载控制器:Public

[ 2016-12-12T15:03:16+08:00 ] ::1 /excavator/undefined
ERR: 无法加载控制器:Undefined

[ 2016-12-12T15:51:01+08:00 ] ::1 /excavator/css/app.v2.css
ERR: 无法加载控制器:Css

[ 2016-12-12T15:51:01+08:00 ] ::1 /excavator/css/landing.css
ERR: 无法加载控制器:Css

[ 2016-12-12T15:51:01+08:00 ] ::1 /excavator/js/app.v2.js
ERR: 无法加载控制器:Js

[ 2016-12-12T15:51:01+08:00 ] ::1 /excavator/js/landing.js
ERR: 无法加载控制器:Js

[ 2016-12-12T15:51:01+08:00 ] ::1 /excavator/js/appear/jquery.appear.js
ERR: 无法加载控制器:Js

[ 2016-12-12T15:51:01+08:00 ] ::1 /excavator/js/scroll/smoothscroll.js
ERR: 无法加载控制器:Js

[ 2016-12-12T15:51:01+08:00 ] ::1 /excavator/js/landing.js
ERR: 无法加载控制器:Js

[ 2016-12-12T16:16:56+08:00 ] ::1 /excavator/Public/Admin/fonts/glyphicons-halflings-regular.woff
ERR: 无法加载控制器:Public

[ 2016-12-12T16:16:56+08:00 ] ::1 /excavator/Public/Admin/fonts/glyphicons-halflings-regular.ttf
ERR: 无法加载控制器:Public

[ 2016-12-12T16:19:42+08:00 ] ::1 /excavator/Public/Admin/fonts/glyphicons-halflings-regular.woff
ERR: 无法加载控制器:Public

[ 2016-12-12T16:19:42+08:00 ] ::1 /excavator/Public/Admin/fonts/glyphicons-halflings-regular.ttf
ERR: 无法加载控制器:Public

[ 2016-12-12T16:20:57+08:00 ] ::1 /excavator/Public/Admin/fonts/glyphicons-halflings-regular.woff
ERR: 无法加载控制器:Public

[ 2016-12-12T16:20:57+08:00 ] ::1 /excavator/Public/Admin/fonts/glyphicons-halflings-regular.ttf
ERR: 无法加载控制器:Public

[ 2016-12-12T16:29:54+08:00 ] ::1 /excavator/Public/Admin/fonts/glyphicons-halflings-regular.woff
ERR: 无法加载控制器:Public

[ 2016-12-12T16:29:54+08:00 ] ::1 /excavator/Public/Admin/fonts/glyphicons-halflings-regular.ttf
ERR: 无法加载控制器:Public

[ 2016-12-12T16:30:30+08:00 ] ::1 /excavator/Public/Admin/fonts/glyphicons-halflings-regular.woff
ERR: 无法加载控制器:Public

[ 2016-12-12T16:30:30+08:00 ] ::1 /excavator/Public/Admin/fonts/glyphicons-halflings-regular.ttf
ERR: 无法加载控制器:Public

[ 2016-12-12T16:31:41+08:00 ] ::1 /excavator/Public/Admin/fonts/glyphicons-halflings-regular.woff
ERR: 无法加载控制器:Public

[ 2016-12-12T16:31:41+08:00 ] ::1 /excavator/Public/Admin/fonts/glyphicons-halflings-regular.ttf
ERR: 无法加载控制器:Public

[ 2016-12-12T16:32:59+08:00 ] ::1 /excavator/Public/Admin/fonts/glyphicons-halflings-regular.woff
ERR: 无法加载控制器:Public

[ 2016-12-12T16:32:59+08:00 ] ::1 /excavator/Public/Admin/fonts/glyphicons-halflings-regular.ttf
ERR: 无法加载控制器:Public

[ 2016-12-12T16:33:23+08:00 ] ::1 /excavator/Public/Admin/fonts/glyphicons-halflings-regular.woff
ERR: 无法加载控制器:Public

[ 2016-12-12T16:33:23+08:00 ] ::1 /excavator/Public/Admin/fonts/glyphicons-halflings-regular.ttf
ERR: 无法加载控制器:Public

[ 2016-12-12T17:26:54+08:00 ] ::1 /excavator/Public/Admin/fonts/glyphicons-halflings-regular.woff
ERR: 无法加载控制器:Public

[ 2016-12-12T17:26:54+08:00 ] ::1 /excavator/Public/Admin/fonts/glyphicons-halflings-regular.ttf
ERR: 无法加载控制器:Public

