[ 2016-12-24T09:16:46+08:00 ] ::1 /excavator/Home/Login/index
INFO: [ app_begin ] --START--
INFO: Run Behavior\ReadHtmlCacheBehavior [ RunTime:0.001000s ]
INFO: [ app_begin ] --END-- [ RunTime:0.002000s ]
SQL: SHOW COLUMNS FROM `gms_user` [ RunTime:0.0000s ]
NOTIC: [8] Undefined index: validate D:\wamp\www\excavator\ThinkPHP\Library\Think\Model.class.php 第 1185 行.
NOTIC: [8] Undefined index: auto D:\wamp\www\excavator\ThinkPHP\Library\Think\Model.class.php 第 1128 行.
SQL: SELECT `id`,`phone`,`pass`,`thumb`,`level` FROM `gms_user` WHERE `phone` = '17770899727' LIMIT 1   [ RunTime:0.0000s ]
NOTIC: [8] Undefined index: HTTP_VIA D:\wamp\www\excavator\Application\Common\Common\function.php 第 8 行.
NOTIC: [8] Undefined index: HTTP_CLIENT_IP D:\wamp\www\excavator\Application\Common\Common\function.php 第 8 行.
NOTIC: [2] Missing argument 4 for Think\Controller::apiReturn(), called in D:\wamp\www\excavator\Application\Home\Controller\LoginController.class.php on line 16 and defined D:\wamp\www\excavator\ThinkPHP\Library\Think\Controller.class.php 第 244 行.
NOTIC: [8] Undefined variable: type D:\wamp\www\excavator\ThinkPHP\Library\Think\Controller.class.php 第 258 行.

[ 2016-12-24T13:38:56+08:00 ] ::1 /excavator/Home/Login/index
INFO: [ app_begin ] --START--
INFO: Run Behavior\ReadHtmlCacheBehavior [ RunTime:0.000000s ]
INFO: [ app_begin ] --END-- [ RunTime:0.000000s ]
SQL: SHOW COLUMNS FROM `gms_user` [ RunTime:0.0100s ]
NOTIC: [8] Undefined index: validate D:\wamp\www\excavator\ThinkPHP\Library\Think\Model.class.php 第 1185 行.
NOTIC: [8] Undefined index: auto D:\wamp\www\excavator\ThinkPHP\Library\Think\Model.class.php 第 1128 行.
SQL: SELECT `id`,`phone`,`pass`,`thumb`,`level` FROM `gms_user` WHERE `phone` = '17770899727' LIMIT 1   [ RunTime:0.0100s ]
NOTIC: [2] Missing argument 4 for Think\Controller::apiReturn(), called in D:\wamp\www\excavator\Application\Home\Controller\LoginController.class.php on line 16 and defined D:\wamp\www\excavator\ThinkPHP\Library\Think\Controller.class.php 第 244 行.
NOTIC: [8] Undefined variable: type D:\wamp\www\excavator\ThinkPHP\Library\Think\Controller.class.php 第 258 行.

