[ 2016-12-12T10:18:29+08:00 ] ::1 /excavator/index.php?s=/Admin/Login/check
ERR: 非法操作:check

[ 2016-12-12T10:21:30+08:00 ] ::1 /excavator/index.php?s=/Admin/Login/verify?id=0.3079112981960075
ERR: 非法操作:verify?id=0.3079112981960075

[ 2016-12-12T10:21:49+08:00 ] ::1 /excavator/index.php?s=/Admin/Login/verify?id=0.294103946724138
ERR: 非法操作:verify?id=0.294103946724138

[ 2016-12-12T10:22:16+08:00 ] ::1 /excavator/index.php?s=/Admin/Login/verify?id=0.3299703161486778
ERR: 非法操作:verify?id=0.3299703161486778

[ 2016-12-12T10:22:17+08:00 ] ::1 /excavator/index.php?s=/Admin/Login/verify?id=0.45792823839126906
ERR: 非法操作:verify?id=0.45792823839126906

[ 2016-12-12T10:22:18+08:00 ] ::1 /excavator/index.php?s=/Admin/Login/verify?id=0.7817478437790035
ERR: 非法操作:verify?id=0.7817478437790035

[ 2016-12-12T10:22:21+08:00 ] ::1 /excavator/index.php?s=/Admin/Login/verify?id=0.6631652502334868
ERR: 非法操作:verify?id=0.6631652502334868

[ 2016-12-12T10:22:23+08:00 ] ::1 /excavator/index.php?s=/Admin/Login/verify?id=0.8038109485836569
ERR: 非法操作:verify?id=0.8038109485836569

[ 2016-12-12T10:22:24+08:00 ] ::1 /excavator/index.php?s=/Admin/Login/verify?id=0.8518106063166111
ERR: 非法操作:verify?id=0.8518106063166111

[ 2016-12-12T10:22:25+08:00 ] ::1 /excavator/index.php?s=/Admin/Login/verify?id=0.6744928486065636
ERR: 非法操作:verify?id=0.6744928486065636

[ 2016-12-12T10:22:26+08:00 ] ::1 /excavator/index.php?s=/Admin/Login/verify?id=0.28160303384623653
ERR: 非法操作:verify?id=0.28160303384623653

[ 2016-12-12T10:23:10+08:00 ] ::1 /excavator/index.php?s=/Admin/Login/verify?id=0.500906091571252
ERR: 非法操作:verify?id=0.500906091571252

[ 2016-12-12T10:23:15+08:00 ] ::1 /excavator/index.php?s=/Admin/Login/verify?id=0.881146732414464
ERR: 非法操作:verify?id=0.881146732414464

[ 2016-12-12T10:23:17+08:00 ] ::1 /excavator/index.php?s=/Admin/Login/verify?id=0.1834087621678644
ERR: 非法操作:verify?id=0.1834087621678644

[ 2016-12-12T10:23:54+08:00 ] ::1 /excavator/index.php?s=/Admin/Login/verify?id=0.5985930197765126
ERR: 非法操作:verify?id=0.5985930197765126

[ 2016-12-12T10:23:55+08:00 ] ::1 /excavator/index.php?s=/Admin/Login/verify?id=0.8263042753252283
ERR: 非法操作:verify?id=0.8263042753252283

[ 2016-12-12T10:23:56+08:00 ] ::1 /excavator/index.php?s=/Admin/Login/verify?id=0.6884235958544889
ERR: 非法操作:verify?id=0.6884235958544889

[ 2016-12-12T10:23:57+08:00 ] ::1 /excavator/index.php?s=/Admin/Login/verify?id=0.21536700477337112
ERR: 非法操作:verify?id=0.21536700477337112

[ 2016-12-12T10:24:14+08:00 ] ::1 /excavator/index.php?s=/Admin/Login/verify?id=0.06252704973589607
ERR: 非法操作:verify?id=0.06252704973589607

[ 2016-12-12T10:24:25+08:00 ] ::1 /excavator/index.php?s=/Admin/Login/verify?id=0.09744272565784673
ERR: 非法操作:verify?id=0.09744272565784673

[ 2016-12-12T10:25:02+08:00 ] ::1 /excavator/index.php?s=/Admin/Login/verify?id=0.6999285575425029
ERR: 非法操作:verify?id=0.6999285575425029

[ 2016-12-12T10:25:14+08:00 ] ::1 /excavator/index.php?s=/Admin/Login/verify?id=0.24532834625470712
ERR: 非法操作:verify?id=0.24532834625470712

[ 2016-12-12T10:25:15+08:00 ] ::1 /excavator/index.php?s=/Admin/Login/verify?id=0.45829619199374694
ERR: 非法操作:verify?id=0.45829619199374694

[ 2016-12-12T10:25:16+08:00 ] ::1 /excavator/index.php?s=/Admin/Login/verify?id=0.5183081288463987
ERR: 非法操作:verify?id=0.5183081288463987

[ 2016-12-12T10:25:39+08:00 ] ::1 /excavator/index.php?s=/Admin/Login/verify?id=0.7425617207581685
ERR: 非法操作:verify?id=0.7425617207581685

[ 2016-12-12T10:25:41+08:00 ] ::1 /excavator/index.php?s=/Admin/Login/verify?id=0.08639605230347636
ERR: 非法操作:verify?id=0.08639605230347636

[ 2016-12-12T10:25:42+08:00 ] ::1 /excavator/index.php?s=/Admin/Login/verify?id=0.6210832050157
ERR: 非法操作:verify?id=0.6210832050157

[ 2016-12-12T10:25:43+08:00 ] ::1 /excavator/index.php?s=/Admin/Login/verify?id=0.8561565514915843
ERR: 非法操作:verify?id=0.8561565514915843

[ 2016-12-12T10:25:44+08:00 ] ::1 /excavator/index.php?s=/Admin/Login/verify?id=0.35595013241422535
ERR: 非法操作:verify?id=0.35595013241422535

[ 2016-12-12T10:25:45+08:00 ] ::1 /excavator/index.php?s=/Admin/Login/verify?id=0.6493703471683876
ERR: 非法操作:verify?id=0.6493703471683876

[ 2016-12-12T10:25:46+08:00 ] ::1 /excavator/index.php?s=/Admin/Login/verify?id=0.7934145319439783
ERR: 非法操作:verify?id=0.7934145319439783

[ 2016-12-12T10:25:46+08:00 ] ::1 /excavator/index.php?s=/Admin/Login/verify?id=0.85265353450016
ERR: 非法操作:verify?id=0.85265353450016

[ 2016-12-12T10:25:47+08:00 ] ::1 /excavator/index.php?s=/Admin/Login/verify?id=0.09616705386700608
ERR: 非法操作:verify?id=0.09616705386700608

[ 2016-12-12T10:25:48+08:00 ] ::1 /excavator/index.php?s=/Admin/Login/verify?id=0.7306042317160033
ERR: 非法操作:verify?id=0.7306042317160033

[ 2016-12-12T10:30:59+08:00 ] ::1 /excavator/index.php?s=/Admin/Login/verify?id=0.34291569965995494
ERR: 非法操作:verify?id=0.34291569965995494

[ 2016-12-12T10:31:01+08:00 ] ::1 /excavator/index.php?s=/Admin/Login/verify?id=0.13905147751241542
ERR: 非法操作:verify?id=0.13905147751241542

[ 2016-12-12T10:31:02+08:00 ] ::1 /excavator/index.php?s=/Admin/Login/verify?id=0.4510490387137358
ERR: 非法操作:verify?id=0.4510490387137358

[ 2016-12-12T10:31:03+08:00 ] ::1 /excavator/index.php?s=/Admin/Login/verify?id=0.6953130191251322
ERR: 非法操作:verify?id=0.6953130191251322

[ 2016-12-12T10:31:13+08:00 ] ::1 /excavator/index.php?s=/Admin/Login/verify?id=0.3290353527360881
ERR: 非法操作:verify?id=0.3290353527360881

[ 2016-12-12T10:31:13+08:00 ] ::1 /excavator/index.php?s=/Admin/Login/verify?id=0.9339483673063895
ERR: 非法操作:verify?id=0.9339483673063895

[ 2016-12-12T10:31:14+08:00 ] ::1 /excavator/index.php?s=/Admin/Login/verify?id=0.799953661603201
ERR: 非法操作:verify?id=0.799953661603201

[ 2016-12-12T10:31:14+08:00 ] ::1 /excavator/index.php?s=/Admin/Login/verify?id=0.5252472935873371
ERR: 非法操作:verify?id=0.5252472935873371

[ 2016-12-12T10:31:43+08:00 ] ::1 /excavator/index.php?s=/Admin/Login/verify?id=0.07387696863672866
ERR: 非法操作:verify?id=0.07387696863672866

[ 2016-12-12T10:31:46+08:00 ] ::1 /excavator/index.php?s=/Admin/Login/verify?id=0.9007977120164097
ERR: 非法操作:verify?id=0.9007977120164097

[ 2016-12-12T10:31:47+08:00 ] ::1 /excavator/index.php?s=/Admin/Login/verify?id=0.6790279234085075
ERR: 非法操作:verify?id=0.6790279234085075

[ 2016-12-12T10:31:47+08:00 ] ::1 /excavator/index.php?s=/Admin/Login/verify?id=0.3172154196953292
ERR: 非法操作:verify?id=0.3172154196953292

[ 2016-12-12T10:31:48+08:00 ] ::1 /excavator/index.php?s=/Admin/Login/verify?id=0.46874026379838885
ERR: 非法操作:verify?id=0.46874026379838885

[ 2016-12-12T10:31:49+08:00 ] ::1 /excavator/index.php?s=/Admin/Login/verify?id=0.4531748948433647
ERR: 非法操作:verify?id=0.4531748948433647

[ 2016-12-12T10:31:50+08:00 ] ::1 /excavator/index.php?s=/Admin/Login/verify?id=0.3872788691170952
ERR: 非法操作:verify?id=0.3872788691170952

[ 2016-12-12T10:31:51+08:00 ] ::1 /excavator/index.php?s=/Admin/Login/verify?id=0.01354541798951292
ERR: 非法操作:verify?id=0.01354541798951292

[ 2016-12-12T10:31:52+08:00 ] ::1 /excavator/index.php?s=/Admin/Login/verify?id=0.6181151859390888
ERR: 非法操作:verify?id=0.6181151859390888

[ 2016-12-12T10:31:59+08:00 ] ::1 /excavator/index.php?s=/Admin/Login/verify?id=6181151859390888
ERR: 非法操作:verify?id=6181151859390888

[ 2016-12-12T10:32:44+08:00 ] ::1 /excavator/index.php?s=/Admin/Login/verify?id=
ERR: 非法操作:verify?id=

[ 2016-12-12T10:32:45+08:00 ] ::1 /excavator/index.php?s=/Admin/Login/verify?id=
ERR: 非法操作:verify?id=

[ 2016-12-12T10:33:34+08:00 ] ::1 /excavator/index.php?s=/Admin/Login/verify?id=0.092571074546546
ERR: 非法操作:verify?id=0.092571074546546

[ 2016-12-12T14:51:34+08:00 ] ::1 /excavator/Admin/Login/index
INFO: [ app_begin ] --START--
INFO: Run Behavior\ReadHtmlCacheBehavior [ RunTime:0.001000s ]
INFO: [ app_begin ] --END-- [ RunTime:0.001000s ]
SQL: SHOW COLUMNS FROM `gms_manage` [ RunTime:0.0020s ]
NOTIC: [2] Missing argument 3 for Think\Controller::apiReturn(), called in D:\wamp\www\excavator\Application\Admin\Controller\LoginController.class.php on line 25 and defined D:\wamp\www\excavator\ThinkPHP\Library\Think\Controller.class.php 第 244 行.
NOTIC: [2] Missing argument 4 for Think\Controller::apiReturn(), called in D:\wamp\www\excavator\Application\Admin\Controller\LoginController.class.php on line 25 and defined D:\wamp\www\excavator\ThinkPHP\Library\Think\Controller.class.php 第 244 行.
NOTIC: [8] Undefined variable: data D:\wamp\www\excavator\ThinkPHP\Library\Think\Controller.class.php 第 256 行.
NOTIC: [8] Undefined variable: type D:\wamp\www\excavator\ThinkPHP\Library\Think\Controller.class.php 第 258 行.

[ 2016-12-12T14:52:11+08:00 ] ::1 /excavator/Admin/Login/index
INFO: [ app_begin ] --START--
INFO: Run Behavior\ReadHtmlCacheBehavior [ RunTime:0.000000s ]
INFO: [ app_begin ] --END-- [ RunTime:0.001001s ]
SQL: SHOW COLUMNS FROM `gms_manage` [ RunTime:0.0030s ]
NOTIC: [2] Missing argument 3 for Think\Controller::apiReturn(), called in D:\wamp\www\excavator\Application\Admin\Controller\LoginController.class.php on line 25 and defined D:\wamp\www\excavator\ThinkPHP\Library\Think\Controller.class.php 第 244 行.
NOTIC: [2] Missing argument 4 for Think\Controller::apiReturn(), called in D:\wamp\www\excavator\Application\Admin\Controller\LoginController.class.php on line 25 and defined D:\wamp\www\excavator\ThinkPHP\Library\Think\Controller.class.php 第 244 行.
NOTIC: [8] Undefined variable: data D:\wamp\www\excavator\ThinkPHP\Library\Think\Controller.class.php 第 256 行.
NOTIC: [8] Undefined variable: type D:\wamp\www\excavator\ThinkPHP\Library\Think\Controller.class.php 第 258 行.

[ 2016-12-12T14:52:22+08:00 ] ::1 /excavator/Admin/Login/index
INFO: [ app_begin ] --START--
INFO: Run Behavior\ReadHtmlCacheBehavior [ RunTime:0.001000s ]
INFO: [ app_begin ] --END-- [ RunTime:0.001000s ]
SQL: SHOW COLUMNS FROM `gms_manage` [ RunTime:0.0060s ]
NOTIC: [2] Missing argument 3 for Think\Controller::apiReturn(), called in D:\wamp\www\excavator\Application\Admin\Controller\LoginController.class.php on line 25 and defined D:\wamp\www\excavator\ThinkPHP\Library\Think\Controller.class.php 第 244 行.
NOTIC: [2] Missing argument 4 for Think\Controller::apiReturn(), called in D:\wamp\www\excavator\Application\Admin\Controller\LoginController.class.php on line 25 and defined D:\wamp\www\excavator\ThinkPHP\Library\Think\Controller.class.php 第 244 行.
NOTIC: [8] Undefined variable: data D:\wamp\www\excavator\ThinkPHP\Library\Think\Controller.class.php 第 256 行.
NOTIC: [8] Undefined variable: type D:\wamp\www\excavator\ThinkPHP\Library\Think\Controller.class.php 第 258 行.

[ 2016-12-12T14:52:31+08:00 ] ::1 /excavator/Admin/Login/index
INFO: [ app_begin ] --START--
INFO: Run Behavior\ReadHtmlCacheBehavior [ RunTime:0.000000s ]
INFO: [ app_begin ] --END-- [ RunTime:0.001000s ]
SQL: SHOW COLUMNS FROM `gms_manage` [ RunTime:0.0030s ]
SQL: SELECT `id`,`username`,`userpass` FROM `gms_manage` WHERE `username` = 'admin' LIMIT 1   [ RunTime:0.0000s ]
NOTIC: [2] Missing argument 3 for Think\Controller::apiReturn(), called in D:\wamp\www\excavator\Application\Admin\Controller\LoginController.class.php on line 34 and defined D:\wamp\www\excavator\ThinkPHP\Library\Think\Controller.class.php 第 244 行.
NOTIC: [2] Missing argument 4 for Think\Controller::apiReturn(), called in D:\wamp\www\excavator\Application\Admin\Controller\LoginController.class.php on line 34 and defined D:\wamp\www\excavator\ThinkPHP\Library\Think\Controller.class.php 第 244 行.
NOTIC: [8] Undefined variable: data D:\wamp\www\excavator\ThinkPHP\Library\Think\Controller.class.php 第 256 行.
NOTIC: [8] Undefined variable: type D:\wamp\www\excavator\ThinkPHP\Library\Think\Controller.class.php 第 258 行.

[ 2016-12-12T14:52:35+08:00 ] ::1 /excavator/Admin/Login/index
INFO: [ app_begin ] --START--
INFO: Run Behavior\ReadHtmlCacheBehavior [ RunTime:0.001000s ]
INFO: [ app_begin ] --END-- [ RunTime:0.001000s ]
SQL: SHOW COLUMNS FROM `gms_manage` [ RunTime:0.0030s ]
NOTIC: [2] Missing argument 3 for Think\Controller::apiReturn(), called in D:\wamp\www\excavator\Application\Admin\Controller\LoginController.class.php on line 25 and defined D:\wamp\www\excavator\ThinkPHP\Library\Think\Controller.class.php 第 244 行.
NOTIC: [2] Missing argument 4 for Think\Controller::apiReturn(), called in D:\wamp\www\excavator\Application\Admin\Controller\LoginController.class.php on line 25 and defined D:\wamp\www\excavator\ThinkPHP\Library\Think\Controller.class.php 第 244 行.
NOTIC: [8] Undefined variable: data D:\wamp\www\excavator\ThinkPHP\Library\Think\Controller.class.php 第 256 行.
NOTIC: [8] Undefined variable: type D:\wamp\www\excavator\ThinkPHP\Library\Think\Controller.class.php 第 258 行.

[ 2016-12-12T14:52:38+08:00 ] ::1 /excavator/Admin/Login/index
INFO: [ app_begin ] --START--
INFO: Run Behavior\ReadHtmlCacheBehavior [ RunTime:0.001000s ]
INFO: [ app_begin ] --END-- [ RunTime:0.002000s ]
SQL: SHOW COLUMNS FROM `gms_manage` [ RunTime:0.0030s ]
NOTIC: [2] Missing argument 3 for Think\Controller::apiReturn(), called in D:\wamp\www\excavator\Application\Admin\Controller\LoginController.class.php on line 25 and defined D:\wamp\www\excavator\ThinkPHP\Library\Think\Controller.class.php 第 244 行.
NOTIC: [2] Missing argument 4 for Think\Controller::apiReturn(), called in D:\wamp\www\excavator\Application\Admin\Controller\LoginController.class.php on line 25 and defined D:\wamp\www\excavator\ThinkPHP\Library\Think\Controller.class.php 第 244 行.
NOTIC: [8] Undefined variable: data D:\wamp\www\excavator\ThinkPHP\Library\Think\Controller.class.php 第 256 行.
NOTIC: [8] Undefined variable: type D:\wamp\www\excavator\ThinkPHP\Library\Think\Controller.class.php 第 258 行.

[ 2016-12-12T14:52:52+08:00 ] ::1 /excavator/Admin/Login/index
INFO: [ app_begin ] --START--
INFO: Run Behavior\ReadHtmlCacheBehavior [ RunTime:0.000000s ]
INFO: [ app_begin ] --END-- [ RunTime:0.001000s ]
SQL: SHOW COLUMNS FROM `gms_manage` [ RunTime:0.0030s ]
SQL: SELECT `id`,`username`,`userpass` FROM `gms_manage` WHERE `username` = 'admin' LIMIT 1   [ RunTime:0.0010s ]
NOTIC: [2] Missing argument 3 for Think\Controller::apiReturn(), called in D:\wamp\www\excavator\Application\Admin\Controller\LoginController.class.php on line 34 and defined D:\wamp\www\excavator\ThinkPHP\Library\Think\Controller.class.php 第 244 行.
NOTIC: [2] Missing argument 4 for Think\Controller::apiReturn(), called in D:\wamp\www\excavator\Application\Admin\Controller\LoginController.class.php on line 34 and defined D:\wamp\www\excavator\ThinkPHP\Library\Think\Controller.class.php 第 244 行.
NOTIC: [8] Undefined variable: data D:\wamp\www\excavator\ThinkPHP\Library\Think\Controller.class.php 第 256 行.
NOTIC: [8] Undefined variable: type D:\wamp\www\excavator\ThinkPHP\Library\Think\Controller.class.php 第 258 行.

[ 2016-12-12T14:54:23+08:00 ] ::1 /excavator/Admin/Login/index
INFO: [ app_begin ] --START--
INFO: Run Behavior\ReadHtmlCacheBehavior [ RunTime:0.001000s ]
INFO: [ app_begin ] --END-- [ RunTime:0.002000s ]
SQL: SHOW COLUMNS FROM `gms_manage` [ RunTime:0.0000s ]
NOTIC: [2] Missing argument 3 for Think\Controller::apiReturn(), called in D:\wamp\www\excavator\Application\Admin\Controller\LoginController.class.php on line 25 and defined D:\wamp\www\excavator\ThinkPHP\Library\Think\Controller.class.php 第 244 行.
NOTIC: [2] Missing argument 4 for Think\Controller::apiReturn(), called in D:\wamp\www\excavator\Application\Admin\Controller\LoginController.class.php on line 25 and defined D:\wamp\www\excavator\ThinkPHP\Library\Think\Controller.class.php 第 244 行.
NOTIC: [8] Undefined variable: data D:\wamp\www\excavator\ThinkPHP\Library\Think\Controller.class.php 第 256 行.
NOTIC: [8] Undefined variable: type D:\wamp\www\excavator\ThinkPHP\Library\Think\Controller.class.php 第 258 行.

[ 2016-12-12T14:54:31+08:00 ] ::1 /excavator/Admin/Login/index
INFO: [ app_begin ] --START--
INFO: Run Behavior\ReadHtmlCacheBehavior [ RunTime:0.001000s ]
INFO: [ app_begin ] --END-- [ RunTime:0.001000s ]
SQL: SHOW COLUMNS FROM `gms_manage` [ RunTime:0.0060s ]
SQL: SELECT `id`,`username`,`userpass` FROM `gms_manage` WHERE `username` = '' LIMIT 1   [ RunTime:0.0010s ]
INFO: [ app_end ] --START--
INFO: Run Behavior\ShowPageTraceBehavior [ RunTime:0.001000s ]
INFO: [ app_end ] --END-- [ RunTime:0.001000s ]

[ 2016-12-12T14:54:38+08:00 ] ::1 /excavator/Admin/Login/index
INFO: [ app_begin ] --START--
INFO: Run Behavior\ReadHtmlCacheBehavior [ RunTime:0.001000s ]
INFO: [ app_begin ] --END-- [ RunTime:0.002000s ]
SQL: SHOW COLUMNS FROM `gms_manage` [ RunTime:0.0040s ]
SQL: SELECT `id`,`username`,`userpass` FROM `gms_manage` WHERE `username` = '' LIMIT 1   [ RunTime:0.0010s ]
INFO: [ app_end ] --START--
INFO: Run Behavior\ShowPageTraceBehavior [ RunTime:0.001000s ]
INFO: [ app_end ] --END-- [ RunTime:0.001000s ]

[ 2016-12-12T14:57:02+08:00 ] ::1 /excavator/Admin/Login/index
INFO: [ app_begin ] --START--
INFO: Run Behavior\ReadHtmlCacheBehavior [ RunTime:0.001000s ]
INFO: [ app_begin ] --END-- [ RunTime:0.001000s ]
SQL: SHOW COLUMNS FROM `gms_manage` [ RunTime:0.0030s ]
NOTIC: [2] Missing argument 3 for Think\Controller::apiReturn(), called in D:\wamp\www\excavator\Application\Admin\Controller\LoginController.class.php on line 25 and defined D:\wamp\www\excavator\ThinkPHP\Library\Think\Controller.class.php 第 244 行.
NOTIC: [2] Missing argument 4 for Think\Controller::apiReturn(), called in D:\wamp\www\excavator\Application\Admin\Controller\LoginController.class.php on line 25 and defined D:\wamp\www\excavator\ThinkPHP\Library\Think\Controller.class.php 第 244 行.
NOTIC: [8] Undefined variable: data D:\wamp\www\excavator\ThinkPHP\Library\Think\Controller.class.php 第 256 行.
NOTIC: [8] Undefined variable: type D:\wamp\www\excavator\ThinkPHP\Library\Think\Controller.class.php 第 258 行.

[ 2016-12-12T14:57:10+08:00 ] ::1 /excavator/Admin/Login/index
INFO: [ app_begin ] --START--
INFO: Run Behavior\ReadHtmlCacheBehavior [ RunTime:0.001000s ]
INFO: [ app_begin ] --END-- [ RunTime:0.002000s ]
SQL: SHOW COLUMNS FROM `gms_manage` [ RunTime:0.0030s ]
NOTIC: [2] Missing argument 3 for Think\Controller::apiReturn(), called in D:\wamp\www\excavator\Application\Admin\Controller\LoginController.class.php on line 28 and defined D:\wamp\www\excavator\ThinkPHP\Library\Think\Controller.class.php 第 244 行.
NOTIC: [2] Missing argument 4 for Think\Controller::apiReturn(), called in D:\wamp\www\excavator\Application\Admin\Controller\LoginController.class.php on line 28 and defined D:\wamp\www\excavator\ThinkPHP\Library\Think\Controller.class.php 第 244 行.
NOTIC: [8] Undefined variable: data D:\wamp\www\excavator\ThinkPHP\Library\Think\Controller.class.php 第 256 行.
NOTIC: [8] Undefined variable: type D:\wamp\www\excavator\ThinkPHP\Library\Think\Controller.class.php 第 258 行.

[ 2016-12-12T14:57:14+08:00 ] ::1 /excavator/Admin/Login/index
INFO: [ app_begin ] --START--
INFO: Run Behavior\ReadHtmlCacheBehavior [ RunTime:0.000000s ]
INFO: [ app_begin ] --END-- [ RunTime:0.001000s ]
SQL: SHOW COLUMNS FROM `gms_manage` [ RunTime:0.0030s ]
NOTIC: [2] Missing argument 3 for Think\Controller::apiReturn(), called in D:\wamp\www\excavator\Application\Admin\Controller\LoginController.class.php on line 25 and defined D:\wamp\www\excavator\ThinkPHP\Library\Think\Controller.class.php 第 244 行.
NOTIC: [2] Missing argument 4 for Think\Controller::apiReturn(), called in D:\wamp\www\excavator\Application\Admin\Controller\LoginController.class.php on line 25 and defined D:\wamp\www\excavator\ThinkPHP\Library\Think\Controller.class.php 第 244 行.
NOTIC: [8] Undefined variable: data D:\wamp\www\excavator\ThinkPHP\Library\Think\Controller.class.php 第 256 行.
NOTIC: [8] Undefined variable: type D:\wamp\www\excavator\ThinkPHP\Library\Think\Controller.class.php 第 258 行.

[ 2016-12-12T14:57:31+08:00 ] ::1 /excavator/Admin/Login/index
INFO: [ app_begin ] --START--
INFO: Run Behavior\ReadHtmlCacheBehavior [ RunTime:0.001000s ]
INFO: [ app_begin ] --END-- [ RunTime:0.001000s ]
SQL: SHOW COLUMNS FROM `gms_manage` [ RunTime:0.0030s ]
SQL: SELECT `id`,`username`,`userpass` FROM `gms_manage` WHERE `username` = 'adfadf' LIMIT 1   [ RunTime:0.0000s ]
INFO: [ app_end ] --START--
INFO: Run Behavior\ShowPageTraceBehavior [ RunTime:0.001000s ]
INFO: [ app_end ] --END-- [ RunTime:0.001000s ]

[ 2016-12-12T14:57:38+08:00 ] ::1 /excavator/Admin/Login/index
INFO: [ app_begin ] --START--
INFO: Run Behavior\ReadHtmlCacheBehavior [ RunTime:0.001000s ]
INFO: [ app_begin ] --END-- [ RunTime:0.001000s ]
SQL: SHOW COLUMNS FROM `gms_manage` [ RunTime:0.0030s ]
NOTIC: [2] Missing argument 3 for Think\Controller::apiReturn(), called in D:\wamp\www\excavator\Application\Admin\Controller\LoginController.class.php on line 25 and defined D:\wamp\www\excavator\ThinkPHP\Library\Think\Controller.class.php 第 244 行.
NOTIC: [2] Missing argument 4 for Think\Controller::apiReturn(), called in D:\wamp\www\excavator\Application\Admin\Controller\LoginController.class.php on line 25 and defined D:\wamp\www\excavator\ThinkPHP\Library\Think\Controller.class.php 第 244 行.
NOTIC: [8] Undefined variable: data D:\wamp\www\excavator\ThinkPHP\Library\Think\Controller.class.php 第 256 行.
NOTIC: [8] Undefined variable: type D:\wamp\www\excavator\ThinkPHP\Library\Think\Controller.class.php 第 258 行.

[ 2016-12-12T14:58:08+08:00 ] ::1 /excavator/Admin/Login/index
INFO: [ app_begin ] --START--
INFO: Run Behavior\ReadHtmlCacheBehavior [ RunTime:0.001000s ]
INFO: [ app_begin ] --END-- [ RunTime:0.002000s ]
SQL: SHOW COLUMNS FROM `gms_manage` [ RunTime:0.0156s ]
NOTIC: [2] Missing argument 3 for Think\Controller::apiReturn(), called in D:\wamp\www\excavator\Application\Admin\Controller\LoginController.class.php on line 25 and defined D:\wamp\www\excavator\ThinkPHP\Library\Think\Controller.class.php 第 244 行.
NOTIC: [2] Missing argument 4 for Think\Controller::apiReturn(), called in D:\wamp\www\excavator\Application\Admin\Controller\LoginController.class.php on line 25 and defined D:\wamp\www\excavator\ThinkPHP\Library\Think\Controller.class.php 第 244 行.
NOTIC: [8] Undefined variable: data D:\wamp\www\excavator\ThinkPHP\Library\Think\Controller.class.php 第 256 行.
NOTIC: [8] Undefined variable: type D:\wamp\www\excavator\ThinkPHP\Library\Think\Controller.class.php 第 258 行.

[ 2016-12-12T14:58:15+08:00 ] ::1 /excavator/Admin/Login/index
INFO: [ app_begin ] --START--
INFO: Run Behavior\ReadHtmlCacheBehavior [ RunTime:0.001000s ]
INFO: [ app_begin ] --END-- [ RunTime:0.001000s ]
SQL: SHOW COLUMNS FROM `gms_manage` [ RunTime:0.0030s ]
NOTIC: [2] Missing argument 3 for Think\Controller::apiReturn(), called in D:\wamp\www\excavator\Application\Admin\Controller\LoginController.class.php on line 25 and defined D:\wamp\www\excavator\ThinkPHP\Library\Think\Controller.class.php 第 244 行.
NOTIC: [2] Missing argument 4 for Think\Controller::apiReturn(), called in D:\wamp\www\excavator\Application\Admin\Controller\LoginController.class.php on line 25 and defined D:\wamp\www\excavator\ThinkPHP\Library\Think\Controller.class.php 第 244 行.
NOTIC: [8] Undefined variable: data D:\wamp\www\excavator\ThinkPHP\Library\Think\Controller.class.php 第 256 行.
NOTIC: [8] Undefined variable: type D:\wamp\www\excavator\ThinkPHP\Library\Think\Controller.class.php 第 258 行.

[ 2016-12-12T14:58:24+08:00 ] ::1 /excavator/Admin/Login/index
INFO: [ app_begin ] --START--
INFO: Run Behavior\ReadHtmlCacheBehavior [ RunTime:0.001000s ]
INFO: [ app_begin ] --END-- [ RunTime:0.001000s ]
SQL: SHOW COLUMNS FROM `gms_manage` [ RunTime:0.0030s ]
SQL: SELECT `id`,`username`,`userpass` FROM `gms_manage` WHERE `username` = 'adfadf' LIMIT 1   [ RunTime:0.0000s ]
INFO: [ app_end ] --START--
INFO: Run Behavior\ShowPageTraceBehavior [ RunTime:0.001000s ]
INFO: [ app_end ] --END-- [ RunTime:0.001000s ]

[ 2016-12-12T14:59:59+08:00 ] ::1 /excavator/Admin/Login/index
INFO: [ app_begin ] --START--
INFO: Run Behavior\ReadHtmlCacheBehavior [ RunTime:0.001000s ]
INFO: [ app_begin ] --END-- [ RunTime:0.001000s ]
SQL: SHOW COLUMNS FROM `gms_manage` [ RunTime:0.0040s ]
NOTIC: [2] Missing argument 3 for Think\Controller::apiReturn(), called in D:\wamp\www\excavator\Application\Admin\Controller\LoginController.class.php on line 28 and defined D:\wamp\www\excavator\ThinkPHP\Library\Think\Controller.class.php 第 244 行.
NOTIC: [2] Missing argument 4 for Think\Controller::apiReturn(), called in D:\wamp\www\excavator\Application\Admin\Controller\LoginController.class.php on line 28 and defined D:\wamp\www\excavator\ThinkPHP\Library\Think\Controller.class.php 第 244 行.
NOTIC: [8] Undefined variable: data D:\wamp\www\excavator\ThinkPHP\Library\Think\Controller.class.php 第 256 行.
NOTIC: [8] Undefined variable: type D:\wamp\www\excavator\ThinkPHP\Library\Think\Controller.class.php 第 258 行.

[ 2016-12-12T15:00:10+08:00 ] ::1 /excavator/Admin/Login/index
INFO: [ app_begin ] --START--
INFO: Run Behavior\ReadHtmlCacheBehavior [ RunTime:0.001000s ]
INFO: [ app_begin ] --END-- [ RunTime:0.001000s ]
SQL: SHOW COLUMNS FROM `gms_manage` [ RunTime:0.0030s ]
SQL: SELECT `id`,`username`,`userpass` FROM `gms_manage` WHERE `username` = 'adfadf' LIMIT 1   [ RunTime:0.0010s ]
NOTIC: [2] Missing argument 3 for Think\Controller::apiReturn(), called in D:\wamp\www\excavator\Application\Admin\Controller\LoginController.class.php on line 40 and defined D:\wamp\www\excavator\ThinkPHP\Library\Think\Controller.class.php 第 244 行.
NOTIC: [2] Missing argument 4 for Think\Controller::apiReturn(), called in D:\wamp\www\excavator\Application\Admin\Controller\LoginController.class.php on line 40 and defined D:\wamp\www\excavator\ThinkPHP\Library\Think\Controller.class.php 第 244 行.
NOTIC: [8] Undefined variable: data D:\wamp\www\excavator\ThinkPHP\Library\Think\Controller.class.php 第 256 行.
NOTIC: [8] Undefined variable: type D:\wamp\www\excavator\ThinkPHP\Library\Think\Controller.class.php 第 258 行.

[ 2016-12-12T15:00:22+08:00 ] ::1 /excavator/Admin/Login/index
INFO: [ app_begin ] --START--
INFO: Run Behavior\ReadHtmlCacheBehavior [ RunTime:0.000000s ]
INFO: [ app_begin ] --END-- [ RunTime:0.002000s ]
SQL: SHOW COLUMNS FROM `gms_manage` [ RunTime:0.0030s ]
SQL: SELECT `id`,`username`,`userpass` FROM `gms_manage` WHERE `username` = 'admin' LIMIT 1   [ RunTime:0.0000s ]
NOTIC: [2] Missing argument 3 for Think\Controller::apiReturn(), called in D:\wamp\www\excavator\Application\Admin\Controller\LoginController.class.php on line 37 and defined D:\wamp\www\excavator\ThinkPHP\Library\Think\Controller.class.php 第 244 行.
NOTIC: [2] Missing argument 4 for Think\Controller::apiReturn(), called in D:\wamp\www\excavator\Application\Admin\Controller\LoginController.class.php on line 37 and defined D:\wamp\www\excavator\ThinkPHP\Library\Think\Controller.class.php 第 244 行.
NOTIC: [8] Undefined variable: data D:\wamp\www\excavator\ThinkPHP\Library\Think\Controller.class.php 第 256 行.
NOTIC: [8] Undefined variable: type D:\wamp\www\excavator\ThinkPHP\Library\Think\Controller.class.php 第 258 行.

[ 2016-12-12T15:02:09+08:00 ] ::1 /excavator/index.php?s=/Admin/Login
INFO: [ app_begin ] --START--
INFO: Run Behavior\ReadHtmlCacheBehavior [ RunTime:0.001000s ]
INFO: [ app_begin ] --END-- [ RunTime:0.001000s ]
SQL: SHOW COLUMNS FROM `gms_manage` [ RunTime:0.0030s ]
NOTIC: [2] Missing argument 3 for Think\Controller::apiReturn(), called in D:\wamp\www\excavator\Application\Admin\Controller\LoginController.class.php on line 25 and defined D:\wamp\www\excavator\ThinkPHP\Library\Think\Controller.class.php 第 244 行.
NOTIC: [2] Missing argument 4 for Think\Controller::apiReturn(), called in D:\wamp\www\excavator\Application\Admin\Controller\LoginController.class.php on line 25 and defined D:\wamp\www\excavator\ThinkPHP\Library\Think\Controller.class.php 第 244 行.
NOTIC: [8] Undefined variable: data D:\wamp\www\excavator\ThinkPHP\Library\Think\Controller.class.php 第 256 行.
NOTIC: [8] Undefined variable: type D:\wamp\www\excavator\ThinkPHP\Library\Think\Controller.class.php 第 258 行.

[ 2016-12-12T15:02:30+08:00 ] ::1 /excavator/index.php?s=/Admin/Login
INFO: [ app_begin ] --START--
INFO: Run Behavior\ReadHtmlCacheBehavior [ RunTime:0.000000s ]
INFO: [ app_begin ] --END-- [ RunTime:0.001000s ]
SQL: SHOW COLUMNS FROM `gms_manage` [ RunTime:0.0030s ]
NOTIC: [2] Missing argument 3 for Think\Controller::apiReturn(), called in D:\wamp\www\excavator\Application\Admin\Controller\LoginController.class.php on line 28 and defined D:\wamp\www\excavator\ThinkPHP\Library\Think\Controller.class.php 第 244 行.
NOTIC: [2] Missing argument 4 for Think\Controller::apiReturn(), called in D:\wamp\www\excavator\Application\Admin\Controller\LoginController.class.php on line 28 and defined D:\wamp\www\excavator\ThinkPHP\Library\Think\Controller.class.php 第 244 行.
NOTIC: [8] Undefined variable: data D:\wamp\www\excavator\ThinkPHP\Library\Think\Controller.class.php 第 256 行.
NOTIC: [8] Undefined variable: type D:\wamp\www\excavator\ThinkPHP\Library\Think\Controller.class.php 第 258 行.

[ 2016-12-12T15:02:34+08:00 ] ::1 /excavator/index.php?s=/Admin/Login
INFO: [ app_begin ] --START--
INFO: Run Behavior\ReadHtmlCacheBehavior [ RunTime:0.001000s ]
INFO: [ app_begin ] --END-- [ RunTime:0.002000s ]
SQL: SHOW COLUMNS FROM `gms_manage` [ RunTime:0.0050s ]
NOTIC: [2] Missing argument 3 for Think\Controller::apiReturn(), called in D:\wamp\www\excavator\Application\Admin\Controller\LoginController.class.php on line 25 and defined D:\wamp\www\excavator\ThinkPHP\Library\Think\Controller.class.php 第 244 行.
NOTIC: [2] Missing argument 4 for Think\Controller::apiReturn(), called in D:\wamp\www\excavator\Application\Admin\Controller\LoginController.class.php on line 25 and defined D:\wamp\www\excavator\ThinkPHP\Library\Think\Controller.class.php 第 244 行.
NOTIC: [8] Undefined variable: data D:\wamp\www\excavator\ThinkPHP\Library\Think\Controller.class.php 第 256 行.
NOTIC: [8] Undefined variable: type D:\wamp\www\excavator\ThinkPHP\Library\Think\Controller.class.php 第 258 行.

[ 2016-12-12T15:02:43+08:00 ] ::1 /excavator/index.php?s=/Admin/Login
INFO: [ app_begin ] --START--
INFO: Run Behavior\ReadHtmlCacheBehavior [ RunTime:0.001000s ]
INFO: [ app_begin ] --END-- [ RunTime:0.001000s ]
SQL: SHOW COLUMNS FROM `gms_manage` [ RunTime:0.0030s ]
NOTIC: [2] Missing argument 3 for Think\Controller::apiReturn(), called in D:\wamp\www\excavator\Application\Admin\Controller\LoginController.class.php on line 25 and defined D:\wamp\www\excavator\ThinkPHP\Library\Think\Controller.class.php 第 244 行.
NOTIC: [2] Missing argument 4 for Think\Controller::apiReturn(), called in D:\wamp\www\excavator\Application\Admin\Controller\LoginController.class.php on line 25 and defined D:\wamp\www\excavator\ThinkPHP\Library\Think\Controller.class.php 第 244 行.
NOTIC: [8] Undefined variable: data D:\wamp\www\excavator\ThinkPHP\Library\Think\Controller.class.php 第 256 行.
NOTIC: [8] Undefined variable: type D:\wamp\www\excavator\ThinkPHP\Library\Think\Controller.class.php 第 258 行.

[ 2016-12-12T15:02:55+08:00 ] ::1 /excavator/index.php?s=/Admin/Login
INFO: [ app_begin ] --START--
INFO: Run Behavior\ReadHtmlCacheBehavior [ RunTime:0.001000s ]
INFO: [ app_begin ] --END-- [ RunTime:0.001000s ]
SQL: SHOW COLUMNS FROM `gms_manage` [ RunTime:0.0030s ]
SQL: SELECT `id`,`username`,`userpass` FROM `gms_manage` WHERE `username` = 'admin' LIMIT 1   [ RunTime:0.0010s ]
NOTIC: [2] Missing argument 3 for Think\Controller::apiReturn(), called in D:\wamp\www\excavator\Application\Admin\Controller\LoginController.class.php on line 37 and defined D:\wamp\www\excavator\ThinkPHP\Library\Think\Controller.class.php 第 244 行.
NOTIC: [2] Missing argument 4 for Think\Controller::apiReturn(), called in D:\wamp\www\excavator\Application\Admin\Controller\LoginController.class.php on line 37 and defined D:\wamp\www\excavator\ThinkPHP\Library\Think\Controller.class.php 第 244 行.
NOTIC: [8] Undefined variable: data D:\wamp\www\excavator\ThinkPHP\Library\Think\Controller.class.php 第 256 行.
NOTIC: [8] Undefined variable: type D:\wamp\www\excavator\ThinkPHP\Library\Think\Controller.class.php 第 258 行.

[ 2016-12-12T15:03:15+08:00 ] ::1 /excavator/index.php?s=/Admin/Login
INFO: [ app_begin ] --START--
INFO: Run Behavior\ReadHtmlCacheBehavior [ RunTime:0.001000s ]
INFO: [ app_begin ] --END-- [ RunTime:0.001000s ]
SQL: SHOW COLUMNS FROM `gms_manage` [ RunTime:0.0030s ]
SQL: SELECT `id`,`username`,`userpass` FROM `gms_manage` WHERE `username` = 'admin' LIMIT 1   [ RunTime:0.0000s ]
NOTIC: [2] Missing argument 4 for Think\Controller::apiReturn(), called in D:\wamp\www\excavator\Application\Admin\Controller\LoginController.class.php on line 35 and defined D:\wamp\www\excavator\ThinkPHP\Library\Think\Controller.class.php 第 244 行.
NOTIC: [8] Undefined variable: type D:\wamp\www\excavator\ThinkPHP\Library\Think\Controller.class.php 第 258 行.

[ 2016-12-12T15:04:37+08:00 ] ::1 /excavator/index.php?s=/Admin/Login
INFO: [ app_begin ] --START--
INFO: Run Behavior\ReadHtmlCacheBehavior [ RunTime:0.001000s ]
INFO: [ app_begin ] --END-- [ RunTime:0.002000s ]
SQL: SHOW COLUMNS FROM `gms_manage` [ RunTime:0.0030s ]
SQL: SELECT `id`,`username`,`userpass` FROM `gms_manage` WHERE `username` = 'admin' LIMIT 1   [ RunTime:0.0010s ]
NOTIC: [2] Missing argument 4 for Think\Controller::apiReturn(), called in D:\wamp\www\excavator\Application\Admin\Controller\LoginController.class.php on line 35 and defined D:\wamp\www\excavator\ThinkPHP\Library\Think\Controller.class.php 第 244 行.
NOTIC: [8] Undefined variable: type D:\wamp\www\excavator\ThinkPHP\Library\Think\Controller.class.php 第 258 行.

[ 2016-12-12T15:05:04+08:00 ] ::1 /excavator/index.php?s=/Admin/Login
INFO: [ app_begin ] --START--
INFO: Run Behavior\ReadHtmlCacheBehavior [ RunTime:0.001000s ]
INFO: [ app_begin ] --END-- [ RunTime:0.001000s ]
SQL: SHOW COLUMNS FROM `gms_manage` [ RunTime:0.0090s ]
SQL: SELECT `id`,`username`,`userpass` FROM `gms_manage` WHERE `username` = 'admin' LIMIT 1   [ RunTime:0.0000s ]
NOTIC: [2] Missing argument 4 for Think\Controller::apiReturn(), called in D:\wamp\www\excavator\Application\Admin\Controller\LoginController.class.php on line 35 and defined D:\wamp\www\excavator\ThinkPHP\Library\Think\Controller.class.php 第 244 行.
NOTIC: [8] Undefined variable: type D:\wamp\www\excavator\ThinkPHP\Library\Think\Controller.class.php 第 258 行.

[ 2016-12-12T16:16:56+08:00 ] ::1 /excavator/index.php?s=/Admin/Index/logout
INFO: [ app_begin ] --START--
INFO: Run Behavior\ReadHtmlCacheBehavior [ RunTime:0.000000s ]
INFO: [ app_begin ] --END-- [ RunTime:0.001000s ]

[ 2016-12-12T16:16:56+08:00 ] ::1 /excavator/index.php?s=/Admin/Login/index.html
INFO: [ app_begin ] --START--
INFO: Run Behavior\ReadHtmlCacheBehavior [ RunTime:0.001000s ]
INFO: [ app_begin ] --END-- [ RunTime:0.001000s ]
SQL: SHOW COLUMNS FROM `gms_manage` [ RunTime:0.0030s ]
INFO: [ view_parse ] --START--
INFO: [ template_filter ] --START--
INFO: Run Behavior\ContentReplaceBehavior [ RunTime:0.000000s ]
INFO: [ template_filter ] --END-- [ RunTime:0.000000s ]
INFO: Run Behavior\ParseTemplateBehavior [ RunTime:0.009000s ]
INFO: [ view_parse ] --END-- [ RunTime:0.009000s ]
INFO: [ view_filter ] --START--
INFO: Run Behavior\WriteHtmlCacheBehavior [ RunTime:0.000000s ]
INFO: [ view_filter ] --END-- [ RunTime:0.001000s ]
INFO: [ app_end ] --START--
INFO: Run Behavior\ShowPageTraceBehavior [ RunTime:0.001000s ]
INFO: [ app_end ] --END-- [ RunTime:0.001000s ]

[ 2016-12-12T16:17:10+08:00 ] ::1 /excavator/index.php?s=/Admin/Index/index.html
INFO: [ app_begin ] --START--
INFO: Run Behavior\ReadHtmlCacheBehavior [ RunTime:0.000000s ]
INFO: [ app_begin ] --END-- [ RunTime:0.001000s ]
ERR: Think\Controller:redirec方法不存在！

[ 2016-12-12T16:17:13+08:00 ] ::1 /excavator/index.php?s=/Admin/Index/index.html
INFO: [ app_begin ] --START--
INFO: Run Behavior\ReadHtmlCacheBehavior [ RunTime:0.001000s ]
INFO: [ app_begin ] --END-- [ RunTime:0.002000s ]
ERR: Think\Controller:redirec方法不存在！

[ 2016-12-12T16:17:17+08:00 ] ::1 /excavator/index.php?s=/Admin/Index/index.html
INFO: [ app_begin ] --START--
INFO: Run Behavior\ReadHtmlCacheBehavior [ RunTime:0.001000s ]
INFO: [ app_begin ] --END-- [ RunTime:0.001000s ]
ERR: Think\Controller:redirec方法不存在！

[ 2016-12-12T16:17:37+08:00 ] ::1 /excavator/index.php?s=/Admin
ERR: Think\Controller:redirec方法不存在！

[ 2016-12-12T16:18:00+08:00 ] ::1 /excavator/index.php?s=/Admin/Login/index.html
INFO: [ app_begin ] --START--
INFO: Run Behavior\ReadHtmlCacheBehavior [ RunTime:0.000000s ]
INFO: [ app_begin ] --END-- [ RunTime:0.001000s ]
SQL: SHOW COLUMNS FROM `gms_manage` [ RunTime:0.0040s ]
SQL: SELECT `id`,`username`,`userpass` FROM `gms_manage` WHERE `username` = 'admin' LIMIT 1   [ RunTime:0.0000s ]
NOTIC: [2] Missing argument 4 for Think\Controller::apiReturn(), called in D:\wamp\www\excavator\Application\Admin\Controller\LoginController.class.php on line 37 and defined D:\wamp\www\excavator\ThinkPHP\Library\Think\Controller.class.php 第 244 行.
NOTIC: [8] Undefined variable: type D:\wamp\www\excavator\ThinkPHP\Library\Think\Controller.class.php 第 258 行.

[ 2016-12-12T16:18:04+08:00 ] ::1 /excavator/index.php?s=/Admin/Index/logout
INFO: [ app_begin ] --START--
INFO: Run Behavior\ReadHtmlCacheBehavior [ RunTime:0.001000s ]
INFO: [ app_begin ] --END-- [ RunTime:0.002000s ]

[ 2016-12-12T16:18:04+08:00 ] ::1 /excavator/index.php?s=/Admin/Login/index.html
INFO: [ app_begin ] --START--
INFO: Run Behavior\ReadHtmlCacheBehavior [ RunTime:0.000000s ]
INFO: [ app_begin ] --END-- [ RunTime:0.000000s ]
SQL: SHOW COLUMNS FROM `gms_manage` [ RunTime:0.0000s ]
INFO: [ view_parse ] --START--
INFO: [ template_filter ] --START--
INFO: Run Behavior\ContentReplaceBehavior [ RunTime:0.000000s ]
INFO: [ template_filter ] --END-- [ RunTime:0.000000s ]
INFO: Run Behavior\ParseTemplateBehavior [ RunTime:0.000000s ]
INFO: [ view_parse ] --END-- [ RunTime:0.000000s ]
INFO: [ view_filter ] --START--
INFO: Run Behavior\WriteHtmlCacheBehavior [ RunTime:0.000000s ]
INFO: [ view_filter ] --END-- [ RunTime:0.000000s ]
INFO: [ app_end ] --START--
INFO: Run Behavior\ShowPageTraceBehavior [ RunTime:0.000000s ]
INFO: [ app_end ] --END-- [ RunTime:0.000000s ]

[ 2016-12-12T16:18:48+08:00 ] ::1 /excavator/index.php?s=/Admin/Login/index.html
INFO: [ app_begin ] --START--
INFO: Run Behavior\ReadHtmlCacheBehavior [ RunTime:0.000000s ]
INFO: [ app_begin ] --END-- [ RunTime:0.000000s ]
SQL: SHOW COLUMNS FROM `gms_manage` [ RunTime:0.0000s ]
SQL: SELECT `id`,`username`,`userpass` FROM `gms_manage` WHERE `username` = 'admin' LIMIT 1   [ RunTime:0.0000s ]
NOTIC: [2] Missing argument 4 for Think\Controller::apiReturn(), called in D:\wamp\www\excavator\Application\Admin\Controller\LoginController.class.php on line 37 and defined D:\wamp\www\excavator\ThinkPHP\Library\Think\Controller.class.php 第 244 行.
NOTIC: [8] Undefined variable: type D:\wamp\www\excavator\ThinkPHP\Library\Think\Controller.class.php 第 258 行.

[ 2016-12-12T16:19:01+08:00 ] ::1 /excavator/index.php?s=/Admin/Index/logout
INFO: [ app_begin ] --START--
INFO: Run Behavior\ReadHtmlCacheBehavior [ RunTime:0.001000s ]
INFO: [ app_begin ] --END-- [ RunTime:0.001000s ]

[ 2016-12-12T16:19:01+08:00 ] ::1 /excavator/index.php?s=/Admin/Login/index.html
INFO: [ app_begin ] --START--
INFO: Run Behavior\ReadHtmlCacheBehavior [ RunTime:0.001000s ]
INFO: [ app_begin ] --END-- [ RunTime:0.001000s ]
SQL: SHOW COLUMNS FROM `gms_manage` [ RunTime:0.0030s ]
INFO: [ view_parse ] --START--
INFO: [ template_filter ] --START--
INFO: Run Behavior\ContentReplaceBehavior [ RunTime:0.000000s ]
INFO: [ template_filter ] --END-- [ RunTime:0.001000s ]
INFO: Run Behavior\ParseTemplateBehavior [ RunTime:0.011000s ]
INFO: [ view_parse ] --END-- [ RunTime:0.011000s ]
INFO: [ view_filter ] --START--
INFO: Run Behavior\WriteHtmlCacheBehavior [ RunTime:0.001000s ]
INFO: [ view_filter ] --END-- [ RunTime:0.001000s ]
INFO: [ app_end ] --START--
INFO: Run Behavior\ShowPageTraceBehavior [ RunTime:0.001000s ]
INFO: [ app_end ] --END-- [ RunTime:0.001000s ]

[ 2016-12-12T16:19:36+08:00 ] ::1 /excavator/index.php?s=/Admin/Login/index.html
INFO: [ app_begin ] --START--
INFO: Run Behavior\ReadHtmlCacheBehavior [ RunTime:0.000000s ]
INFO: [ app_begin ] --END-- [ RunTime:0.000000s ]
SQL: SHOW COLUMNS FROM `gms_manage` [ RunTime:0.0000s ]
SQL: SELECT `id`,`username`,`userpass` FROM `gms_manage` WHERE `username` = 'admin' LIMIT 1   [ RunTime:0.0000s ]
NOTIC: [2] Missing argument 4 for Think\Controller::apiReturn(), called in D:\wamp\www\excavator\Application\Admin\Controller\LoginController.class.php on line 37 and defined D:\wamp\www\excavator\ThinkPHP\Library\Think\Controller.class.php 第 244 行.
NOTIC: [8] Undefined variable: type D:\wamp\www\excavator\ThinkPHP\Library\Think\Controller.class.php 第 258 行.

[ 2016-12-12T16:19:42+08:00 ] ::1 /excavator/index.php?s=/Admin/Index/logout
INFO: [ app_begin ] --START--
INFO: Run Behavior\ReadHtmlCacheBehavior [ RunTime:0.001000s ]
INFO: [ app_begin ] --END-- [ RunTime:0.002000s ]

[ 2016-12-12T16:19:42+08:00 ] ::1 /excavator/index.php?s=/Admin/Login/index.html
INFO: [ app_begin ] --START--
INFO: Run Behavior\ReadHtmlCacheBehavior [ RunTime:0.000000s ]
INFO: [ app_begin ] --END-- [ RunTime:0.000000s ]
SQL: SHOW COLUMNS FROM `gms_manage` [ RunTime:0.0000s ]
INFO: [ view_parse ] --START--
INFO: [ template_filter ] --START--
INFO: Run Behavior\ContentReplaceBehavior [ RunTime:0.000000s ]
INFO: [ template_filter ] --END-- [ RunTime:0.000000s ]
INFO: Run Behavior\ParseTemplateBehavior [ RunTime:0.000000s ]
INFO: [ view_parse ] --END-- [ RunTime:0.000000s ]
INFO: [ view_filter ] --START--
INFO: Run Behavior\WriteHtmlCacheBehavior [ RunTime:0.000000s ]
INFO: [ view_filter ] --END-- [ RunTime:0.000000s ]
INFO: [ app_end ] --START--
INFO: Run Behavior\ShowPageTraceBehavior [ RunTime:0.000000s ]
INFO: [ app_end ] --END-- [ RunTime:0.000000s ]

[ 2016-12-12T16:19:45+08:00 ] ::1 /excavator/Admin/Index/index
INFO: [ app_begin ] --START--
INFO: Run Behavior\ReadHtmlCacheBehavior [ RunTime:0.000000s ]
INFO: [ app_begin ] --END-- [ RunTime:0.001000s ]

[ 2016-12-12T16:19:45+08:00 ] ::1 /excavator/index.php?s=/Admin/Login/index.html
INFO: [ app_begin ] --START--
INFO: Run Behavior\ReadHtmlCacheBehavior [ RunTime:0.001000s ]
INFO: [ app_begin ] --END-- [ RunTime:0.002000s ]
SQL: SHOW COLUMNS FROM `gms_manage` [ RunTime:0.0030s ]
INFO: [ view_parse ] --START--
INFO: [ template_filter ] --START--
INFO: Run Behavior\ContentReplaceBehavior [ RunTime:0.000000s ]
INFO: [ template_filter ] --END-- [ RunTime:0.000000s ]
INFO: Run Behavior\ParseTemplateBehavior [ RunTime:0.005000s ]
INFO: [ view_parse ] --END-- [ RunTime:0.005000s ]
INFO: [ view_filter ] --START--
INFO: Run Behavior\WriteHtmlCacheBehavior [ RunTime:0.000000s ]
INFO: [ view_filter ] --END-- [ RunTime:0.000000s ]
INFO: [ app_end ] --START--
INFO: Run Behavior\ShowPageTraceBehavior [ RunTime:0.000000s ]
INFO: [ app_end ] --END-- [ RunTime:0.000000s ]

[ 2016-12-12T16:19:46+08:00 ] ::1 /excavator/Admin/Index/index
INFO: [ app_begin ] --START--
INFO: Run Behavior\ReadHtmlCacheBehavior [ RunTime:0.001000s ]
INFO: [ app_begin ] --END-- [ RunTime:0.002000s ]

[ 2016-12-12T16:19:46+08:00 ] ::1 /excavator/index.php?s=/Admin/Login/index.html
INFO: [ app_begin ] --START--
INFO: Run Behavior\ReadHtmlCacheBehavior [ RunTime:0.001000s ]
INFO: [ app_begin ] --END-- [ RunTime:0.001000s ]
SQL: SHOW COLUMNS FROM `gms_manage` [ RunTime:0.0030s ]
INFO: [ view_parse ] --START--
INFO: [ template_filter ] --START--
INFO: Run Behavior\ContentReplaceBehavior [ RunTime:0.001000s ]
INFO: [ template_filter ] --END-- [ RunTime:0.001000s ]
INFO: Run Behavior\ParseTemplateBehavior [ RunTime:0.007000s ]
INFO: [ view_parse ] --END-- [ RunTime:0.007000s ]
INFO: [ view_filter ] --START--
INFO: Run Behavior\WriteHtmlCacheBehavior [ RunTime:0.001000s ]
INFO: [ view_filter ] --END-- [ RunTime:0.001000s ]
INFO: [ app_end ] --START--
INFO: Run Behavior\ShowPageTraceBehavior [ RunTime:0.001000s ]
INFO: [ app_end ] --END-- [ RunTime:0.001000s ]

[ 2016-12-12T16:19:48+08:00 ] ::1 /excavator/Admin/Index/index
INFO: [ app_begin ] --START--
INFO: Run Behavior\ReadHtmlCacheBehavior [ RunTime:0.000000s ]
INFO: [ app_begin ] --END-- [ RunTime:0.001000s ]

[ 2016-12-12T16:19:48+08:00 ] ::1 /excavator/index.php?s=/Admin/Login/index.html
INFO: [ app_begin ] --START--
INFO: Run Behavior\ReadHtmlCacheBehavior [ RunTime:0.000000s ]
INFO: [ app_begin ] --END-- [ RunTime:0.001000s ]
SQL: SHOW COLUMNS FROM `gms_manage` [ RunTime:0.0030s ]
INFO: [ view_parse ] --START--
INFO: [ template_filter ] --START--
INFO: Run Behavior\ContentReplaceBehavior [ RunTime:0.001000s ]
INFO: [ template_filter ] --END-- [ RunTime:0.001000s ]
INFO: Run Behavior\ParseTemplateBehavior [ RunTime:0.009001s ]
INFO: [ view_parse ] --END-- [ RunTime:0.009001s ]
INFO: [ view_filter ] --START--
INFO: Run Behavior\WriteHtmlCacheBehavior [ RunTime:0.001000s ]
INFO: [ view_filter ] --END-- [ RunTime:0.001000s ]
INFO: [ app_end ] --START--
INFO: Run Behavior\ShowPageTraceBehavior [ RunTime:0.002000s ]
INFO: [ app_end ] --END-- [ RunTime:0.002000s ]

[ 2016-12-12T16:19:49+08:00 ] ::1 /excavator/Admin/Index/index
INFO: [ app_begin ] --START--
INFO: Run Behavior\ReadHtmlCacheBehavior [ RunTime:0.000000s ]
INFO: [ app_begin ] --END-- [ RunTime:0.001000s ]

[ 2016-12-12T16:19:49+08:00 ] ::1 /excavator/index.php?s=/Admin/Login/index.html
INFO: [ app_begin ] --START--
INFO: Run Behavior\ReadHtmlCacheBehavior [ RunTime:0.001000s ]
INFO: [ app_begin ] --END-- [ RunTime:0.002000s ]
SQL: SHOW COLUMNS FROM `gms_manage` [ RunTime:0.0040s ]
INFO: [ view_parse ] --START--
INFO: [ template_filter ] --START--
INFO: Run Behavior\ContentReplaceBehavior [ RunTime:0.000000s ]
INFO: [ template_filter ] --END-- [ RunTime:0.000000s ]
INFO: Run Behavior\ParseTemplateBehavior [ RunTime:0.008000s ]
INFO: [ view_parse ] --END-- [ RunTime:0.008000s ]
INFO: [ view_filter ] --START--
INFO: Run Behavior\WriteHtmlCacheBehavior [ RunTime:0.001000s ]
INFO: [ view_filter ] --END-- [ RunTime:0.001000s ]
INFO: [ app_end ] --START--
INFO: Run Behavior\ShowPageTraceBehavior [ RunTime:0.001001s ]
INFO: [ app_end ] --END-- [ RunTime:0.001001s ]

[ 2016-12-12T16:19:50+08:00 ] ::1 /excavator/Admin/Index/index
INFO: [ app_begin ] --START--
INFO: Run Behavior\ReadHtmlCacheBehavior [ RunTime:0.000000s ]
INFO: [ app_begin ] --END-- [ RunTime:0.001000s ]

[ 2016-12-12T16:19:51+08:00 ] ::1 /excavator/index.php?s=/Admin/Login/index.html
INFO: [ app_begin ] --START--
INFO: Run Behavior\ReadHtmlCacheBehavior [ RunTime:0.001000s ]
INFO: [ app_begin ] --END-- [ RunTime:0.001000s ]
SQL: SHOW COLUMNS FROM `gms_manage` [ RunTime:0.0000s ]
INFO: [ view_parse ] --START--
INFO: [ template_filter ] --START--
INFO: Run Behavior\ContentReplaceBehavior [ RunTime:0.000000s ]
INFO: [ template_filter ] --END-- [ RunTime:0.000000s ]
INFO: Run Behavior\ParseTemplateBehavior [ RunTime:0.000000s ]
INFO: [ view_parse ] --END-- [ RunTime:0.000000s ]
INFO: [ view_filter ] --START--
INFO: Run Behavior\WriteHtmlCacheBehavior [ RunTime:0.000000s ]
INFO: [ view_filter ] --END-- [ RunTime:0.000000s ]
INFO: [ app_end ] --START--
INFO: Run Behavior\ShowPageTraceBehavior [ RunTime:0.000000s ]
INFO: [ app_end ] --END-- [ RunTime:0.000000s ]

[ 2016-12-12T16:19:54+08:00 ] ::1 /excavator/Admin/Index/index
INFO: [ app_begin ] --START--
INFO: Run Behavior\ReadHtmlCacheBehavior [ RunTime:0.000000s ]
INFO: [ app_begin ] --END-- [ RunTime:0.002000s ]

[ 2016-12-12T16:19:54+08:00 ] ::1 /excavator/index.php?s=/Admin/Login/index.html
INFO: [ app_begin ] --START--
INFO: Run Behavior\ReadHtmlCacheBehavior [ RunTime:0.001000s ]
INFO: [ app_begin ] --END-- [ RunTime:0.002000s ]
SQL: SHOW COLUMNS FROM `gms_manage` [ RunTime:0.0030s ]
INFO: [ view_parse ] --START--
INFO: [ template_filter ] --START--
INFO: Run Behavior\ContentReplaceBehavior [ RunTime:0.000000s ]
INFO: [ template_filter ] --END-- [ RunTime:0.000000s ]
INFO: Run Behavior\ParseTemplateBehavior [ RunTime:0.007001s ]
INFO: [ view_parse ] --END-- [ RunTime:0.007001s ]
INFO: [ view_filter ] --START--
INFO: Run Behavior\WriteHtmlCacheBehavior [ RunTime:0.001000s ]
INFO: [ view_filter ] --END-- [ RunTime:0.001000s ]
INFO: [ app_end ] --START--
INFO: Run Behavior\ShowPageTraceBehavior [ RunTime:0.001000s ]
INFO: [ app_end ] --END-- [ RunTime:0.001000s ]

[ 2016-12-12T16:20:38+08:00 ] ::1 /excavator/index.php?s=/Admin/Login/index.html
INFO: [ app_begin ] --START--
INFO: Run Behavior\ReadHtmlCacheBehavior [ RunTime:0.015600s ]
INFO: [ app_begin ] --END-- [ RunTime:0.015600s ]
SQL: SHOW COLUMNS FROM `gms_manage` [ RunTime:0.0156s ]
SQL: SELECT `id`,`username`,`userpass` FROM `gms_manage` WHERE `username` = 'admin' LIMIT 1   [ RunTime:0.0000s ]
NOTIC: [2] Missing argument 4 for Think\Controller::apiReturn(), called in D:\wamp\www\excavator\Application\Admin\Controller\LoginController.class.php on line 37 and defined D:\wamp\www\excavator\ThinkPHP\Library\Think\Controller.class.php 第 244 行.
NOTIC: [8] Undefined variable: type D:\wamp\www\excavator\ThinkPHP\Library\Think\Controller.class.php 第 258 行.

[ 2016-12-12T16:20:57+08:00 ] ::1 /excavator/index.php?s=/Admin/Index/logout
INFO: [ app_begin ] --START--
INFO: Run Behavior\ReadHtmlCacheBehavior [ RunTime:0.000000s ]
INFO: [ app_begin ] --END-- [ RunTime:0.001000s ]

[ 2016-12-12T16:20:57+08:00 ] ::1 /excavator/index.php?s=/Admin/Login/index.html
INFO: [ app_begin ] --START--
INFO: Run Behavior\ReadHtmlCacheBehavior [ RunTime:0.001000s ]
INFO: [ app_begin ] --END-- [ RunTime:0.001000s ]
SQL: SHOW COLUMNS FROM `gms_manage` [ RunTime:0.0020s ]
INFO: [ view_parse ] --START--
INFO: [ template_filter ] --START--
INFO: Run Behavior\ContentReplaceBehavior [ RunTime:0.000000s ]
INFO: [ template_filter ] --END-- [ RunTime:0.000000s ]
INFO: Run Behavior\ParseTemplateBehavior [ RunTime:0.010001s ]
INFO: [ view_parse ] --END-- [ RunTime:0.010001s ]
INFO: [ view_filter ] --START--
INFO: Run Behavior\WriteHtmlCacheBehavior [ RunTime:0.001000s ]
INFO: [ view_filter ] --END-- [ RunTime:0.001000s ]
INFO: [ app_end ] --START--
INFO: Run Behavior\ShowPageTraceBehavior [ RunTime:0.001000s ]
INFO: [ app_end ] --END-- [ RunTime:0.001000s ]

[ 2016-12-12T16:21:09+08:00 ] ::1 /excavator/index.php?s=/Admin/Login/index.html
INFO: [ app_begin ] --START--
INFO: Run Behavior\ReadHtmlCacheBehavior [ RunTime:0.000000s ]
INFO: [ app_begin ] --END-- [ RunTime:0.000000s ]
SQL: SHOW COLUMNS FROM `gms_manage` [ RunTime:0.0000s ]
SQL: SELECT `id`,`username`,`userpass` FROM `gms_manage` WHERE `username` = 'admin' LIMIT 1   [ RunTime:0.0000s ]
NOTIC: [2] Missing argument 4 for Think\Controller::apiReturn(), called in D:\wamp\www\excavator\Application\Admin\Controller\LoginController.class.php on line 37 and defined D:\wamp\www\excavator\ThinkPHP\Library\Think\Controller.class.php 第 244 行.
NOTIC: [8] Undefined variable: type D:\wamp\www\excavator\ThinkPHP\Library\Think\Controller.class.php 第 258 行.

[ 2016-12-12T16:28:57+08:00 ] ::1 /excavator/index.php?s=/Admin/Uikit/logout
INFO: [ app_begin ] --START--
INFO: Run Behavior\ReadHtmlCacheBehavior [ RunTime:0.001000s ]
INFO: [ app_begin ] --END-- [ RunTime:0.002000s ]
ERR: 非法操作:logout

[ 2016-12-12T16:29:05+08:00 ] ::1 /excavator/index.php?s=/Admin/Uikit/logout
INFO: [ app_begin ] --START--
INFO: Run Behavior\ReadHtmlCacheBehavior [ RunTime:0.001001s ]
INFO: [ app_begin ] --END-- [ RunTime:0.003001s ]
ERR: 非法操作:logout

[ 2016-12-12T16:29:15+08:00 ] ::1 /excavator/index.php?s=/Admin/Uikit/logout
INFO: [ app_begin ] --START--
INFO: Run Behavior\ReadHtmlCacheBehavior [ RunTime:0.001000s ]
INFO: [ app_begin ] --END-- [ RunTime:0.002000s ]
ERR: 非法操作:logout

[ 2016-12-12T16:29:54+08:00 ] ::1 /excavator/index.php?s=/Admin/Uikit/logout
INFO: [ app_begin ] --START--
INFO: Run Behavior\ReadHtmlCacheBehavior [ RunTime:0.001000s ]
INFO: [ app_begin ] --END-- [ RunTime:0.002001s ]

[ 2016-12-12T16:29:54+08:00 ] ::1 /excavator/index.php?s=/Admin/Login/index.html
INFO: [ app_begin ] --START--
INFO: Run Behavior\ReadHtmlCacheBehavior [ RunTime:0.000000s ]
INFO: [ app_begin ] --END-- [ RunTime:0.001000s ]
SQL: SHOW COLUMNS FROM `gms_manage` [ RunTime:0.0030s ]
INFO: [ view_parse ] --START--
INFO: [ template_filter ] --START--
INFO: Run Behavior\ContentReplaceBehavior [ RunTime:0.000000s ]
INFO: [ template_filter ] --END-- [ RunTime:0.000000s ]
INFO: Run Behavior\ParseTemplateBehavior [ RunTime:0.006000s ]
INFO: [ view_parse ] --END-- [ RunTime:0.006000s ]
INFO: [ view_filter ] --START--
INFO: Run Behavior\WriteHtmlCacheBehavior [ RunTime:0.001000s ]
INFO: [ view_filter ] --END-- [ RunTime:0.001000s ]
INFO: [ app_end ] --START--
INFO: Run Behavior\ShowPageTraceBehavior [ RunTime:0.001000s ]
INFO: [ app_end ] --END-- [ RunTime:0.001000s ]

[ 2016-12-12T16:30:12+08:00 ] ::1 /excavator/index.php?s=/Admin/Login/index.html
INFO: [ app_begin ] --START--
INFO: Run Behavior\ReadHtmlCacheBehavior [ RunTime:0.000000s ]
INFO: [ app_begin ] --END-- [ RunTime:0.000000s ]
SQL: SHOW COLUMNS FROM `gms_manage` [ RunTime:0.0156s ]
SQL: SELECT `id`,`username`,`userpass` FROM `gms_manage` WHERE `username` = 'admin' LIMIT 1   [ RunTime:0.0000s ]
NOTIC: [2] Missing argument 4 for Think\Controller::apiReturn(), called in D:\wamp\www\excavator\Application\Admin\Controller\LoginController.class.php on line 37 and defined D:\wamp\www\excavator\ThinkPHP\Library\Think\Controller.class.php 第 244 行.
NOTIC: [8] Undefined variable: type D:\wamp\www\excavator\ThinkPHP\Library\Think\Controller.class.php 第 258 行.

[ 2016-12-12T16:30:30+08:00 ] ::1 /excavator/index.php?s=/Admin/Uikit/logout
INFO: [ app_begin ] --START--
INFO: Run Behavior\ReadHtmlCacheBehavior [ RunTime:0.001000s ]
INFO: [ app_begin ] --END-- [ RunTime:0.002000s ]

[ 2016-12-12T16:30:30+08:00 ] ::1 /excavator/index.php?s=/Admin/Login/index.html
INFO: [ app_begin ] --START--
INFO: Run Behavior\ReadHtmlCacheBehavior [ RunTime:0.000000s ]
INFO: [ app_begin ] --END-- [ RunTime:0.001000s ]
SQL: SHOW COLUMNS FROM `gms_manage` [ RunTime:0.0040s ]
INFO: [ view_parse ] --START--
INFO: [ template_filter ] --START--
INFO: Run Behavior\ContentReplaceBehavior [ RunTime:0.000000s ]
INFO: [ template_filter ] --END-- [ RunTime:0.000000s ]
INFO: Run Behavior\ParseTemplateBehavior [ RunTime:0.006001s ]
INFO: [ view_parse ] --END-- [ RunTime:0.007001s ]
INFO: [ view_filter ] --START--
INFO: Run Behavior\WriteHtmlCacheBehavior [ RunTime:0.000000s ]
INFO: [ view_filter ] --END-- [ RunTime:0.000000s ]
INFO: [ app_end ] --START--
INFO: Run Behavior\ShowPageTraceBehavior [ RunTime:0.001000s ]
INFO: [ app_end ] --END-- [ RunTime:0.001000s ]

[ 2016-12-12T16:31:36+08:00 ] ::1 /excavator/index.php?s=/Admin/Login/index.html
INFO: [ app_begin ] --START--
INFO: Run Behavior\ReadHtmlCacheBehavior [ RunTime:0.001000s ]
INFO: [ app_begin ] --END-- [ RunTime:0.002000s ]
SQL: SHOW COLUMNS FROM `gms_manage` [ RunTime:0.0030s ]
SQL: SELECT `id`,`username`,`userpass` FROM `gms_manage` WHERE `username` = 'admin' LIMIT 1   [ RunTime:0.0010s ]
NOTIC: [2] Missing argument 4 for Think\Controller::apiReturn(), called in D:\wamp\www\excavator\Application\Admin\Controller\LoginController.class.php on line 37 and defined D:\wamp\www\excavator\ThinkPHP\Library\Think\Controller.class.php 第 244 行.
NOTIC: [8] Undefined variable: type D:\wamp\www\excavator\ThinkPHP\Library\Think\Controller.class.php 第 258 行.

[ 2016-12-12T16:31:41+08:00 ] ::1 /excavator/index.php?s=/Admin/Index/logout
INFO: [ app_begin ] --START--
INFO: Run Behavior\ReadHtmlCacheBehavior [ RunTime:0.001000s ]
INFO: [ app_begin ] --END-- [ RunTime:0.001000s ]

[ 2016-12-12T16:31:41+08:00 ] ::1 /excavator/index.php?s=/Admin/Index/%E9%80%80%E5%87%BA%E6%88%90%E5%8A%9F.html
INFO: [ app_begin ] --START--
INFO: Run Behavior\ReadHtmlCacheBehavior [ RunTime:0.001000s ]
INFO: [ app_begin ] --END-- [ RunTime:0.001000s ]

[ 2016-12-12T16:31:41+08:00 ] ::1 /excavator/index.php?s=/Admin/Login/index.html
INFO: [ app_begin ] --START--
INFO: Run Behavior\ReadHtmlCacheBehavior [ RunTime:0.000000s ]
INFO: [ app_begin ] --END-- [ RunTime:0.000000s ]
SQL: SHOW COLUMNS FROM `gms_manage` [ RunTime:0.0000s ]
INFO: [ view_parse ] --START--
INFO: [ template_filter ] --START--
INFO: Run Behavior\ContentReplaceBehavior [ RunTime:0.000000s ]
INFO: [ template_filter ] --END-- [ RunTime:0.000000s ]
INFO: Run Behavior\ParseTemplateBehavior [ RunTime:0.000000s ]
INFO: [ view_parse ] --END-- [ RunTime:0.000000s ]
INFO: [ view_filter ] --START--
INFO: Run Behavior\WriteHtmlCacheBehavior [ RunTime:0.015600s ]
INFO: [ view_filter ] --END-- [ RunTime:0.015600s ]
INFO: [ app_end ] --START--
INFO: Run Behavior\ShowPageTraceBehavior [ RunTime:0.000000s ]
INFO: [ app_end ] --END-- [ RunTime:0.000000s ]

[ 2016-12-12T16:32:49+08:00 ] ::1 /excavator/index.php?s=/Admin/Login/index.html
INFO: [ app_begin ] --START--
INFO: Run Behavior\ReadHtmlCacheBehavior [ RunTime:0.000000s ]
INFO: [ app_begin ] --END-- [ RunTime:0.015600s ]
SQL: SHOW COLUMNS FROM `gms_manage` [ RunTime:0.0000s ]
SQL: SELECT `id`,`username`,`userpass` FROM `gms_manage` WHERE `username` = 'admin' LIMIT 1   [ RunTime:0.0000s ]
NOTIC: [2] Missing argument 4 for Think\Controller::apiReturn(), called in D:\wamp\www\excavator\Application\Admin\Controller\LoginController.class.php on line 37 and defined D:\wamp\www\excavator\ThinkPHP\Library\Think\Controller.class.php 第 244 行.
NOTIC: [8] Undefined variable: type D:\wamp\www\excavator\ThinkPHP\Library\Think\Controller.class.php 第 258 行.

[ 2016-12-12T16:32:59+08:00 ] ::1 /excavator/index.php?s=/Admin/Index/logout
INFO: [ app_begin ] --START--
INFO: Run Behavior\ReadHtmlCacheBehavior [ RunTime:0.001000s ]
INFO: [ app_begin ] --END-- [ RunTime:0.002000s ]

[ 2016-12-12T16:32:59+08:00 ] ::1 /excavator/index.php?s=/Admin/Login/index.html
INFO: [ app_begin ] --START--
INFO: Run Behavior\ReadHtmlCacheBehavior [ RunTime:0.000000s ]
INFO: [ app_begin ] --END-- [ RunTime:0.001000s ]
SQL: SHOW COLUMNS FROM `gms_manage` [ RunTime:0.0156s ]
INFO: [ view_parse ] --START--
INFO: [ template_filter ] --START--
INFO: Run Behavior\ContentReplaceBehavior [ RunTime:0.000000s ]
INFO: [ template_filter ] --END-- [ RunTime:0.000000s ]
INFO: Run Behavior\ParseTemplateBehavior [ RunTime:0.015600s ]
INFO: [ view_parse ] --END-- [ RunTime:0.015600s ]
INFO: [ view_filter ] --START--
INFO: Run Behavior\WriteHtmlCacheBehavior [ RunTime:0.000000s ]
INFO: [ view_filter ] --END-- [ RunTime:0.000000s ]
INFO: [ app_end ] --START--
INFO: Run Behavior\ShowPageTraceBehavior [ RunTime:0.000000s ]
INFO: [ app_end ] --END-- [ RunTime:0.000000s ]

[ 2016-12-12T16:33:13+08:00 ] ::1 /excavator/index.php?s=/Admin/Login/index.html
INFO: [ app_begin ] --START--
INFO: Run Behavior\ReadHtmlCacheBehavior [ RunTime:0.000000s ]
INFO: [ app_begin ] --END-- [ RunTime:0.000000s ]
SQL: SHOW COLUMNS FROM `gms_manage` [ RunTime:0.0030s ]
SQL: SELECT `id`,`username`,`userpass` FROM `gms_manage` WHERE `username` = 'admin' LIMIT 1   [ RunTime:0.0000s ]
NOTIC: [2] Missing argument 4 for Think\Controller::apiReturn(), called in D:\wamp\www\excavator\Application\Admin\Controller\LoginController.class.php on line 37 and defined D:\wamp\www\excavator\ThinkPHP\Library\Think\Controller.class.php 第 244 行.
NOTIC: [8] Undefined variable: type D:\wamp\www\excavator\ThinkPHP\Library\Think\Controller.class.php 第 258 行.

[ 2016-12-12T16:33:22+08:00 ] ::1 /excavator/index.php?s=/Admin/Index/logout
INFO: [ app_begin ] --START--
INFO: Run Behavior\ReadHtmlCacheBehavior [ RunTime:0.000000s ]
INFO: [ app_begin ] --END-- [ RunTime:0.001000s ]

[ 2016-12-12T16:33:23+08:00 ] ::1 /excavator/index.php?s=/Admin/Login/index.html
INFO: [ app_begin ] --START--
INFO: Run Behavior\ReadHtmlCacheBehavior [ RunTime:0.000000s ]
INFO: [ app_begin ] --END-- [ RunTime:0.001000s ]
SQL: SHOW COLUMNS FROM `gms_manage` [ RunTime:0.0030s ]
INFO: [ view_parse ] --START--
INFO: [ template_filter ] --START--
INFO: Run Behavior\ContentReplaceBehavior [ RunTime:0.000000s ]
INFO: [ template_filter ] --END-- [ RunTime:0.001000s ]
INFO: Run Behavior\ParseTemplateBehavior [ RunTime:0.011001s ]
INFO: [ view_parse ] --END-- [ RunTime:0.011001s ]
INFO: [ view_filter ] --START--
INFO: Run Behavior\WriteHtmlCacheBehavior [ RunTime:0.000000s ]
INFO: [ view_filter ] --END-- [ RunTime:0.001000s ]
INFO: [ app_end ] --START--
INFO: Run Behavior\ShowPageTraceBehavior [ RunTime:0.001000s ]
INFO: [ app_end ] --END-- [ RunTime:0.001000s ]

[ 2016-12-12T16:52:06+08:00 ] ::1 /excavator/Admin/Index/index
INFO: [ app_begin ] --START--
INFO: Run Behavior\ReadHtmlCacheBehavior [ RunTime:0.000000s ]
INFO: [ app_begin ] --END-- [ RunTime:0.001000s ]
INFO: [ view_parse ] --START--
INFO: [ template_filter ] --START--
INFO: Run Behavior\ContentReplaceBehavior [ RunTime:0.000000s ]
INFO: [ template_filter ] --END-- [ RunTime:0.002000s ]
INFO: Run Behavior\ParseTemplateBehavior [ RunTime:0.033002s ]
INFO: [ view_parse ] --END-- [ RunTime:0.033002s ]
INFO: [ view_filter ] --START--
INFO: Run Behavior\WriteHtmlCacheBehavior [ RunTime:0.000000s ]
INFO: [ view_filter ] --END-- [ RunTime:0.000000s ]
INFO: [ app_end ] --START--
INFO: Run Behavior\ShowPageTraceBehavior [ RunTime:0.006000s ]
INFO: [ app_end ] --END-- [ RunTime:0.007000s ]

[ 2016-12-12T16:52:09+08:00 ] ::1 /excavator/Admin/Index/index
INFO: [ app_begin ] --START--
INFO: Run Behavior\ReadHtmlCacheBehavior [ RunTime:0.001000s ]
INFO: [ app_begin ] --END-- [ RunTime:0.001000s ]
INFO: [ view_parse ] --START--
INFO: [ template_filter ] --START--
INFO: Run Behavior\ContentReplaceBehavior [ RunTime:0.000000s ]
INFO: [ template_filter ] --END-- [ RunTime:0.000000s ]
INFO: Run Behavior\ParseTemplateBehavior [ RunTime:0.019001s ]
INFO: [ view_parse ] --END-- [ RunTime:0.020001s ]
INFO: [ view_filter ] --START--
INFO: Run Behavior\WriteHtmlCacheBehavior [ RunTime:0.000000s ]
INFO: [ view_filter ] --END-- [ RunTime:0.000000s ]
INFO: [ app_end ] --START--
INFO: Run Behavior\ShowPageTraceBehavior [ RunTime:0.001000s ]
INFO: [ app_end ] --END-- [ RunTime:0.001000s ]

[ 2016-12-12T17:08:16+08:00 ] ::1 /excavator/index.php?s=/Admin/Manage/index
ERR: 模板不存在:./Application/Admin/View/default/Manage/index.html

[ 2016-12-12T17:26:54+08:00 ] ::1 /excavator/index.php?s=/Admin/Manage/logout
INFO: [ app_begin ] --START--
INFO: Run Behavior\ReadHtmlCacheBehavior [ RunTime:0.000000s ]
INFO: [ app_begin ] --END-- [ RunTime:0.001000s ]
SQL: SHOW COLUMNS FROM `gms_manage` [ RunTime:0.0040s ]

[ 2016-12-12T17:26:54+08:00 ] ::1 /excavator/index.php?s=/Admin/Login/index.html
INFO: [ app_begin ] --START--
INFO: Run Behavior\ReadHtmlCacheBehavior [ RunTime:0.000000s ]
INFO: [ app_begin ] --END-- [ RunTime:0.000000s ]
SQL: SHOW COLUMNS FROM `gms_manage` [ RunTime:0.0000s ]
INFO: [ view_parse ] --START--
INFO: [ template_filter ] --START--
INFO: Run Behavior\ContentReplaceBehavior [ RunTime:0.000000s ]
INFO: [ template_filter ] --END-- [ RunTime:0.000000s ]
INFO: Run Behavior\ParseTemplateBehavior [ RunTime:0.000000s ]
INFO: [ view_parse ] --END-- [ RunTime:0.000000s ]
INFO: [ view_filter ] --START--
INFO: Run Behavior\WriteHtmlCacheBehavior [ RunTime:0.000000s ]
INFO: [ view_filter ] --END-- [ RunTime:0.000000s ]
INFO: [ app_end ] --START--
INFO: Run Behavior\ShowPageTraceBehavior [ RunTime:0.000000s ]
INFO: [ app_end ] --END-- [ RunTime:0.000000s ]

