[ 2016-12-13T08:54:41+08:00 ] ::1 /excavator/index.php?s=/Admin/Login/index.html
INFO: [ app_begin ] --START--
INFO: Run Behavior\ReadHtmlCacheBehavior [ RunTime:0.000000s ]
INFO: [ app_begin ] --END-- [ RunTime:0.000000s ]
SQL: SHOW COLUMNS FROM `gms_manage` [ RunTime:0.0000s ]
SQL: SELECT `id`,`username`,`userpass` FROM `gms_manage` WHERE `username` = 'admin' LIMIT 1   [ RunTime:0.1594s ]
NOTIC: [2] Missing argument 4 for Think\Controller::apiReturn(), called in D:\wamp\www\excavator\Application\Admin\Controller\LoginController.class.php on line 37 and defined D:\wamp\www\excavator\ThinkPHP\Library\Think\Controller.class.php 第 244 行.
NOTIC: [8] Undefined variable: type D:\wamp\www\excavator\ThinkPHP\Library\Think\Controller.class.php 第 258 行.

[ 2016-12-13T08:54:47+08:00 ] ::1 /excavator/index.php?s=/Admin/Index/logout
INFO: [ app_begin ] --START--
INFO: Run Behavior\ReadHtmlCacheBehavior [ RunTime:0.001000s ]
INFO: [ app_begin ] --END-- [ RunTime:0.001000s ]

[ 2016-12-13T08:54:47+08:00 ] ::1 /excavator/index.php?s=/Admin/Login/index.html
INFO: [ app_begin ] --START--
INFO: Run Behavior\ReadHtmlCacheBehavior [ RunTime:0.000000s ]
INFO: [ app_begin ] --END-- [ RunTime:0.000000s ]
SQL: SHOW COLUMNS FROM `gms_manage` [ RunTime:0.0000s ]
INFO: [ view_parse ] --START--
INFO: [ template_filter ] --START--
INFO: Run Behavior\ContentReplaceBehavior [ RunTime:0.000000s ]
INFO: [ template_filter ] --END-- [ RunTime:0.000000s ]
INFO: Run Behavior\ParseTemplateBehavior [ RunTime:0.015600s ]
INFO: [ view_parse ] --END-- [ RunTime:0.015600s ]
INFO: [ view_filter ] --START--
INFO: Run Behavior\WriteHtmlCacheBehavior [ RunTime:0.000000s ]
INFO: [ view_filter ] --END-- [ RunTime:0.000000s ]
INFO: [ app_end ] --START--
INFO: Run Behavior\ShowPageTraceBehavior [ RunTime:0.000000s ]
INFO: [ app_end ] --END-- [ RunTime:0.000000s ]

[ 2016-12-13T08:55:26+08:00 ] ::1 /excavator/index.php?s=/Admin/Login/index.html
INFO: [ app_begin ] --START--
INFO: Run Behavior\ReadHtmlCacheBehavior [ RunTime:0.000000s ]
INFO: [ app_begin ] --END-- [ RunTime:0.000000s ]
SQL: SHOW COLUMNS FROM `gms_manage` [ RunTime:0.0000s ]
SQL: SELECT `id`,`username`,`userpass` FROM `gms_manage` WHERE `username` = 'admin' LIMIT 1   [ RunTime:0.0000s ]
NOTIC: [2] Missing argument 4 for Think\Controller::apiReturn(), called in D:\wamp\www\excavator\Application\Admin\Controller\LoginController.class.php on line 37 and defined D:\wamp\www\excavator\ThinkPHP\Library\Think\Controller.class.php 第 244 行.
NOTIC: [8] Undefined variable: type D:\wamp\www\excavator\ThinkPHP\Library\Think\Controller.class.php 第 258 行.

[ 2016-12-13T09:01:51+08:00 ] ::1 /excavator/index.php?s=/Admin/Index/logout
INFO: [ app_begin ] --START--
INFO: Run Behavior\ReadHtmlCacheBehavior [ RunTime:0.001000s ]
INFO: [ app_begin ] --END-- [ RunTime:0.001000s ]

[ 2016-12-13T09:01:51+08:00 ] ::1 /excavator/index.php?s=/Admin/Login/index.html
INFO: [ app_begin ] --START--
INFO: Run Behavior\ReadHtmlCacheBehavior [ RunTime:0.001000s ]
INFO: [ app_begin ] --END-- [ RunTime:0.001000s ]
SQL: SHOW COLUMNS FROM `gms_manage` [ RunTime:0.0040s ]
INFO: [ view_parse ] --START--
INFO: [ template_filter ] --START--
INFO: Run Behavior\ContentReplaceBehavior [ RunTime:0.000000s ]
INFO: [ template_filter ] --END-- [ RunTime:0.000000s ]
INFO: Run Behavior\ParseTemplateBehavior [ RunTime:0.006000s ]
INFO: [ view_parse ] --END-- [ RunTime:0.006000s ]
INFO: [ view_filter ] --START--
INFO: Run Behavior\WriteHtmlCacheBehavior [ RunTime:0.001001s ]
INFO: [ view_filter ] --END-- [ RunTime:0.001001s ]
INFO: [ app_end ] --START--
INFO: Run Behavior\ShowPageTraceBehavior [ RunTime:0.000000s ]
INFO: [ app_end ] --END-- [ RunTime:0.000000s ]

[ 2016-12-13T09:02:09+08:00 ] ::1 /excavator/index.php?s=/Admin/Login/index.html
INFO: [ app_begin ] --START--
INFO: Run Behavior\ReadHtmlCacheBehavior [ RunTime:0.000000s ]
INFO: [ app_begin ] --END-- [ RunTime:0.000000s ]
SQL: SHOW COLUMNS FROM `gms_manage` [ RunTime:0.0000s ]
SQL: SELECT `id`,`username`,`userpass` FROM `gms_manage` WHERE `username` = 'admin' LIMIT 1   [ RunTime:0.0000s ]
NOTIC: [2] Missing argument 4 for Think\Controller::apiReturn(), called in D:\wamp\www\excavator\Application\Admin\Controller\LoginController.class.php on line 37 and defined D:\wamp\www\excavator\ThinkPHP\Library\Think\Controller.class.php 第 244 行.
NOTIC: [8] Undefined variable: type D:\wamp\www\excavator\ThinkPHP\Library\Think\Controller.class.php 第 258 行.

[ 2016-12-13T09:10:45+08:00 ] ::1 /excavator/index.php?s=/Admin/Manage/logout
INFO: [ app_begin ] --START--
INFO: Run Behavior\ReadHtmlCacheBehavior [ RunTime:0.001000s ]
INFO: [ app_begin ] --END-- [ RunTime:0.001000s ]
SQL: SHOW COLUMNS FROM `gms_manage` [ RunTime:0.0040s ]

[ 2016-12-13T09:10:45+08:00 ] ::1 /excavator/index.php?s=/Admin/Login/index.html
INFO: [ app_begin ] --START--
INFO: Run Behavior\ReadHtmlCacheBehavior [ RunTime:0.001000s ]
INFO: [ app_begin ] --END-- [ RunTime:0.001000s ]
SQL: SHOW COLUMNS FROM `gms_manage` [ RunTime:0.0000s ]
INFO: [ view_parse ] --START--
INFO: [ template_filter ] --START--
INFO: Run Behavior\ContentReplaceBehavior [ RunTime:0.000000s ]
INFO: [ template_filter ] --END-- [ RunTime:0.000000s ]
INFO: Run Behavior\ParseTemplateBehavior [ RunTime:0.015600s ]
INFO: [ view_parse ] --END-- [ RunTime:0.015600s ]
INFO: [ view_filter ] --START--
INFO: Run Behavior\WriteHtmlCacheBehavior [ RunTime:0.000000s ]
INFO: [ view_filter ] --END-- [ RunTime:0.000000s ]
INFO: [ app_end ] --START--
INFO: Run Behavior\ShowPageTraceBehavior [ RunTime:0.000000s ]
INFO: [ app_end ] --END-- [ RunTime:0.000000s ]

[ 2016-12-13T09:10:55+08:00 ] ::1 /excavator/index.php?s=/Admin/Manage/logout
INFO: [ app_begin ] --START--
INFO: Run Behavior\ReadHtmlCacheBehavior [ RunTime:0.000000s ]
INFO: [ app_begin ] --END-- [ RunTime:0.002000s ]
SQL: SHOW COLUMNS FROM `gms_manage` [ RunTime:0.0040s ]

[ 2016-12-13T09:10:55+08:00 ] ::1 /excavator/index.php?s=/Admin/Login/index.html
INFO: [ app_begin ] --START--
INFO: Run Behavior\ReadHtmlCacheBehavior [ RunTime:0.000000s ]
INFO: [ app_begin ] --END-- [ RunTime:0.001000s ]
SQL: SHOW COLUMNS FROM `gms_manage` [ RunTime:0.0070s ]
INFO: [ view_parse ] --START--
INFO: [ template_filter ] --START--
INFO: Run Behavior\ContentReplaceBehavior [ RunTime:0.000000s ]
INFO: [ template_filter ] --END-- [ RunTime:0.000000s ]
INFO: Run Behavior\ParseTemplateBehavior [ RunTime:0.009000s ]
INFO: [ view_parse ] --END-- [ RunTime:0.009000s ]
INFO: [ view_filter ] --START--
INFO: Run Behavior\WriteHtmlCacheBehavior [ RunTime:0.000000s ]
INFO: [ view_filter ] --END-- [ RunTime:0.000000s ]
INFO: [ app_end ] --START--
INFO: Run Behavior\ShowPageTraceBehavior [ RunTime:0.000000s ]
INFO: [ app_end ] --END-- [ RunTime:0.000000s ]

[ 2016-12-13T09:12:11+08:00 ] ::1 /excavator/index.php?s=/Admin/Manage/logout
INFO: [ app_begin ] --START--
INFO: Run Behavior\ReadHtmlCacheBehavior [ RunTime:0.000000s ]
INFO: [ app_begin ] --END-- [ RunTime:0.002000s ]
SQL: SHOW COLUMNS FROM `gms_manage` [ RunTime:0.0080s ]

[ 2016-12-13T09:12:11+08:00 ] ::1 /excavator/index.php?s=/Admin/Login/index.html
INFO: [ app_begin ] --START--
INFO: Run Behavior\ReadHtmlCacheBehavior [ RunTime:0.001000s ]
INFO: [ app_begin ] --END-- [ RunTime:0.001000s ]
SQL: SHOW COLUMNS FROM `gms_manage` [ RunTime:0.0000s ]
INFO: [ view_parse ] --START--
INFO: [ template_filter ] --START--
INFO: Run Behavior\ContentReplaceBehavior [ RunTime:0.000000s ]
INFO: [ template_filter ] --END-- [ RunTime:0.000000s ]
INFO: Run Behavior\ParseTemplateBehavior [ RunTime:0.015600s ]
INFO: [ view_parse ] --END-- [ RunTime:0.015600s ]
INFO: [ view_filter ] --START--
INFO: Run Behavior\WriteHtmlCacheBehavior [ RunTime:0.000000s ]
INFO: [ view_filter ] --END-- [ RunTime:0.000000s ]
INFO: [ app_end ] --START--
INFO: Run Behavior\ShowPageTraceBehavior [ RunTime:0.000000s ]
INFO: [ app_end ] --END-- [ RunTime:0.000000s ]

[ 2016-12-13T09:12:17+08:00 ] ::1 /excavator/index.php?s=/Admin/Manage/logout
INFO: [ app_begin ] --START--
INFO: Run Behavior\ReadHtmlCacheBehavior [ RunTime:0.001000s ]
INFO: [ app_begin ] --END-- [ RunTime:0.001000s ]
SQL: SHOW COLUMNS FROM `gms_manage` [ RunTime:0.0040s ]

[ 2016-12-13T09:12:17+08:00 ] ::1 /excavator/index.php?s=/Admin/Login/index.html
INFO: [ app_begin ] --START--
INFO: Run Behavior\ReadHtmlCacheBehavior [ RunTime:0.001000s ]
INFO: [ app_begin ] --END-- [ RunTime:0.001000s ]
SQL: SHOW COLUMNS FROM `gms_manage` [ RunTime:0.0080s ]
INFO: [ view_parse ] --START--
INFO: [ template_filter ] --START--
INFO: Run Behavior\ContentReplaceBehavior [ RunTime:0.000000s ]
INFO: [ template_filter ] --END-- [ RunTime:0.001000s ]
INFO: Run Behavior\ParseTemplateBehavior [ RunTime:0.008000s ]
INFO: [ view_parse ] --END-- [ RunTime:0.008000s ]
INFO: [ view_filter ] --START--
INFO: Run Behavior\WriteHtmlCacheBehavior [ RunTime:0.000000s ]
INFO: [ view_filter ] --END-- [ RunTime:0.000000s ]
INFO: [ app_end ] --START--
INFO: Run Behavior\ShowPageTraceBehavior [ RunTime:0.000000s ]
INFO: [ app_end ] --END-- [ RunTime:0.000000s ]

[ 2016-12-13T09:12:43+08:00 ] ::1 /excavator/index.php?s=/Admin/Manage/logout
INFO: [ app_begin ] --START--
INFO: Run Behavior\ReadHtmlCacheBehavior [ RunTime:0.001000s ]
INFO: [ app_begin ] --END-- [ RunTime:0.001000s ]
SQL: SHOW COLUMNS FROM `gms_manage` [ RunTime:0.0050s ]

[ 2016-12-13T09:12:43+08:00 ] ::1 /excavator/index.php?s=/Admin/Login/index.html
INFO: [ app_begin ] --START--
INFO: Run Behavior\ReadHtmlCacheBehavior [ RunTime:0.001000s ]
INFO: [ app_begin ] --END-- [ RunTime:0.001000s ]
SQL: SHOW COLUMNS FROM `gms_manage` [ RunTime:0.0070s ]
INFO: [ view_parse ] --START--
INFO: [ template_filter ] --START--
INFO: Run Behavior\ContentReplaceBehavior [ RunTime:0.000000s ]
INFO: [ template_filter ] --END-- [ RunTime:0.000000s ]
INFO: Run Behavior\ParseTemplateBehavior [ RunTime:0.004000s ]
INFO: [ view_parse ] --END-- [ RunTime:0.004000s ]
INFO: [ view_filter ] --START--
INFO: Run Behavior\WriteHtmlCacheBehavior [ RunTime:0.000000s ]
INFO: [ view_filter ] --END-- [ RunTime:0.000000s ]
INFO: [ app_end ] --START--
INFO: Run Behavior\ShowPageTraceBehavior [ RunTime:0.000000s ]
INFO: [ app_end ] --END-- [ RunTime:0.000000s ]

[ 2016-12-13T09:14:35+08:00 ] ::1 /excavator/index.php?s=/Admin/Login/index.html
INFO: [ app_begin ] --START--
INFO: Run Behavior\ReadHtmlCacheBehavior [ RunTime:0.000000s ]
INFO: [ app_begin ] --END-- [ RunTime:0.000000s ]
SQL: SHOW COLUMNS FROM `gms_manage` [ RunTime:0.0156s ]
SQL: SELECT `id`,`username`,`userpass` FROM `gms_manage` WHERE `username` = 'admin' LIMIT 1   [ RunTime:0.0000s ]
NOTIC: [2] Missing argument 4 for Think\Controller::apiReturn(), called in D:\wamp\www\excavator\Application\Admin\Controller\LoginController.class.php on line 37 and defined D:\wamp\www\excavator\ThinkPHP\Library\Think\Controller.class.php 第 244 行.
NOTIC: [8] Undefined variable: type D:\wamp\www\excavator\ThinkPHP\Library\Think\Controller.class.php 第 258 行.

[ 2016-12-13T09:14:51+08:00 ] ::1 /excavator/index.php?s=/Admin/Manage/logout
INFO: [ app_begin ] --START--
INFO: Run Behavior\ReadHtmlCacheBehavior [ RunTime:0.001000s ]
INFO: [ app_begin ] --END-- [ RunTime:0.002000s ]
SQL: SHOW COLUMNS FROM `gms_manage` [ RunTime:0.0090s ]

[ 2016-12-13T09:14:51+08:00 ] ::1 /excavator/index.php?s=/Admin/Login/index.html
INFO: [ app_begin ] --START--
INFO: Run Behavior\ReadHtmlCacheBehavior [ RunTime:0.000000s ]
INFO: [ app_begin ] --END-- [ RunTime:0.000000s ]
SQL: SHOW COLUMNS FROM `gms_manage` [ RunTime:0.0070s ]
INFO: [ view_parse ] --START--
INFO: [ template_filter ] --START--
INFO: Run Behavior\ContentReplaceBehavior [ RunTime:0.000000s ]
INFO: [ template_filter ] --END-- [ RunTime:0.000000s ]
INFO: Run Behavior\ParseTemplateBehavior [ RunTime:0.000000s ]
INFO: [ view_parse ] --END-- [ RunTime:0.000000s ]
INFO: [ view_filter ] --START--
INFO: Run Behavior\WriteHtmlCacheBehavior [ RunTime:0.000000s ]
INFO: [ view_filter ] --END-- [ RunTime:0.000000s ]
INFO: [ app_end ] --START--
INFO: Run Behavior\ShowPageTraceBehavior [ RunTime:0.000000s ]
INFO: [ app_end ] --END-- [ RunTime:0.000000s ]

[ 2016-12-13T14:07:29+08:00 ] ::1 /excavator/index.php?s=/Admin/Manage/add
INFO: [ app_begin ] --START--
INFO: Run Behavior\ReadHtmlCacheBehavior [ RunTime:0.001000s ]
INFO: [ app_begin ] --END-- [ RunTime:0.002000s ]
SQL: SHOW COLUMNS FROM `gms_manage` [ RunTime:0.0020s ]
SQL: SHOW COLUMNS FROM `gms_group` [ RunTime:0.0030s ]
NOTIC: [2] call_user_func() expects parameter 1 to be a valid callback, no array or string given D:\wamp\www\excavator\ThinkPHP\Library\Think\Upload.class.php 第 170 行.
ERR: 不存在的图像文件

[ 2016-12-13T14:10:04+08:00 ] ::1 /excavator/index.php?s=/Admin/Manage/add
INFO: [ app_begin ] --START--
INFO: Run Behavior\ReadHtmlCacheBehavior [ RunTime:0.000000s ]
INFO: [ app_begin ] --END-- [ RunTime:0.001000s ]
SQL: SHOW COLUMNS FROM `gms_manage` [ RunTime:0.0020s ]
SQL: SHOW COLUMNS FROM `gms_group` [ RunTime:0.0000s ]
NOTIC: [2] call_user_func() expects parameter 1 to be a valid callback, no array or string given D:\wamp\www\excavator\ThinkPHP\Library\Think\Upload.class.php 第 170 行.
ERR: 不存在的图像文件

[ 2016-12-13T14:11:19+08:00 ] ::1 /excavator/index.php?s=/Admin/Manage/add
INFO: [ app_begin ] --START--
INFO: Run Behavior\ReadHtmlCacheBehavior [ RunTime:0.001000s ]
INFO: [ app_begin ] --END-- [ RunTime:0.001000s ]
SQL: SHOW COLUMNS FROM `gms_manage` [ RunTime:0.0010s ]
SQL: SHOW COLUMNS FROM `gms_group` [ RunTime:0.0000s ]
NOTIC: [2] call_user_func() expects parameter 1 to be a valid callback, no array or string given D:\wamp\www\excavator\ThinkPHP\Library\Think\Upload.class.php 第 170 行.
ERR: 不存在的图像文件

[ 2016-12-13T14:12:10+08:00 ] ::1 /excavator/index.php?s=/Admin/Manage/add
INFO: [ app_begin ] --START--
INFO: Run Behavior\ReadHtmlCacheBehavior [ RunTime:0.001000s ]
INFO: [ app_begin ] --END-- [ RunTime:0.001000s ]
SQL: SHOW COLUMNS FROM `gms_manage` [ RunTime:0.0000s ]
SQL: SHOW COLUMNS FROM `gms_group` [ RunTime:0.0156s ]
NOTIC: [2] call_user_func() expects parameter 1 to be a valid callback, no array or string given D:\wamp\www\excavator\ThinkPHP\Library\Think\Upload.class.php 第 170 行.
ERR: 不存在的图像文件

[ 2016-12-13T14:13:10+08:00 ] ::1 /excavator/index.php?s=/Admin/Manage/add
INFO: [ app_begin ] --START--
INFO: Run Behavior\ReadHtmlCacheBehavior [ RunTime:0.000000s ]
INFO: [ app_begin ] --END-- [ RunTime:0.001000s ]
SQL: SHOW COLUMNS FROM `gms_manage` [ RunTime:0.0166s ]
SQL: SHOW COLUMNS FROM `gms_group` [ RunTime:0.0000s ]
NOTIC: [2] call_user_func() expects parameter 1 to be a valid callback, no array or string given D:\wamp\www\excavator\ThinkPHP\Library\Think\Upload.class.php 第 170 行.
ERR: 不存在的图像文件

[ 2016-12-13T14:16:38+08:00 ] ::1 /excavator/index.php?s=/Admin/Manage/add
INFO: [ app_begin ] --START--
INFO: Run Behavior\ReadHtmlCacheBehavior [ RunTime:0.000000s ]
INFO: [ app_begin ] --END-- [ RunTime:0.001000s ]
SQL: SHOW COLUMNS FROM `gms_manage` [ RunTime:0.0000s ]
SQL: SHOW COLUMNS FROM `gms_group` [ RunTime:0.0156s ]
NOTIC: [2] call_user_func() expects parameter 1 to be a valid callback, no array or string given D:\wamp\www\excavator\ThinkPHP\Library\Think\Upload.class.php 第 170 行.
ERR: 不存在的图像文件

[ 2016-12-13T14:17:48+08:00 ] ::1 /excavator/index.php?s=/Admin/Manage/add
INFO: [ app_begin ] --START--
INFO: Run Behavior\ReadHtmlCacheBehavior [ RunTime:0.001000s ]
INFO: [ app_begin ] --END-- [ RunTime:0.001000s ]
SQL: SHOW COLUMNS FROM `gms_manage` [ RunTime:0.0020s ]
SQL: SHOW COLUMNS FROM `gms_group` [ RunTime:0.0000s ]
NOTIC: [2] call_user_func() expects parameter 1 to be a valid callback, no array or string given D:\wamp\www\excavator\ThinkPHP\Library\Think\Upload.class.php 第 170 行.

[ 2016-12-13T14:19:50+08:00 ] ::1 /excavator/index.php?s=/Admin/Manage/add
INFO: [ app_begin ] --START--
INFO: Run Behavior\ReadHtmlCacheBehavior [ RunTime:0.012001s ]
INFO: [ app_begin ] --END-- [ RunTime:0.012001s ]
SQL: SHOW COLUMNS FROM `gms_manage` [ RunTime:0.0050s ]
SQL: SHOW COLUMNS FROM `gms_group` [ RunTime:0.0000s ]
NOTIC: [2] call_user_func() expects parameter 1 to be a valid callback, no array or string given D:\wamp\www\excavator\ThinkPHP\Library\Think\Upload.class.php 第 170 行.
ERR: 不存在的图像文件

[ 2016-12-13T14:21:43+08:00 ] ::1 /excavator/index.php?s=/Admin/Manage/add
INFO: [ app_begin ] --START--
INFO: Run Behavior\ReadHtmlCacheBehavior [ RunTime:0.001000s ]
INFO: [ app_begin ] --END-- [ RunTime:0.001000s ]
SQL: SHOW COLUMNS FROM `gms_manage` [ RunTime:0.0090s ]
SQL: SHOW COLUMNS FROM `gms_group` [ RunTime:0.0080s ]
NOTIC: [2] call_user_func() expects parameter 1 to be a valid callback, no array or string given D:\wamp\www\excavator\ThinkPHP\Library\Think\Upload.class.php 第 170 行.
ERR: 不存在的图像文件

[ 2016-12-13T14:22:45+08:00 ] ::1 /excavator/index.php?s=/Admin/Manage/add
INFO: [ app_begin ] --START--
INFO: Run Behavior\ReadHtmlCacheBehavior [ RunTime:0.001000s ]
INFO: [ app_begin ] --END-- [ RunTime:0.001000s ]
SQL: SHOW COLUMNS FROM `gms_manage` [ RunTime:0.0080s ]
SQL: SHOW COLUMNS FROM `gms_group` [ RunTime:0.0050s ]
NOTIC: [2] call_user_func() expects parameter 1 to be a valid callback, no array or string given D:\wamp\www\excavator\ThinkPHP\Library\Think\Upload.class.php 第 170 行.
ERR: 不存在的图像文件

[ 2016-12-13T14:25:07+08:00 ] ::1 /excavator/index.php?s=/Admin/Manage/add
INFO: [ app_begin ] --START--
INFO: Run Behavior\ReadHtmlCacheBehavior [ RunTime:0.001000s ]
INFO: [ app_begin ] --END-- [ RunTime:0.001000s ]
SQL: SHOW COLUMNS FROM `gms_manage` [ RunTime:0.0010s ]
SQL: SHOW COLUMNS FROM `gms_group` [ RunTime:0.0000s ]
NOTIC: [2] call_user_func() expects parameter 1 to be a valid callback, no array or string given D:\wamp\www\excavator\ThinkPHP\Library\Think\Upload.class.php 第 170 行.

[ 2016-12-13T14:26:42+08:00 ] ::1 /excavator/index.php?s=/Admin/Manage/add
INFO: [ app_begin ] --START--
INFO: Run Behavior\ReadHtmlCacheBehavior [ RunTime:0.001000s ]
INFO: [ app_begin ] --END-- [ RunTime:0.001000s ]
SQL: SHOW COLUMNS FROM `gms_manage` [ RunTime:0.0080s ]
SQL: SHOW COLUMNS FROM `gms_group` [ RunTime:0.0000s ]
NOTIC: [2] call_user_func() expects parameter 1 to be a valid callback, no array or string given D:\wamp\www\excavator\ThinkPHP\Library\Think\Upload.class.php 第 170 行.
NOTIC: [8] Undefined index: validate D:\wamp\www\excavator\ThinkPHP\Library\Think\Model.class.php 第 1185 行.
NOTIC: [8] Undefined index: auto D:\wamp\www\excavator\ThinkPHP\Library\Think\Model.class.php 第 1128 行.
SQL: INSERT INTO `gms_manage` (`username`,`userpass`,`phone`,`email`,`groupid`,`status`,`avatar`) VALUES ('december183','qiyi1987','13925099870','guanyue584@163.com','2','1','/excavator/Uploads/images/20161213/584f94a258b5f150x150_thumb.jpg') [ RunTime:0.0412s ]
NOTIC: [2] Missing argument 4 for Think\Controller::apiReturn(), called in D:\wamp\www\excavator\Application\Admin\Controller\ManageController.class.php on line 37 and defined D:\wamp\www\excavator\ThinkPHP\Library\Think\Controller.class.php 第 244 行.
NOTIC: [8] Undefined variable: type D:\wamp\www\excavator\ThinkPHP\Library\Think\Controller.class.php 第 258 行.

[ 2016-12-13T15:24:43+08:00 ] ::1 /excavator/Admin/Manage/del?id=2
INFO: [ app_begin ] --START--
INFO: Run Behavior\ReadHtmlCacheBehavior [ RunTime:0.002000s ]
INFO: [ app_begin ] --END-- [ RunTime:0.002000s ]
SQL: SHOW COLUMNS FROM `gms_manage` [ RunTime:0.0060s ]
SQL: SHOW COLUMNS FROM `gms_group` [ RunTime:0.0000s ]
ERR: Think\Model:del方法不存在！

[ 2016-12-13T15:32:36+08:00 ] ::1 /excavator/Admin/Manage/del?id=2
INFO: [ app_begin ] --START--
INFO: Run Behavior\ReadHtmlCacheBehavior [ RunTime:0.001000s ]
INFO: [ app_begin ] --END-- [ RunTime:0.001000s ]
SQL: SHOW COLUMNS FROM `gms_manage` [ RunTime:0.0070s ]
SQL: SHOW COLUMNS FROM `gms_group` [ RunTime:0.0070s ]
ERR: Think\Model:del方法不存在！

[ 2016-12-13T15:33:41+08:00 ] ::1 /excavator/Admin/Manage/del?id=2
INFO: [ app_begin ] --START--
INFO: Run Behavior\ReadHtmlCacheBehavior [ RunTime:0.001000s ]
INFO: [ app_begin ] --END-- [ RunTime:0.001000s ]
SQL: SHOW COLUMNS FROM `gms_manage` [ RunTime:0.0050s ]
SQL: SHOW COLUMNS FROM `gms_group` [ RunTime:0.0080s ]
SQL: DELETE FROM `gms_manage` WHERE `id` = 2 [ RunTime:0.0376s ]
NOTIC: [2] Missing argument 3 for Think\Controller::apiReturn(), called in D:\wamp\www\excavator\Application\Admin\Controller\ManageController.class.php on line 56 and defined D:\wamp\www\excavator\ThinkPHP\Library\Think\Controller.class.php 第 244 行.
NOTIC: [2] Missing argument 4 for Think\Controller::apiReturn(), called in D:\wamp\www\excavator\Application\Admin\Controller\ManageController.class.php on line 56 and defined D:\wamp\www\excavator\ThinkPHP\Library\Think\Controller.class.php 第 244 行.
NOTIC: [8] Undefined variable: data D:\wamp\www\excavator\ThinkPHP\Library\Think\Controller.class.php 第 256 行.
NOTIC: [8] Undefined variable: type D:\wamp\www\excavator\ThinkPHP\Library\Think\Controller.class.php 第 258 行.

[ 2016-12-13T15:35:29+08:00 ] ::1 /excavator/index.php?s=/Admin/Manage/add
INFO: [ app_begin ] --START--
INFO: Run Behavior\ReadHtmlCacheBehavior [ RunTime:0.000000s ]
INFO: [ app_begin ] --END-- [ RunTime:0.000000s ]
SQL: SHOW COLUMNS FROM `gms_manage` [ RunTime:0.0000s ]
SQL: SHOW COLUMNS FROM `gms_group` [ RunTime:0.0156s ]
NOTIC: [2] call_user_func() expects parameter 1 to be a valid callback, no array or string given D:\wamp\www\excavator\ThinkPHP\Library\Think\Upload.class.php 第 170 行.
NOTIC: [8] Undefined index: validate D:\wamp\www\excavator\ThinkPHP\Library\Think\Model.class.php 第 1185 行.
NOTIC: [8] Undefined index: auto D:\wamp\www\excavator\ThinkPHP\Library\Think\Model.class.php 第 1128 行.
SQL: INSERT INTO `gms_manage` (`username`,`userpass`,`phone`,`email`,`groupid`,`status`,`remark`,`avatar`) VALUES ('december183','qiyi1987','13925099870','guanyue584@163.com','1','1','I\'m the common manager!','/excavator/Uploads/images/20161213/584fa4c11605c150x150_thumb.jpg') [ RunTime:0.0312s ]
NOTIC: [2] Missing argument 4 for Think\Controller::apiReturn(), called in D:\wamp\www\excavator\Application\Admin\Controller\ManageController.class.php on line 37 and defined D:\wamp\www\excavator\ThinkPHP\Library\Think\Controller.class.php 第 244 行.
NOTIC: [8] Undefined variable: type D:\wamp\www\excavator\ThinkPHP\Library\Think\Controller.class.php 第 258 行.

[ 2016-12-13T16:04:40+08:00 ] ::1 /excavator/Admin/Manage/del?id=3
INFO: [ app_begin ] --START--
INFO: Run Behavior\ReadHtmlCacheBehavior [ RunTime:0.001000s ]
INFO: [ app_begin ] --END-- [ RunTime:0.002000s ]
SQL: SHOW COLUMNS FROM `gms_manage` [ RunTime:0.0080s ]
SQL: SHOW COLUMNS FROM `gms_group` [ RunTime:0.0090s ]
SQL: DELETE FROM `gms_manage` WHERE `id` = 3 [ RunTime:0.0270s ]
NOTIC: [2] Missing argument 3 for Think\Controller::apiReturn(), called in D:\wamp\www\excavator\Application\Admin\Controller\ManageController.class.php on line 77 and defined D:\wamp\www\excavator\ThinkPHP\Library\Think\Controller.class.php 第 244 行.
NOTIC: [2] Missing argument 4 for Think\Controller::apiReturn(), called in D:\wamp\www\excavator\Application\Admin\Controller\ManageController.class.php on line 77 and defined D:\wamp\www\excavator\ThinkPHP\Library\Think\Controller.class.php 第 244 行.
NOTIC: [8] Undefined variable: data D:\wamp\www\excavator\ThinkPHP\Library\Think\Controller.class.php 第 256 行.
NOTIC: [8] Undefined variable: type D:\wamp\www\excavator\ThinkPHP\Library\Think\Controller.class.php 第 258 行.

[ 2016-12-13T16:06:51+08:00 ] ::1 /excavator/index.php?s=/Admin/Manage/add
INFO: [ app_begin ] --START--
INFO: Run Behavior\ReadHtmlCacheBehavior [ RunTime:0.001000s ]
INFO: [ app_begin ] --END-- [ RunTime:0.001000s ]
SQL: SHOW COLUMNS FROM `gms_manage` [ RunTime:0.0070s ]
SQL: SHOW COLUMNS FROM `gms_group` [ RunTime:0.0060s ]
NOTIC: [2] call_user_func() expects parameter 1 to be a valid callback, no array or string given D:\wamp\www\excavator\ThinkPHP\Library\Think\Upload.class.php 第 170 行.
NOTIC: [8] Undefined index: validate D:\wamp\www\excavator\ThinkPHP\Library\Think\Model.class.php 第 1185 行.
NOTIC: [8] Undefined index: auto D:\wamp\www\excavator\ThinkPHP\Library\Think\Model.class.php 第 1128 行.

[ 2016-12-13T16:07:42+08:00 ] ::1 /excavator/index.php?s=/Admin/Manage/add
INFO: [ app_begin ] --START--
INFO: Run Behavior\ReadHtmlCacheBehavior [ RunTime:0.001000s ]
INFO: [ app_begin ] --END-- [ RunTime:0.001000s ]
SQL: SHOW COLUMNS FROM `gms_manage` [ RunTime:0.0080s ]
SQL: SHOW COLUMNS FROM `gms_group` [ RunTime:0.0070s ]
NOTIC: [2] call_user_func() expects parameter 1 to be a valid callback, no array or string given D:\wamp\www\excavator\ThinkPHP\Library\Think\Upload.class.php 第 170 行.
NOTIC: [8] Undefined index: validate D:\wamp\www\excavator\ThinkPHP\Library\Think\Model.class.php 第 1185 行.
NOTIC: [8] Undefined index: auto D:\wamp\www\excavator\ThinkPHP\Library\Think\Model.class.php 第 1128 行.

[ 2016-12-13T16:09:24+08:00 ] ::1 /excavator/index.php?s=/Admin/Manage/add
INFO: [ app_begin ] --START--
INFO: Run Behavior\ReadHtmlCacheBehavior [ RunTime:0.001001s ]
INFO: [ app_begin ] --END-- [ RunTime:0.001001s ]
SQL: SHOW COLUMNS FROM `gms_manage` [ RunTime:0.0090s ]
SQL: SHOW COLUMNS FROM `gms_group` [ RunTime:0.0070s ]
NOTIC: [2] call_user_func() expects parameter 1 to be a valid callback, no array or string given D:\wamp\www\excavator\ThinkPHP\Library\Think\Upload.class.php 第 170 行.
NOTIC: [8] Undefined index: validate D:\wamp\www\excavator\ThinkPHP\Library\Think\Model.class.php 第 1185 行.
NOTIC: [8] Undefined index: auto D:\wamp\www\excavator\ThinkPHP\Library\Think\Model.class.php 第 1128 行.

[ 2016-12-13T16:11:05+08:00 ] ::1 /excavator/index.php?s=/Admin/Manage/add
INFO: [ app_begin ] --START--
INFO: Run Behavior\ReadHtmlCacheBehavior [ RunTime:0.003000s ]
INFO: [ app_begin ] --END-- [ RunTime:0.005000s ]
SQL: SHOW COLUMNS FROM `gms_manage` [ RunTime:0.0090s ]
SQL: SHOW COLUMNS FROM `gms_group` [ RunTime:0.0060s ]
NOTIC: [2] call_user_func() expects parameter 1 to be a valid callback, no array or string given D:\wamp\www\excavator\ThinkPHP\Library\Think\Upload.class.php 第 170 行.
NOTIC: [8] Undefined index: validate D:\wamp\www\excavator\ThinkPHP\Library\Think\Model.class.php 第 1185 行.
NOTIC: [8] Undefined index: auto D:\wamp\www\excavator\ThinkPHP\Library\Think\Model.class.php 第 1128 行.

[ 2016-12-13T16:13:04+08:00 ] ::1 /excavator/index.php?s=/Admin/Manage/add
INFO: [ app_begin ] --START--
INFO: Run Behavior\ReadHtmlCacheBehavior [ RunTime:0.001000s ]
INFO: [ app_begin ] --END-- [ RunTime:0.001000s ]
SQL: SHOW COLUMNS FROM `gms_manage` [ RunTime:0.0080s ]
SQL: SHOW COLUMNS FROM `gms_group` [ RunTime:0.0010s ]
NOTIC: [2] call_user_func() expects parameter 1 to be a valid callback, no array or string given D:\wamp\www\excavator\ThinkPHP\Library\Think\Upload.class.php 第 170 行.
NOTIC: [8] Undefined index: validate D:\wamp\www\excavator\ThinkPHP\Library\Think\Model.class.php 第 1185 行.
NOTIC: [8] Undefined index: auto D:\wamp\www\excavator\ThinkPHP\Library\Think\Model.class.php 第 1128 行.
SQL: INSERT INTO `gms_manage` (`username`,`userpass`,`phone`,`email`,`groupid`,`status`,`remark`,`avatar`,`date`) VALUES ('december183','9e8b4b743b69ff6ae91c35611ec65c8ceba0511c','13925099870','guanyue584@163.com','2','0','I\'m the common manager','/excavator/Uploads/images/20161213/584fad9002ea8150x150_thumb.jpg','1481616784') [ RunTime:0.0330s ]
NOTIC: [2] Missing argument 4 for Think\Controller::apiReturn(), called in D:\wamp\www\excavator\Application\Admin\Controller\ManageController.class.php on line 35 and defined D:\wamp\www\excavator\ThinkPHP\Library\Think\Controller.class.php 第 244 行.
NOTIC: [8] Undefined variable: type D:\wamp\www\excavator\ThinkPHP\Library\Think\Controller.class.php 第 258 行.

[ 2016-12-13T16:19:50+08:00 ] ::1 /excavator/index.php?s=/Admin/Manage/edit/id/4
INFO: [ app_begin ] --START--
INFO: Run Behavior\ReadHtmlCacheBehavior [ RunTime:0.000000s ]
INFO: [ app_begin ] --END-- [ RunTime:0.001000s ]
SQL: SHOW COLUMNS FROM `gms_manage` [ RunTime:0.0070s ]
SQL: SHOW COLUMNS FROM `gms_group` [ RunTime:0.0000s ]
NOTIC: [8] Undefined index: validate D:\wamp\www\excavator\ThinkPHP\Library\Think\Model.class.php 第 1185 行.
NOTIC: [2] Missing argument 3 for Think\Controller::apiReturn(), called in D:\wamp\www\excavator\Application\Admin\Controller\ManageController.class.php on line 63 and defined D:\wamp\www\excavator\ThinkPHP\Library\Think\Controller.class.php 第 244 行.
NOTIC: [2] Missing argument 4 for Think\Controller::apiReturn(), called in D:\wamp\www\excavator\Application\Admin\Controller\ManageController.class.php on line 63 and defined D:\wamp\www\excavator\ThinkPHP\Library\Think\Controller.class.php 第 244 行.
NOTIC: [8] Undefined variable: data D:\wamp\www\excavator\ThinkPHP\Library\Think\Controller.class.php 第 256 行.
NOTIC: [8] Undefined variable: type D:\wamp\www\excavator\ThinkPHP\Library\Think\Controller.class.php 第 258 行.

[ 2016-12-13T16:20:48+08:00 ] ::1 /excavator/index.php?s=/Admin/Manage/edit/id/4
INFO: [ app_begin ] --START--
INFO: Run Behavior\ReadHtmlCacheBehavior [ RunTime:0.001000s ]
INFO: [ app_begin ] --END-- [ RunTime:0.001000s ]
SQL: SHOW COLUMNS FROM `gms_manage` [ RunTime:0.0080s ]
SQL: SHOW COLUMNS FROM `gms_group` [ RunTime:0.0000s ]
NOTIC: [8] Undefined index: validate D:\wamp\www\excavator\ThinkPHP\Library\Think\Model.class.php 第 1185 行.
NOTIC: [8] Undefined index: auto D:\wamp\www\excavator\ThinkPHP\Library\Think\Model.class.php 第 1128 行.
ERR: 1062:Duplicata du champ '4' pour la clef 'PRIMARY'
 [ SQL语句 ] : INSERT INTO `gms_manage` (`id`,`username`,`phone`,`email`,`groupid`,`status`,`remark`) VALUES ('4','december183','13925099870','guanyue584@163.com','2','1','I\'m the common manager')
ERR: 1062:Duplicata du champ '4' pour la clef 'PRIMARY'
 [ SQL语句 ] : INSERT INTO `gms_manage` (`id`,`username`,`phone`,`email`,`groupid`,`status`,`remark`) VALUES ('4','december183','13925099870','guanyue584@163.com','2','1','I\'m the common manager')

[ 2016-12-13T16:21:39+08:00 ] ::1 /excavator/index.php?s=/Admin/Manage/edit/id/4
INFO: [ app_begin ] --START--
INFO: Run Behavior\ReadHtmlCacheBehavior [ RunTime:0.000000s ]
INFO: [ app_begin ] --END-- [ RunTime:0.001001s ]
SQL: SHOW COLUMNS FROM `gms_manage` [ RunTime:0.0070s ]
SQL: SHOW COLUMNS FROM `gms_group` [ RunTime:0.0080s ]
NOTIC: [8] Undefined index: validate D:\wamp\www\excavator\ThinkPHP\Library\Think\Model.class.php 第 1185 行.
NOTIC: [8] Undefined index: auto D:\wamp\www\excavator\ThinkPHP\Library\Think\Model.class.php 第 1128 行.
SQL: UPDATE `gms_manage` SET `username`='december183',`phone`='13925099870',`email`='guanyue584@163.com',`groupid`='2',`status`='1',`remark`='I\'m the common manager' WHERE `id` = 4 [ RunTime:0.0156s ]
NOTIC: [2] Missing argument 4 for Think\Controller::apiReturn(), called in D:\wamp\www\excavator\Application\Admin\Controller\ManageController.class.php on line 58 and defined D:\wamp\www\excavator\ThinkPHP\Library\Think\Controller.class.php 第 244 行.
NOTIC: [8] Undefined variable: type D:\wamp\www\excavator\ThinkPHP\Library\Think\Controller.class.php 第 258 行.

[ 2016-12-13T16:41:26+08:00 ] ::1 /excavator/index.php?s=/Admin/Manage/setStatus&id=4
INFO: [ app_begin ] --START--
INFO: Run Behavior\ReadHtmlCacheBehavior [ RunTime:0.000000s ]
INFO: [ app_begin ] --END-- [ RunTime:0.002000s ]
SQL: SHOW COLUMNS FROM `gms_manage` [ RunTime:0.0070s ]
SQL: SHOW COLUMNS FROM `gms_group` [ RunTime:0.0070s ]
SQL: SELECT `id`,`status` FROM `gms_manage` WHERE `id` = 4 LIMIT 1   [ RunTime:0.0000s ]
SQL: UPDATE `gms_manage` SET `status`='0' WHERE `id` = 4 [ RunTime:0.0156s ]
NOTIC: [2] Missing argument 3 for Think\Controller::apiReturn(), called in D:\wamp\www\excavator\Application\Admin\Controller\ManageController.class.php on line 89 and defined D:\wamp\www\excavator\ThinkPHP\Library\Think\Controller.class.php 第 244 行.
NOTIC: [2] Missing argument 4 for Think\Controller::apiReturn(), called in D:\wamp\www\excavator\Application\Admin\Controller\ManageController.class.php on line 89 and defined D:\wamp\www\excavator\ThinkPHP\Library\Think\Controller.class.php 第 244 行.
NOTIC: [8] Undefined variable: data D:\wamp\www\excavator\ThinkPHP\Library\Think\Controller.class.php 第 256 行.
NOTIC: [8] Undefined variable: type D:\wamp\www\excavator\ThinkPHP\Library\Think\Controller.class.php 第 258 行.

[ 2016-12-13T16:41:31+08:00 ] ::1 /excavator/index.php?s=/Admin/Manage/setStatus&id=4
INFO: [ app_begin ] --START--
INFO: Run Behavior\ReadHtmlCacheBehavior [ RunTime:0.001001s ]
INFO: [ app_begin ] --END-- [ RunTime:0.002001s ]
SQL: SHOW COLUMNS FROM `gms_manage` [ RunTime:0.0000s ]
SQL: SHOW COLUMNS FROM `gms_group` [ RunTime:0.0156s ]
SQL: SELECT `id`,`status` FROM `gms_manage` WHERE `id` = 4 LIMIT 1   [ RunTime:0.0000s ]
SQL: UPDATE `gms_manage` SET `status`='1' WHERE `id` = 4 [ RunTime:0.0156s ]
NOTIC: [2] Missing argument 3 for Think\Controller::apiReturn(), called in D:\wamp\www\excavator\Application\Admin\Controller\ManageController.class.php on line 96 and defined D:\wamp\www\excavator\ThinkPHP\Library\Think\Controller.class.php 第 244 行.
NOTIC: [2] Missing argument 4 for Think\Controller::apiReturn(), called in D:\wamp\www\excavator\Application\Admin\Controller\ManageController.class.php on line 96 and defined D:\wamp\www\excavator\ThinkPHP\Library\Think\Controller.class.php 第 244 行.
NOTIC: [8] Undefined variable: data D:\wamp\www\excavator\ThinkPHP\Library\Think\Controller.class.php 第 256 行.
NOTIC: [8] Undefined variable: type D:\wamp\www\excavator\ThinkPHP\Library\Think\Controller.class.php 第 258 行.

[ 2016-12-13T16:41:35+08:00 ] ::1 /excavator/index.php?s=/Admin/Manage/setStatus&id=1
INFO: [ app_begin ] --START--
INFO: Run Behavior\ReadHtmlCacheBehavior [ RunTime:0.002000s ]
INFO: [ app_begin ] --END-- [ RunTime:0.003000s ]
SQL: SHOW COLUMNS FROM `gms_manage` [ RunTime:0.0080s ]
SQL: SHOW COLUMNS FROM `gms_group` [ RunTime:0.0000s ]
SQL: SELECT `id`,`status` FROM `gms_manage` WHERE `id` = 1 LIMIT 1   [ RunTime:0.0000s ]
SQL: UPDATE `gms_manage` SET `status`='0' WHERE `id` = 1 [ RunTime:0.0312s ]
NOTIC: [2] Missing argument 3 for Think\Controller::apiReturn(), called in D:\wamp\www\excavator\Application\Admin\Controller\ManageController.class.php on line 89 and defined D:\wamp\www\excavator\ThinkPHP\Library\Think\Controller.class.php 第 244 行.
NOTIC: [2] Missing argument 4 for Think\Controller::apiReturn(), called in D:\wamp\www\excavator\Application\Admin\Controller\ManageController.class.php on line 89 and defined D:\wamp\www\excavator\ThinkPHP\Library\Think\Controller.class.php 第 244 行.
NOTIC: [8] Undefined variable: data D:\wamp\www\excavator\ThinkPHP\Library\Think\Controller.class.php 第 256 行.
NOTIC: [8] Undefined variable: type D:\wamp\www\excavator\ThinkPHP\Library\Think\Controller.class.php 第 258 行.

[ 2016-12-13T16:41:37+08:00 ] ::1 /excavator/index.php?s=/Admin/Manage/setStatus&id=1
INFO: [ app_begin ] --START--
INFO: Run Behavior\ReadHtmlCacheBehavior [ RunTime:0.001000s ]
INFO: [ app_begin ] --END-- [ RunTime:0.002000s ]
SQL: SHOW COLUMNS FROM `gms_manage` [ RunTime:0.0080s ]
SQL: SHOW COLUMNS FROM `gms_group` [ RunTime:0.0070s ]
SQL: SELECT `id`,`status` FROM `gms_manage` WHERE `id` = 1 LIMIT 1   [ RunTime:0.0000s ]
SQL: UPDATE `gms_manage` SET `status`='1' WHERE `id` = 1 [ RunTime:0.0176s ]
NOTIC: [2] Missing argument 3 for Think\Controller::apiReturn(), called in D:\wamp\www\excavator\Application\Admin\Controller\ManageController.class.php on line 96 and defined D:\wamp\www\excavator\ThinkPHP\Library\Think\Controller.class.php 第 244 行.
NOTIC: [2] Missing argument 4 for Think\Controller::apiReturn(), called in D:\wamp\www\excavator\Application\Admin\Controller\ManageController.class.php on line 96 and defined D:\wamp\www\excavator\ThinkPHP\Library\Think\Controller.class.php 第 244 行.
NOTIC: [8] Undefined variable: data D:\wamp\www\excavator\ThinkPHP\Library\Think\Controller.class.php 第 256 行.
NOTIC: [8] Undefined variable: type D:\wamp\www\excavator\ThinkPHP\Library\Think\Controller.class.php 第 258 行.

[ 2016-12-13T16:41:54+08:00 ] ::1 /excavator/index.php?s=/Admin/Manage/setStatus&id=4
INFO: [ app_begin ] --START--
INFO: Run Behavior\ReadHtmlCacheBehavior [ RunTime:0.000000s ]
INFO: [ app_begin ] --END-- [ RunTime:0.000000s ]
SQL: SHOW COLUMNS FROM `gms_manage` [ RunTime:0.0080s ]
SQL: SHOW COLUMNS FROM `gms_group` [ RunTime:0.0020s ]
SQL: SELECT `id`,`status` FROM `gms_manage` WHERE `id` = 4 LIMIT 1   [ RunTime:0.0000s ]
SQL: UPDATE `gms_manage` SET `status`='0' WHERE `id` = 4 [ RunTime:0.1560s ]
NOTIC: [2] Missing argument 3 for Think\Controller::apiReturn(), called in D:\wamp\www\excavator\Application\Admin\Controller\ManageController.class.php on line 89 and defined D:\wamp\www\excavator\ThinkPHP\Library\Think\Controller.class.php 第 244 行.
NOTIC: [2] Missing argument 4 for Think\Controller::apiReturn(), called in D:\wamp\www\excavator\Application\Admin\Controller\ManageController.class.php on line 89 and defined D:\wamp\www\excavator\ThinkPHP\Library\Think\Controller.class.php 第 244 行.
NOTIC: [8] Undefined variable: data D:\wamp\www\excavator\ThinkPHP\Library\Think\Controller.class.php 第 256 行.
NOTIC: [8] Undefined variable: type D:\wamp\www\excavator\ThinkPHP\Library\Think\Controller.class.php 第 258 行.

[ 2016-12-13T16:41:55+08:00 ] ::1 /excavator/index.php?s=/Admin/Manage/setStatus&id=4
INFO: [ app_begin ] --START--
INFO: Run Behavior\ReadHtmlCacheBehavior [ RunTime:0.001000s ]
INFO: [ app_begin ] --END-- [ RunTime:0.002000s ]
SQL: SHOW COLUMNS FROM `gms_manage` [ RunTime:0.0010s ]
SQL: SHOW COLUMNS FROM `gms_group` [ RunTime:0.0156s ]
SQL: SELECT `id`,`status` FROM `gms_manage` WHERE `id` = 4 LIMIT 1   [ RunTime:0.0000s ]
SQL: UPDATE `gms_manage` SET `status`='1' WHERE `id` = 4 [ RunTime:0.1560s ]
NOTIC: [2] Missing argument 3 for Think\Controller::apiReturn(), called in D:\wamp\www\excavator\Application\Admin\Controller\ManageController.class.php on line 96 and defined D:\wamp\www\excavator\ThinkPHP\Library\Think\Controller.class.php 第 244 行.
NOTIC: [2] Missing argument 4 for Think\Controller::apiReturn(), called in D:\wamp\www\excavator\Application\Admin\Controller\ManageController.class.php on line 96 and defined D:\wamp\www\excavator\ThinkPHP\Library\Think\Controller.class.php 第 244 行.
NOTIC: [8] Undefined variable: data D:\wamp\www\excavator\ThinkPHP\Library\Think\Controller.class.php 第 256 行.
NOTIC: [8] Undefined variable: type D:\wamp\www\excavator\ThinkPHP\Library\Think\Controller.class.php 第 258 行.

[ 2016-12-13T16:41:57+08:00 ] ::1 /excavator/index.php?s=/Admin/Manage/setStatus&id=1
INFO: [ app_begin ] --START--
INFO: Run Behavior\ReadHtmlCacheBehavior [ RunTime:0.002000s ]
INFO: [ app_begin ] --END-- [ RunTime:0.003000s ]
SQL: SHOW COLUMNS FROM `gms_manage` [ RunTime:0.0000s ]
SQL: SHOW COLUMNS FROM `gms_group` [ RunTime:0.0156s ]
SQL: SELECT `id`,`status` FROM `gms_manage` WHERE `id` = 1 LIMIT 1   [ RunTime:0.0000s ]
SQL: UPDATE `gms_manage` SET `status`='0' WHERE `id` = 1 [ RunTime:0.0468s ]
NOTIC: [2] Missing argument 3 for Think\Controller::apiReturn(), called in D:\wamp\www\excavator\Application\Admin\Controller\ManageController.class.php on line 89 and defined D:\wamp\www\excavator\ThinkPHP\Library\Think\Controller.class.php 第 244 行.
NOTIC: [2] Missing argument 4 for Think\Controller::apiReturn(), called in D:\wamp\www\excavator\Application\Admin\Controller\ManageController.class.php on line 89 and defined D:\wamp\www\excavator\ThinkPHP\Library\Think\Controller.class.php 第 244 行.
NOTIC: [8] Undefined variable: data D:\wamp\www\excavator\ThinkPHP\Library\Think\Controller.class.php 第 256 行.
NOTIC: [8] Undefined variable: type D:\wamp\www\excavator\ThinkPHP\Library\Think\Controller.class.php 第 258 行.

[ 2016-12-13T16:41:57+08:00 ] ::1 /excavator/index.php?s=/Admin/Manage/setStatus&id=1
INFO: [ app_begin ] --START--
INFO: Run Behavior\ReadHtmlCacheBehavior [ RunTime:0.001000s ]
INFO: [ app_begin ] --END-- [ RunTime:0.003000s ]
SQL: SHOW COLUMNS FROM `gms_manage` [ RunTime:0.0080s ]
SQL: SHOW COLUMNS FROM `gms_group` [ RunTime:0.0080s ]
SQL: SELECT `id`,`status` FROM `gms_manage` WHERE `id` = 1 LIMIT 1   [ RunTime:0.0010s ]
SQL: UPDATE `gms_manage` SET `status`='1' WHERE `id` = 1 [ RunTime:0.0156s ]
NOTIC: [2] Missing argument 3 for Think\Controller::apiReturn(), called in D:\wamp\www\excavator\Application\Admin\Controller\ManageController.class.php on line 96 and defined D:\wamp\www\excavator\ThinkPHP\Library\Think\Controller.class.php 第 244 行.
NOTIC: [2] Missing argument 4 for Think\Controller::apiReturn(), called in D:\wamp\www\excavator\Application\Admin\Controller\ManageController.class.php on line 96 and defined D:\wamp\www\excavator\ThinkPHP\Library\Think\Controller.class.php 第 244 行.
NOTIC: [8] Undefined variable: data D:\wamp\www\excavator\ThinkPHP\Library\Think\Controller.class.php 第 256 行.
NOTIC: [8] Undefined variable: type D:\wamp\www\excavator\ThinkPHP\Library\Think\Controller.class.php 第 258 行.

[ 2016-12-13T17:19:47+08:00 ] ::1 /excavator/index.php?s=/Admin/Manage/setStatus&id=4
INFO: [ app_begin ] --START--
INFO: Run Behavior\ReadHtmlCacheBehavior [ RunTime:0.000000s ]
INFO: [ app_begin ] --END-- [ RunTime:0.002000s ]
SQL: SHOW COLUMNS FROM `gms_manage` [ RunTime:0.0070s ]
SQL: SHOW COLUMNS FROM `gms_group` [ RunTime:0.0070s ]
SQL: SELECT `id`,`status` FROM `gms_manage` WHERE `id` = 4 LIMIT 1   [ RunTime:0.0010s ]
SQL: UPDATE `gms_manage` SET `status`='0' WHERE `id` = 4 [ RunTime:0.0350s ]
NOTIC: [2] Missing argument 3 for Think\Controller::apiReturn(), called in D:\wamp\www\excavator\Application\Admin\Controller\ManageController.class.php on line 105 and defined D:\wamp\www\excavator\ThinkPHP\Library\Think\Controller.class.php 第 244 行.
NOTIC: [2] Missing argument 4 for Think\Controller::apiReturn(), called in D:\wamp\www\excavator\Application\Admin\Controller\ManageController.class.php on line 105 and defined D:\wamp\www\excavator\ThinkPHP\Library\Think\Controller.class.php 第 244 行.
NOTIC: [8] Undefined variable: data D:\wamp\www\excavator\ThinkPHP\Library\Think\Controller.class.php 第 256 行.
NOTIC: [8] Undefined variable: type D:\wamp\www\excavator\ThinkPHP\Library\Think\Controller.class.php 第 258 行.

[ 2016-12-13T17:19:48+08:00 ] ::1 /excavator/index.php?s=/Admin/Manage/setStatus&id=1
INFO: [ app_begin ] --START--
INFO: Run Behavior\ReadHtmlCacheBehavior [ RunTime:0.000000s ]
INFO: [ app_begin ] --END-- [ RunTime:0.002000s ]
SQL: SHOW COLUMNS FROM `gms_manage` [ RunTime:0.0010s ]
SQL: SHOW COLUMNS FROM `gms_group` [ RunTime:0.0156s ]
SQL: SELECT `id`,`status` FROM `gms_manage` WHERE `id` = 1 LIMIT 1   [ RunTime:0.0000s ]
SQL: UPDATE `gms_manage` SET `status`='0' WHERE `id` = 1 [ RunTime:0.0312s ]
NOTIC: [2] Missing argument 3 for Think\Controller::apiReturn(), called in D:\wamp\www\excavator\Application\Admin\Controller\ManageController.class.php on line 105 and defined D:\wamp\www\excavator\ThinkPHP\Library\Think\Controller.class.php 第 244 行.
NOTIC: [2] Missing argument 4 for Think\Controller::apiReturn(), called in D:\wamp\www\excavator\Application\Admin\Controller\ManageController.class.php on line 105 and defined D:\wamp\www\excavator\ThinkPHP\Library\Think\Controller.class.php 第 244 行.
NOTIC: [8] Undefined variable: data D:\wamp\www\excavator\ThinkPHP\Library\Think\Controller.class.php 第 256 行.
NOTIC: [8] Undefined variable: type D:\wamp\www\excavator\ThinkPHP\Library\Think\Controller.class.php 第 258 行.

[ 2016-12-13T17:19:53+08:00 ] ::1 /excavator/index.php?s=/Admin/Manage/setStatus&id=1
INFO: [ app_begin ] --START--
INFO: Run Behavior\ReadHtmlCacheBehavior [ RunTime:0.001000s ]
INFO: [ app_begin ] --END-- [ RunTime:0.001000s ]
SQL: SHOW COLUMNS FROM `gms_manage` [ RunTime:0.0070s ]
SQL: SHOW COLUMNS FROM `gms_group` [ RunTime:0.0030s ]
SQL: SELECT `id`,`status` FROM `gms_manage` WHERE `id` = 1 LIMIT 1   [ RunTime:0.0000s ]
SQL: UPDATE `gms_manage` SET `status`='1' WHERE `id` = 1 [ RunTime:0.0250s ]
NOTIC: [2] Missing argument 3 for Think\Controller::apiReturn(), called in D:\wamp\www\excavator\Application\Admin\Controller\ManageController.class.php on line 112 and defined D:\wamp\www\excavator\ThinkPHP\Library\Think\Controller.class.php 第 244 行.
NOTIC: [2] Missing argument 4 for Think\Controller::apiReturn(), called in D:\wamp\www\excavator\Application\Admin\Controller\ManageController.class.php on line 112 and defined D:\wamp\www\excavator\ThinkPHP\Library\Think\Controller.class.php 第 244 行.
NOTIC: [8] Undefined variable: data D:\wamp\www\excavator\ThinkPHP\Library\Think\Controller.class.php 第 256 行.
NOTIC: [8] Undefined variable: type D:\wamp\www\excavator\ThinkPHP\Library\Think\Controller.class.php 第 258 行.

[ 2016-12-13T17:19:56+08:00 ] ::1 /excavator/index.php?s=/Admin/Manage/index
INFO: [ app_begin ] --START--
INFO: Run Behavior\ReadHtmlCacheBehavior [ RunTime:0.001000s ]
INFO: [ app_begin ] --END-- [ RunTime:0.001000s ]
SQL: SHOW COLUMNS FROM `gms_manage` [ RunTime:0.0050s ]
SQL: SHOW COLUMNS FROM `gms_group` [ RunTime:0.0080s ]
INFO: [ app_end ] --START--
INFO: Run Behavior\ShowPageTraceBehavior [ RunTime:0.000000s ]
INFO: [ app_end ] --END-- [ RunTime:0.002000s ]

[ 2016-12-13T17:20:48+08:00 ] ::1 /excavator/index.php?s=/Admin/Manage/index
INFO: [ app_begin ] --START--
INFO: Run Behavior\ReadHtmlCacheBehavior [ RunTime:0.001000s ]
INFO: [ app_begin ] --END-- [ RunTime:0.001000s ]
SQL: SHOW COLUMNS FROM `gms_manage` [ RunTime:0.0070s ]
SQL: SHOW COLUMNS FROM `gms_group` [ RunTime:0.0080s ]
INFO: [ app_end ] --START--
INFO: Run Behavior\ShowPageTraceBehavior [ RunTime:0.001000s ]
INFO: [ app_end ] --END-- [ RunTime:0.001000s ]

[ 2016-12-13T17:20:58+08:00 ] ::1 /excavator/index.php?s=/Admin/Manage/index
INFO: [ app_begin ] --START--
INFO: Run Behavior\ReadHtmlCacheBehavior [ RunTime:0.001000s ]
INFO: [ app_begin ] --END-- [ RunTime:0.001000s ]
SQL: SHOW COLUMNS FROM `gms_manage` [ RunTime:0.0070s ]
SQL: SHOW COLUMNS FROM `gms_group` [ RunTime:0.0070s ]
INFO: [ app_end ] --START--
INFO: Run Behavior\ShowPageTraceBehavior [ RunTime:0.000000s ]
INFO: [ app_end ] --END-- [ RunTime:0.000000s ]

[ 2016-12-13T17:21:11+08:00 ] ::1 /excavator/index.php?s=/Admin/Manage/index
INFO: [ app_begin ] --START--
INFO: Run Behavior\ReadHtmlCacheBehavior [ RunTime:0.001001s ]
INFO: [ app_begin ] --END-- [ RunTime:0.001001s ]
SQL: SHOW COLUMNS FROM `gms_manage` [ RunTime:0.0080s ]
SQL: SHOW COLUMNS FROM `gms_group` [ RunTime:0.0040s ]
INFO: [ app_end ] --START--
INFO: Run Behavior\ShowPageTraceBehavior [ RunTime:0.000000s ]
INFO: [ app_end ] --END-- [ RunTime:0.000000s ]

[ 2016-12-13T17:21:32+08:00 ] ::1 /excavator/index.php?s=/Admin/Manage/logout
INFO: [ app_begin ] --START--
INFO: Run Behavior\ReadHtmlCacheBehavior [ RunTime:0.001000s ]
INFO: [ app_begin ] --END-- [ RunTime:0.001000s ]
SQL: SHOW COLUMNS FROM `gms_manage` [ RunTime:0.0080s ]
SQL: SHOW COLUMNS FROM `gms_group` [ RunTime:0.0070s ]

[ 2016-12-13T17:21:32+08:00 ] ::1 /excavator/index.php?s=/Admin/Login/index.html
INFO: [ app_begin ] --START--
INFO: Run Behavior\ReadHtmlCacheBehavior [ RunTime:0.000000s ]
INFO: [ app_begin ] --END-- [ RunTime:0.000000s ]
SQL: SHOW COLUMNS FROM `gms_manage` [ RunTime:0.0156s ]
INFO: [ view_parse ] --START--
INFO: [ template_filter ] --START--
INFO: Run Behavior\ContentReplaceBehavior [ RunTime:0.000000s ]
INFO: [ template_filter ] --END-- [ RunTime:0.000000s ]
INFO: Run Behavior\ParseTemplateBehavior [ RunTime:0.000000s ]
INFO: [ view_parse ] --END-- [ RunTime:0.000000s ]
INFO: [ view_filter ] --START--
INFO: Run Behavior\WriteHtmlCacheBehavior [ RunTime:0.000000s ]
INFO: [ view_filter ] --END-- [ RunTime:0.000000s ]
INFO: [ app_end ] --START--
INFO: Run Behavior\ShowPageTraceBehavior [ RunTime:0.000000s ]
INFO: [ app_end ] --END-- [ RunTime:0.000000s ]

[ 2016-12-13T17:21:36+08:00 ] ::1 /excavator/index.php?s=/Admin/Login/index.html
INFO: [ app_begin ] --START--
INFO: Run Behavior\ReadHtmlCacheBehavior [ RunTime:0.000000s ]
INFO: [ app_begin ] --END-- [ RunTime:0.001000s ]
SQL: SHOW COLUMNS FROM `gms_manage` [ RunTime:0.0070s ]
NOTIC: [2] Missing argument 3 for Think\Controller::apiReturn(), called in D:\wamp\www\excavator\Application\Admin\Controller\LoginController.class.php on line 27 and defined D:\wamp\www\excavator\ThinkPHP\Library\Think\Controller.class.php 第 244 行.
NOTIC: [2] Missing argument 4 for Think\Controller::apiReturn(), called in D:\wamp\www\excavator\Application\Admin\Controller\LoginController.class.php on line 27 and defined D:\wamp\www\excavator\ThinkPHP\Library\Think\Controller.class.php 第 244 行.
NOTIC: [8] Undefined variable: data D:\wamp\www\excavator\ThinkPHP\Library\Think\Controller.class.php 第 256 行.
NOTIC: [8] Undefined variable: type D:\wamp\www\excavator\ThinkPHP\Library\Think\Controller.class.php 第 258 行.

