[ 2016-12-30T09:37:26+08:00 ] 127.0.0.1 /excavator/Admin/Login/index
INFO: [ app_begin ] --START--
INFO: Run Behavior\ReadHtmlCacheBehavior [ RunTime:0.001000s ]
INFO: [ app_begin ] --END-- [ RunTime:0.004000s ]
SQL: SHOW COLUMNS FROM `gms_manage` [ RunTime:0.0030s ]
SQL: SELECT `id`,`username`,`userpass` FROM `gms_manage` WHERE `username` = 'admin' LIMIT 1   [ RunTime:0.0010s ]
NOTIC: [2] Missing argument 4 for Think\Controller::apiReturn(), called in D:\wamp\www\excavator\Application\Admin\Controller\LoginController.class.php on line 37 and defined D:\wamp\www\excavator\ThinkPHP\Library\Think\Controller.class.php 第 244 行.
NOTIC: [8] Undefined variable: type D:\wamp\www\excavator\ThinkPHP\Library\Think\Controller.class.php 第 258 行.

[ 2016-12-30T09:51:15+08:00 ] 127.0.0.1 /excavator/Admin/Manage/ajaxSearch?keywords=&p=2
INFO: [ app_begin ] --START--
INFO: Run Behavior\ReadHtmlCacheBehavior [ RunTime:0.000000s ]
INFO: [ app_begin ] --END-- [ RunTime:0.010000s ]
SQL: SHOW COLUMNS FROM `gms_manage` [ RunTime:0.0000s ]
SQL: SHOW COLUMNS FROM `gms_group` [ RunTime:0.0100s ]
SQL: SHOW COLUMNS FROM `gms_auth` [ RunTime:0.0100s ]
SQL: SELECT `id`,`pid` FROM `gms_auth` WHERE `action` = 'Manage/ajaxSearch' LIMIT 1   [ RunTime:0.0000s ]
NOTIC: [8] Undefined variable: map D:\wamp\www\excavator\Application\Admin\Controller\ManageController.class.php 第 145 行.
SQL: SELECT COUNT(*) AS tp_count FROM `gms_manage` LIMIT 1   [ RunTime:0.0000s ]
NOTIC: [8] Undefined variable: map D:\wamp\www\excavator\Application\Admin\Controller\ManageController.class.php 第 148 行.
SQL: SELECT a.id,a.username,a.email,a.phone,a.avatar,a.remark,a.status,a.date,b.name AS groupname FROM gms_manage a INNER JOIN gms_group AS b ON a.groupid=b.id  ORDER BY a.date DESC LIMIT 2,2   [ RunTime:0.0000s ]
NOTIC: [2] Missing argument 4 for Think\Controller::apiReturn(), called in D:\wamp\www\excavator\Application\Admin\Controller\ManageController.class.php on line 150 and defined D:\wamp\www\excavator\ThinkPHP\Library\Think\Controller.class.php 第 244 行.
NOTIC: [8] Undefined variable: type D:\wamp\www\excavator\ThinkPHP\Library\Think\Controller.class.php 第 258 行.

[ 2016-12-30T09:51:17+08:00 ] 127.0.0.1 /excavator/Admin/Manage/ajaxSearch?keywords=&p=1
INFO: [ app_begin ] --START--
INFO: Run Behavior\ReadHtmlCacheBehavior [ RunTime:0.000000s ]
INFO: [ app_begin ] --END-- [ RunTime:0.000000s ]
SQL: SHOW COLUMNS FROM `gms_manage` [ RunTime:0.0100s ]
SQL: SHOW COLUMNS FROM `gms_group` [ RunTime:0.0000s ]
SQL: SHOW COLUMNS FROM `gms_auth` [ RunTime:0.0100s ]
SQL: SELECT `id`,`pid` FROM `gms_auth` WHERE `action` = 'Manage/ajaxSearch' LIMIT 1   [ RunTime:0.0000s ]
NOTIC: [8] Undefined variable: map D:\wamp\www\excavator\Application\Admin\Controller\ManageController.class.php 第 145 行.
SQL: SELECT COUNT(*) AS tp_count FROM `gms_manage` LIMIT 1   [ RunTime:0.0000s ]
NOTIC: [8] Undefined variable: map D:\wamp\www\excavator\Application\Admin\Controller\ManageController.class.php 第 148 行.
SQL: SELECT a.id,a.username,a.email,a.phone,a.avatar,a.remark,a.status,a.date,b.name AS groupname FROM gms_manage a INNER JOIN gms_group AS b ON a.groupid=b.id  ORDER BY a.date DESC LIMIT 0,2   [ RunTime:0.0100s ]
NOTIC: [2] Missing argument 4 for Think\Controller::apiReturn(), called in D:\wamp\www\excavator\Application\Admin\Controller\ManageController.class.php on line 150 and defined D:\wamp\www\excavator\ThinkPHP\Library\Think\Controller.class.php 第 244 行.
NOTIC: [8] Undefined variable: type D:\wamp\www\excavator\ThinkPHP\Library\Think\Controller.class.php 第 258 行.

[ 2016-12-30T09:51:23+08:00 ] 127.0.0.1 /excavator/Admin/Manage/ajaxSearch?keywords=&p=2
INFO: [ app_begin ] --START--
INFO: Run Behavior\ReadHtmlCacheBehavior [ RunTime:0.000000s ]
INFO: [ app_begin ] --END-- [ RunTime:0.000000s ]
SQL: SHOW COLUMNS FROM `gms_manage` [ RunTime:0.0000s ]
SQL: SHOW COLUMNS FROM `gms_group` [ RunTime:0.0100s ]
SQL: SHOW COLUMNS FROM `gms_auth` [ RunTime:0.0100s ]
SQL: SELECT `id`,`pid` FROM `gms_auth` WHERE `action` = 'Manage/ajaxSearch' LIMIT 1   [ RunTime:0.0000s ]
NOTIC: [8] Undefined variable: map D:\wamp\www\excavator\Application\Admin\Controller\ManageController.class.php 第 145 行.
SQL: SELECT COUNT(*) AS tp_count FROM `gms_manage` LIMIT 1   [ RunTime:0.0000s ]
NOTIC: [8] Undefined variable: map D:\wamp\www\excavator\Application\Admin\Controller\ManageController.class.php 第 148 行.
SQL: SELECT a.id,a.username,a.email,a.phone,a.avatar,a.remark,a.status,a.date,b.name AS groupname FROM gms_manage a INNER JOIN gms_group AS b ON a.groupid=b.id  ORDER BY a.date DESC LIMIT 2,2   [ RunTime:0.0000s ]
NOTIC: [2] Missing argument 4 for Think\Controller::apiReturn(), called in D:\wamp\www\excavator\Application\Admin\Controller\ManageController.class.php on line 150 and defined D:\wamp\www\excavator\ThinkPHP\Library\Think\Controller.class.php 第 244 行.
NOTIC: [8] Undefined variable: type D:\wamp\www\excavator\ThinkPHP\Library\Think\Controller.class.php 第 258 行.

[ 2016-12-30T09:51:27+08:00 ] 127.0.0.1 /excavator/Admin/Manage/ajaxSearch?keywords=&p=1
INFO: [ app_begin ] --START--
INFO: Run Behavior\ReadHtmlCacheBehavior [ RunTime:0.000000s ]
INFO: [ app_begin ] --END-- [ RunTime:0.000000s ]
SQL: SHOW COLUMNS FROM `gms_manage` [ RunTime:0.0000s ]
SQL: SHOW COLUMNS FROM `gms_group` [ RunTime:0.0100s ]
SQL: SHOW COLUMNS FROM `gms_auth` [ RunTime:0.0100s ]
SQL: SELECT `id`,`pid` FROM `gms_auth` WHERE `action` = 'Manage/ajaxSearch' LIMIT 1   [ RunTime:0.0000s ]
NOTIC: [8] Undefined variable: map D:\wamp\www\excavator\Application\Admin\Controller\ManageController.class.php 第 145 行.
SQL: SELECT COUNT(*) AS tp_count FROM `gms_manage` LIMIT 1   [ RunTime:0.0100s ]
NOTIC: [8] Undefined variable: map D:\wamp\www\excavator\Application\Admin\Controller\ManageController.class.php 第 148 行.
SQL: SELECT a.id,a.username,a.email,a.phone,a.avatar,a.remark,a.status,a.date,b.name AS groupname FROM gms_manage a INNER JOIN gms_group AS b ON a.groupid=b.id  ORDER BY a.date DESC LIMIT 0,2   [ RunTime:0.0000s ]
NOTIC: [2] Missing argument 4 for Think\Controller::apiReturn(), called in D:\wamp\www\excavator\Application\Admin\Controller\ManageController.class.php on line 150 and defined D:\wamp\www\excavator\ThinkPHP\Library\Think\Controller.class.php 第 244 行.
NOTIC: [8] Undefined variable: type D:\wamp\www\excavator\ThinkPHP\Library\Think\Controller.class.php 第 258 行.

[ 2016-12-30T09:51:37+08:00 ] 127.0.0.1 /excavator/Admin/Group/ajaxSearch?keywords=&p=2
INFO: [ app_begin ] --START--
INFO: Run Behavior\ReadHtmlCacheBehavior [ RunTime:0.000000s ]
INFO: [ app_begin ] --END-- [ RunTime:0.000000s ]
SQL: SHOW COLUMNS FROM `gms_manage` [ RunTime:0.0090s ]
SQL: SHOW COLUMNS FROM `gms_group` [ RunTime:0.0040s ]
SQL: SHOW COLUMNS FROM `gms_auth` [ RunTime:0.0080s ]
SQL: SELECT `id`,`pid` FROM `gms_auth` WHERE `action` = 'Group/ajaxSearch' LIMIT 1   [ RunTime:0.0010s ]
NOTIC: [8] Undefined variable: map D:\wamp\www\excavator\Application\Admin\Controller\GroupController.class.php 第 117 行.
SQL: SELECT COUNT(*) AS tp_count FROM `gms_group` LIMIT 1   [ RunTime:0.0010s ]
NOTIC: [8] Undefined variable: map D:\wamp\www\excavator\Application\Admin\Controller\GroupController.class.php 第 120 行.
SQL: SELECT * FROM `gms_group` LIMIT 2,2   [ RunTime:0.0010s ]
NOTIC: [2] Missing argument 4 for Think\Controller::apiReturn(), called in D:\wamp\www\excavator\Application\Admin\Controller\GroupController.class.php on line 122 and defined D:\wamp\www\excavator\ThinkPHP\Library\Think\Controller.class.php 第 244 行.
NOTIC: [8] Undefined variable: type D:\wamp\www\excavator\ThinkPHP\Library\Think\Controller.class.php 第 258 行.

[ 2016-12-30T09:51:39+08:00 ] 127.0.0.1 /excavator/Admin/Group/ajaxSearch?keywords=&p=1
INFO: [ app_begin ] --START--
INFO: Run Behavior\ReadHtmlCacheBehavior [ RunTime:0.000000s ]
INFO: [ app_begin ] --END-- [ RunTime:0.000000s ]
SQL: SHOW COLUMNS FROM `gms_manage` [ RunTime:0.0080s ]
SQL: SHOW COLUMNS FROM `gms_group` [ RunTime:0.0080s ]
SQL: SHOW COLUMNS FROM `gms_auth` [ RunTime:0.0080s ]
SQL: SELECT `id`,`pid` FROM `gms_auth` WHERE `action` = 'Group/ajaxSearch' LIMIT 1   [ RunTime:0.0010s ]
NOTIC: [8] Undefined variable: map D:\wamp\www\excavator\Application\Admin\Controller\GroupController.class.php 第 117 行.
SQL: SELECT COUNT(*) AS tp_count FROM `gms_group` LIMIT 1   [ RunTime:0.0000s ]
NOTIC: [8] Undefined variable: map D:\wamp\www\excavator\Application\Admin\Controller\GroupController.class.php 第 120 行.
SQL: SELECT * FROM `gms_group` LIMIT 0,2   [ RunTime:0.0010s ]
NOTIC: [2] Missing argument 4 for Think\Controller::apiReturn(), called in D:\wamp\www\excavator\Application\Admin\Controller\GroupController.class.php on line 122 and defined D:\wamp\www\excavator\ThinkPHP\Library\Think\Controller.class.php 第 244 行.
NOTIC: [8] Undefined variable: type D:\wamp\www\excavator\ThinkPHP\Library\Think\Controller.class.php 第 258 行.

[ 2016-12-30T09:54:47+08:00 ] 127.0.0.1 /excavator/Admin/Brand/getBrand
INFO: [ app_begin ] --START--
INFO: Run Behavior\ReadHtmlCacheBehavior [ RunTime:0.001000s ]
INFO: [ app_begin ] --END-- [ RunTime:0.003000s ]
SQL: SHOW COLUMNS FROM `gms_manage` [ RunTime:0.0000s ]
SQL: SHOW COLUMNS FROM `gms_group` [ RunTime:0.0100s ]
SQL: SHOW COLUMNS FROM `gms_auth` [ RunTime:0.0000s ]
SQL: SELECT `id`,`pid` FROM `gms_auth` WHERE `action` = 'Brand/getBrand' LIMIT 1   [ RunTime:0.0000s ]
SQL: SHOW COLUMNS FROM `gms_brand` [ RunTime:0.0000s ]
SQL: SHOW COLUMNS FROM `gms_category` [ RunTime:0.0000s ]
SQL: SELECT `id`,`name` FROM `gms_brand` WHERE `cateid` = 3  [ RunTime:0.0000s ]
NOTIC: [2] Missing argument 4 for Think\Controller::apiReturn(), called in D:\wamp\www\excavator\Application\Admin\Controller\BrandController.class.php on line 125 and defined D:\wamp\www\excavator\ThinkPHP\Library\Think\Controller.class.php 第 244 行.
NOTIC: [8] Undefined variable: type D:\wamp\www\excavator\ThinkPHP\Library\Think\Controller.class.php 第 258 行.

[ 2016-12-30T09:54:47+08:00 ] 127.0.0.1 /excavator/Admin/Attr/getAttr
INFO: [ app_begin ] --START--
INFO: Run Behavior\ReadHtmlCacheBehavior [ RunTime:0.001001s ]
INFO: [ app_begin ] --END-- [ RunTime:0.002001s ]
SQL: SHOW COLUMNS FROM `gms_manage` [ RunTime:0.0000s ]
SQL: SHOW COLUMNS FROM `gms_group` [ RunTime:0.0000s ]
SQL: SHOW COLUMNS FROM `gms_auth` [ RunTime:0.0000s ]
SQL: SELECT `id`,`pid` FROM `gms_auth` WHERE `action` = 'Attr/getAttr' LIMIT 1   [ RunTime:0.0000s ]
SQL: SHOW COLUMNS FROM `gms_attr` [ RunTime:0.0300s ]
SQL: SHOW COLUMNS FROM `gms_category` [ RunTime:0.0000s ]
SQL: SHOW COLUMNS FROM `gms_attr_type` [ RunTime:0.0300s ]
SQL: SELECT `id`,`name`,`type`,`value` FROM `gms_attr` WHERE `cateid` = 3  [ RunTime:0.0100s ]
NOTIC: [2] Missing argument 4 for Think\Controller::apiReturn(), called in D:\wamp\www\excavator\Application\Admin\Controller\AttrController.class.php on line 123 and defined D:\wamp\www\excavator\ThinkPHP\Library\Think\Controller.class.php 第 244 行.
NOTIC: [8] Undefined variable: type D:\wamp\www\excavator\ThinkPHP\Library\Think\Controller.class.php 第 258 行.

[ 2016-12-30T09:54:58+08:00 ] 127.0.0.1 /excavator/Admin/Brand/getBrand
INFO: [ app_begin ] --START--
INFO: Run Behavior\ReadHtmlCacheBehavior [ RunTime:0.000000s ]
INFO: [ app_begin ] --END-- [ RunTime:0.001000s ]
SQL: SHOW COLUMNS FROM `gms_manage` [ RunTime:0.0100s ]
SQL: SHOW COLUMNS FROM `gms_group` [ RunTime:0.0100s ]
SQL: SHOW COLUMNS FROM `gms_auth` [ RunTime:0.0100s ]
SQL: SELECT `id`,`pid` FROM `gms_auth` WHERE `action` = 'Brand/getBrand' LIMIT 1   [ RunTime:0.0000s ]
SQL: SHOW COLUMNS FROM `gms_brand` [ RunTime:0.0100s ]
SQL: SHOW COLUMNS FROM `gms_category` [ RunTime:0.0000s ]
SQL: SELECT `id`,`name` FROM `gms_brand` WHERE `cateid` = 7  [ RunTime:0.0000s ]
NOTIC: [2] Missing argument 4 for Think\Controller::apiReturn(), called in D:\wamp\www\excavator\Application\Admin\Controller\BrandController.class.php on line 125 and defined D:\wamp\www\excavator\ThinkPHP\Library\Think\Controller.class.php 第 244 行.
NOTIC: [8] Undefined variable: type D:\wamp\www\excavator\ThinkPHP\Library\Think\Controller.class.php 第 258 行.

[ 2016-12-30T09:54:59+08:00 ] 127.0.0.1 /excavator/Admin/Attr/getAttr
INFO: [ app_begin ] --START--
INFO: Run Behavior\ReadHtmlCacheBehavior [ RunTime:0.000000s ]
INFO: [ app_begin ] --END-- [ RunTime:0.000000s ]
SQL: SHOW COLUMNS FROM `gms_manage` [ RunTime:0.0000s ]
SQL: SHOW COLUMNS FROM `gms_group` [ RunTime:0.0100s ]
SQL: SHOW COLUMNS FROM `gms_auth` [ RunTime:0.0100s ]
SQL: SELECT `id`,`pid` FROM `gms_auth` WHERE `action` = 'Attr/getAttr' LIMIT 1   [ RunTime:0.0000s ]
SQL: SHOW COLUMNS FROM `gms_attr` [ RunTime:0.0100s ]
SQL: SHOW COLUMNS FROM `gms_category` [ RunTime:0.0100s ]
SQL: SHOW COLUMNS FROM `gms_attr_type` [ RunTime:0.0100s ]
SQL: SELECT `id`,`name`,`type`,`value` FROM `gms_attr` WHERE `cateid` = 7  [ RunTime:0.0000s ]
NOTIC: [2] Missing argument 4 for Think\Controller::apiReturn(), called in D:\wamp\www\excavator\Application\Admin\Controller\AttrController.class.php on line 123 and defined D:\wamp\www\excavator\ThinkPHP\Library\Think\Controller.class.php 第 244 行.
NOTIC: [8] Undefined variable: type D:\wamp\www\excavator\ThinkPHP\Library\Think\Controller.class.php 第 258 行.

[ 2016-12-30T10:03:18+08:00 ] 127.0.0.1 /excavator/Admin/Brand/getBrand
INFO: [ app_begin ] --START--
INFO: Run Behavior\ReadHtmlCacheBehavior [ RunTime:0.002000s ]
INFO: [ app_begin ] --END-- [ RunTime:0.004000s ]
SQL: SHOW COLUMNS FROM `gms_manage` [ RunTime:0.0000s ]
SQL: SHOW COLUMNS FROM `gms_group` [ RunTime:0.0100s ]
SQL: SHOW COLUMNS FROM `gms_auth` [ RunTime:0.0100s ]
SQL: SELECT `id`,`pid` FROM `gms_auth` WHERE `action` = 'Brand/getBrand' LIMIT 1   [ RunTime:0.0000s ]
SQL: SHOW COLUMNS FROM `gms_brand` [ RunTime:0.0100s ]
SQL: SHOW COLUMNS FROM `gms_category` [ RunTime:0.0000s ]
SQL: SELECT `id`,`name` FROM `gms_brand` WHERE `cateid` = 4  [ RunTime:0.0000s ]
NOTIC: [2] Missing argument 3 for Think\Controller::apiReturn(), called in D:\wamp\www\excavator\Application\Admin\Controller\BrandController.class.php on line 127 and defined D:\wamp\www\excavator\ThinkPHP\Library\Think\Controller.class.php 第 244 行.
NOTIC: [2] Missing argument 4 for Think\Controller::apiReturn(), called in D:\wamp\www\excavator\Application\Admin\Controller\BrandController.class.php on line 127 and defined D:\wamp\www\excavator\ThinkPHP\Library\Think\Controller.class.php 第 244 行.
NOTIC: [8] Undefined variable: data D:\wamp\www\excavator\ThinkPHP\Library\Think\Controller.class.php 第 256 行.
NOTIC: [8] Undefined variable: type D:\wamp\www\excavator\ThinkPHP\Library\Think\Controller.class.php 第 258 行.

[ 2016-12-30T10:03:18+08:00 ] 127.0.0.1 /excavator/Admin/Attr/getAttr
INFO: [ app_begin ] --START--
INFO: Run Behavior\ReadHtmlCacheBehavior [ RunTime:0.002000s ]
INFO: [ app_begin ] --END-- [ RunTime:0.004000s ]
SQL: SHOW COLUMNS FROM `gms_manage` [ RunTime:0.0100s ]
SQL: SHOW COLUMNS FROM `gms_group` [ RunTime:0.0100s ]
SQL: SHOW COLUMNS FROM `gms_auth` [ RunTime:0.0000s ]
SQL: SELECT `id`,`pid` FROM `gms_auth` WHERE `action` = 'Attr/getAttr' LIMIT 1   [ RunTime:0.0000s ]
SQL: SHOW COLUMNS FROM `gms_attr` [ RunTime:0.0100s ]
SQL: SHOW COLUMNS FROM `gms_category` [ RunTime:0.0100s ]
SQL: SHOW COLUMNS FROM `gms_attr_type` [ RunTime:0.0100s ]
SQL: SELECT `id`,`name`,`type`,`value` FROM `gms_attr` WHERE `cateid` = 4  [ RunTime:0.0000s ]
NOTIC: [2] Missing argument 3 for Think\Controller::apiReturn(), called in D:\wamp\www\excavator\Application\Admin\Controller\AttrController.class.php on line 125 and defined D:\wamp\www\excavator\ThinkPHP\Library\Think\Controller.class.php 第 244 行.
NOTIC: [2] Missing argument 4 for Think\Controller::apiReturn(), called in D:\wamp\www\excavator\Application\Admin\Controller\AttrController.class.php on line 125 and defined D:\wamp\www\excavator\ThinkPHP\Library\Think\Controller.class.php 第 244 行.
NOTIC: [8] Undefined variable: data D:\wamp\www\excavator\ThinkPHP\Library\Think\Controller.class.php 第 256 行.
NOTIC: [8] Undefined variable: type D:\wamp\www\excavator\ThinkPHP\Library\Think\Controller.class.php 第 258 行.

[ 2016-12-30T10:03:20+08:00 ] 127.0.0.1 /excavator/Admin/Brand/getBrand
INFO: [ app_begin ] --START--
INFO: Run Behavior\ReadHtmlCacheBehavior [ RunTime:0.010000s ]
INFO: [ app_begin ] --END-- [ RunTime:0.010000s ]
SQL: SHOW COLUMNS FROM `gms_manage` [ RunTime:0.0000s ]
SQL: SHOW COLUMNS FROM `gms_group` [ RunTime:0.0100s ]
SQL: SHOW COLUMNS FROM `gms_auth` [ RunTime:0.0100s ]
SQL: SELECT `id`,`pid` FROM `gms_auth` WHERE `action` = 'Brand/getBrand' LIMIT 1   [ RunTime:0.0000s ]
SQL: SHOW COLUMNS FROM `gms_brand` [ RunTime:0.0100s ]
SQL: SHOW COLUMNS FROM `gms_category` [ RunTime:0.0000s ]
SQL: SELECT `id`,`name` FROM `gms_brand` WHERE `cateid` = 5  [ RunTime:0.0000s ]
NOTIC: [2] Missing argument 3 for Think\Controller::apiReturn(), called in D:\wamp\www\excavator\Application\Admin\Controller\BrandController.class.php on line 127 and defined D:\wamp\www\excavator\ThinkPHP\Library\Think\Controller.class.php 第 244 行.
NOTIC: [2] Missing argument 4 for Think\Controller::apiReturn(), called in D:\wamp\www\excavator\Application\Admin\Controller\BrandController.class.php on line 127 and defined D:\wamp\www\excavator\ThinkPHP\Library\Think\Controller.class.php 第 244 行.
NOTIC: [8] Undefined variable: data D:\wamp\www\excavator\ThinkPHP\Library\Think\Controller.class.php 第 256 行.
NOTIC: [8] Undefined variable: type D:\wamp\www\excavator\ThinkPHP\Library\Think\Controller.class.php 第 258 行.

[ 2016-12-30T10:03:20+08:00 ] 127.0.0.1 /excavator/Admin/Attr/getAttr
INFO: [ app_begin ] --START--
INFO: Run Behavior\ReadHtmlCacheBehavior [ RunTime:0.000000s ]
INFO: [ app_begin ] --END-- [ RunTime:0.000000s ]
SQL: SHOW COLUMNS FROM `gms_manage` [ RunTime:0.0000s ]
SQL: SHOW COLUMNS FROM `gms_group` [ RunTime:0.0100s ]
SQL: SHOW COLUMNS FROM `gms_auth` [ RunTime:0.0100s ]
SQL: SELECT `id`,`pid` FROM `gms_auth` WHERE `action` = 'Attr/getAttr' LIMIT 1   [ RunTime:0.0000s ]
SQL: SHOW COLUMNS FROM `gms_attr` [ RunTime:0.0100s ]
SQL: SHOW COLUMNS FROM `gms_category` [ RunTime:0.0000s ]
SQL: SHOW COLUMNS FROM `gms_attr_type` [ RunTime:0.0100s ]
SQL: SELECT `id`,`name`,`type`,`value` FROM `gms_attr` WHERE `cateid` = 5  [ RunTime:0.0000s ]
NOTIC: [2] Missing argument 3 for Think\Controller::apiReturn(), called in D:\wamp\www\excavator\Application\Admin\Controller\AttrController.class.php on line 125 and defined D:\wamp\www\excavator\ThinkPHP\Library\Think\Controller.class.php 第 244 行.
NOTIC: [2] Missing argument 4 for Think\Controller::apiReturn(), called in D:\wamp\www\excavator\Application\Admin\Controller\AttrController.class.php on line 125 and defined D:\wamp\www\excavator\ThinkPHP\Library\Think\Controller.class.php 第 244 行.
NOTIC: [8] Undefined variable: data D:\wamp\www\excavator\ThinkPHP\Library\Think\Controller.class.php 第 256 行.
NOTIC: [8] Undefined variable: type D:\wamp\www\excavator\ThinkPHP\Library\Think\Controller.class.php 第 258 行.

[ 2016-12-30T10:03:23+08:00 ] 127.0.0.1 /excavator/Admin/Brand/getBrand
INFO: [ app_begin ] --START--
INFO: Run Behavior\ReadHtmlCacheBehavior [ RunTime:0.002001s ]
INFO: [ app_begin ] --END-- [ RunTime:0.004001s ]
SQL: SHOW COLUMNS FROM `gms_manage` [ RunTime:0.0100s ]
SQL: SHOW COLUMNS FROM `gms_group` [ RunTime:0.0000s ]
SQL: SHOW COLUMNS FROM `gms_auth` [ RunTime:0.0100s ]
SQL: SELECT `id`,`pid` FROM `gms_auth` WHERE `action` = 'Brand/getBrand' LIMIT 1   [ RunTime:0.0000s ]
SQL: SHOW COLUMNS FROM `gms_brand` [ RunTime:0.0100s ]
SQL: SHOW COLUMNS FROM `gms_category` [ RunTime:0.0100s ]
SQL: SELECT `id`,`name` FROM `gms_brand` WHERE `cateid` = 7  [ RunTime:0.0000s ]
NOTIC: [2] Missing argument 4 for Think\Controller::apiReturn(), called in D:\wamp\www\excavator\Application\Admin\Controller\BrandController.class.php on line 125 and defined D:\wamp\www\excavator\ThinkPHP\Library\Think\Controller.class.php 第 244 行.
NOTIC: [8] Undefined variable: type D:\wamp\www\excavator\ThinkPHP\Library\Think\Controller.class.php 第 258 行.

[ 2016-12-30T10:03:23+08:00 ] 127.0.0.1 /excavator/Admin/Attr/getAttr
INFO: [ app_begin ] --START--
INFO: Run Behavior\ReadHtmlCacheBehavior [ RunTime:0.001000s ]
INFO: [ app_begin ] --END-- [ RunTime:0.002000s ]
SQL: SHOW COLUMNS FROM `gms_manage` [ RunTime:0.0000s ]
SQL: SHOW COLUMNS FROM `gms_group` [ RunTime:0.0100s ]
SQL: SHOW COLUMNS FROM `gms_auth` [ RunTime:0.0100s ]
SQL: SELECT `id`,`pid` FROM `gms_auth` WHERE `action` = 'Attr/getAttr' LIMIT 1   [ RunTime:0.0100s ]
SQL: SHOW COLUMNS FROM `gms_attr` [ RunTime:0.0100s ]
SQL: SHOW COLUMNS FROM `gms_category` [ RunTime:0.0100s ]
SQL: SHOW COLUMNS FROM `gms_attr_type` [ RunTime:0.0000s ]
SQL: SELECT `id`,`name`,`type`,`value` FROM `gms_attr` WHERE `cateid` = 7  [ RunTime:0.0000s ]
NOTIC: [2] Missing argument 4 for Think\Controller::apiReturn(), called in D:\wamp\www\excavator\Application\Admin\Controller\AttrController.class.php on line 123 and defined D:\wamp\www\excavator\ThinkPHP\Library\Think\Controller.class.php 第 244 行.
NOTIC: [8] Undefined variable: type D:\wamp\www\excavator\ThinkPHP\Library\Think\Controller.class.php 第 258 行.

[ 2016-12-30T17:09:47+08:00 ] 127.0.0.1 /excavator/index.php?s=/Admin/Config/other
ERR: 模板不存在:./Application/Admin/View/default/Config/index.html.html

