[ 2016-12-21T08:55:27+08:00 ] ::1 /excavator/index.php/Admin/Login/index.html
INFO: [ app_begin ] --START--
INFO: Run Behavior\ReadHtmlCacheBehavior [ RunTime:0.000000s ]
INFO: [ app_begin ] --END-- [ RunTime:0.000000s ]
SQL: SHOW COLUMNS FROM `gms_manage` [ RunTime:0.0000s ]
SQL: SELECT `id`,`username`,`userpass` FROM `gms_manage` WHERE `username` = 'admin' LIMIT 1   [ RunTime:0.1716s ]
NOTIC: [2] Missing argument 4 for Think\Controller::apiReturn(), called in D:\wamp\www\excavator\Application\Admin\Controller\LoginController.class.php on line 37 and defined D:\wamp\www\excavator\ThinkPHP\Library\Think\Controller.class.php 第 244 行.
NOTIC: [8] Undefined variable: type D:\wamp\www\excavator\ThinkPHP\Library\Think\Controller.class.php 第 258 行.

[ 2016-12-21T09:26:31+08:00 ] ::1 /excavator/index.php/Admin/Auth/add
INFO: [ app_begin ] --START--
INFO: Run Behavior\ReadHtmlCacheBehavior [ RunTime:0.000000s ]
INFO: [ app_begin ] --END-- [ RunTime:0.001000s ]
SQL: SHOW COLUMNS FROM `gms_manage` [ RunTime:0.0080s ]
SQL: SHOW COLUMNS FROM `gms_group` [ RunTime:0.0060s ]
SQL: SHOW COLUMNS FROM `gms_auth` [ RunTime:0.0090s ]
SQL: SELECT `id`,`pid` FROM `gms_auth` WHERE `action` = 'Auth/add' LIMIT 1   [ RunTime:0.0010s ]
NOTIC: [8] Undefined index: validate D:\wamp\www\excavator\ThinkPHP\Library\Think\Model.class.php 第 1185 行.
SQL: SELECT * FROM `gms_auth` WHERE `name` = '文章类型管理' LIMIT 1   [ RunTime:0.0000s ]
NOTIC: [8] Undefined index: sort D:\wamp\www\excavator\ThinkPHP\Library\Think\Model.class.php 第 1217 行.
NOTIC: [8] Undefined index: auto D:\wamp\www\excavator\ThinkPHP\Library\Think\Model.class.php 第 1128 行.
SQL: SHOW TABLE STATUS LIKE 'gms_auth' [ RunTime:0.1182s ]
SQL: INSERT INTO `gms_auth` (`name`,`icon`,`action`,`pid`,`isauth`,`status`,`sort`) VALUES ('文章类型管理','','ArticleType/index','41','1','1','54') [ RunTime:0.0660s ]
SQL: UPDATE `gms_group` SET `auth`='2,3,4,5,6,7,8,9,10,11,12,13,15,16,17,20,21,22,23,24,25,26,27,28,29,30,31,32,33,34,35,36,37,38,39,40,41,42,43,44,45,46,47,48,49,50,51,52,53,54' WHERE `id` = 1 [ RunTime:0.0200s ]
NOTIC: [2] Missing argument 4 for Think\Controller::apiReturn(), called in D:\wamp\www\excavator\Application\Admin\Controller\AuthController.class.php on line 49 and defined D:\wamp\www\excavator\ThinkPHP\Library\Think\Controller.class.php 第 244 行.
NOTIC: [8] Undefined variable: type D:\wamp\www\excavator\ThinkPHP\Library\Think\Controller.class.php 第 258 行.

[ 2016-12-21T10:59:56+08:00 ] ::1 /excavator/index.php/Admin/Adver/getTypeInfo
INFO: [ app_begin ] --START--
INFO: Run Behavior\ReadHtmlCacheBehavior [ RunTime:0.000000s ]
INFO: [ app_begin ] --END-- [ RunTime:0.001000s ]
SQL: SHOW COLUMNS FROM `gms_manage` [ RunTime:0.0080s ]
SQL: SHOW COLUMNS FROM `gms_group` [ RunTime:0.0090s ]
SQL: SHOW COLUMNS FROM `gms_auth` [ RunTime:0.0070s ]
SQL: SELECT `id`,`pid` FROM `gms_auth` WHERE `action` = 'Adver/getTypeInfo' LIMIT 1   [ RunTime:0.0020s ]
SQL: SHOW COLUMNS FROM `gms_adver` [ RunTime:0.0080s ]
SQL: SHOW COLUMNS FROM `gms_adver_type` [ RunTime:0.0100s ]
ERR: 非法操作:getTypeInfo

[ 2016-12-21T11:01:01+08:00 ] ::1 /excavator/index.php/Admin/Adver/AdverType/getTypeInfo
INFO: [ app_begin ] --START--
INFO: Run Behavior\ReadHtmlCacheBehavior [ RunTime:0.001000s ]
INFO: [ app_begin ] --END-- [ RunTime:0.001000s ]
SQL: SHOW COLUMNS FROM `gms_manage` [ RunTime:0.0090s ]
SQL: SHOW COLUMNS FROM `gms_group` [ RunTime:0.0100s ]
SQL: SHOW COLUMNS FROM `gms_auth` [ RunTime:0.0060s ]
SQL: SELECT `id`,`pid` FROM `gms_auth` WHERE `action` = 'Adver/AdverType' LIMIT 1   [ RunTime:0.0000s ]
SQL: SHOW COLUMNS FROM `gms_adver` [ RunTime:0.0100s ]
SQL: SHOW COLUMNS FROM `gms_adver_type` [ RunTime:0.0070s ]
ERR: 非法操作:AdverType

[ 2016-12-21T11:01:25+08:00 ] ::1 /excavator/index.php/Admin/AdverType/getTypeInfo
INFO: [ app_begin ] --START--
INFO: Run Behavior\ReadHtmlCacheBehavior [ RunTime:0.000000s ]
INFO: [ app_begin ] --END-- [ RunTime:0.001000s ]
ERR: 无法加载控制器:AdverType

[ 2016-12-21T11:01:45+08:00 ] ::1 /excavator/index.php/Admin/Adver/getTypeInfo
INFO: [ app_begin ] --START--
INFO: Run Behavior\ReadHtmlCacheBehavior [ RunTime:0.001000s ]
INFO: [ app_begin ] --END-- [ RunTime:0.002000s ]
SQL: SHOW COLUMNS FROM `gms_manage` [ RunTime:0.0080s ]
SQL: SHOW COLUMNS FROM `gms_group` [ RunTime:0.0070s ]
SQL: SHOW COLUMNS FROM `gms_auth` [ RunTime:0.0090s ]
SQL: SELECT `id`,`pid` FROM `gms_auth` WHERE `action` = 'Adver/getTypeInfo' LIMIT 1   [ RunTime:0.0020s ]
SQL: SHOW COLUMNS FROM `gms_adver` [ RunTime:0.0040s ]
SQL: SHOW COLUMNS FROM `gms_adver_type` [ RunTime:0.0070s ]
ERR: 非法操作:getTypeInfo

[ 2016-12-21T11:15:50+08:00 ] ::1 /excavator/index.php/Admin/AdverType/getTypeInfo
INFO: [ app_begin ] --START--
INFO: Run Behavior\ReadHtmlCacheBehavior [ RunTime:0.001000s ]
INFO: [ app_begin ] --END-- [ RunTime:0.001000s ]
SQL: SHOW COLUMNS FROM `gms_manage` [ RunTime:0.0070s ]
SQL: SHOW COLUMNS FROM `gms_group` [ RunTime:0.0080s ]
SQL: SHOW COLUMNS FROM `gms_auth` [ RunTime:0.0070s ]
SQL: SELECT `id`,`pid` FROM `gms_auth` WHERE `action` = 'AdverType/getTypeInfo' LIMIT 1   [ RunTime:0.0020s ]
SQL: SHOW COLUMNS FROM `gms_adver_type` [ RunTime:0.0090s ]
SQL: SELECT `width`,`height` FROM `gms_adver_type` WHERE `id` = 0 LIMIT 1   [ RunTime:0.0010s ]
NOTIC: [2] Missing argument 3 for Think\Controller::apiReturn(), called in D:\wamp\www\excavator\Application\Admin\Controller\AdverTypeController.class.php on line 86 and defined D:\wamp\www\excavator\ThinkPHP\Library\Think\Controller.class.php 第 244 行.
NOTIC: [2] Missing argument 4 for Think\Controller::apiReturn(), called in D:\wamp\www\excavator\Application\Admin\Controller\AdverTypeController.class.php on line 86 and defined D:\wamp\www\excavator\ThinkPHP\Library\Think\Controller.class.php 第 244 行.
NOTIC: [8] Undefined variable: data D:\wamp\www\excavator\ThinkPHP\Library\Think\Controller.class.php 第 256 行.
NOTIC: [8] Undefined variable: type D:\wamp\www\excavator\ThinkPHP\Library\Think\Controller.class.php 第 258 行.

[ 2016-12-21T11:16:05+08:00 ] ::1 /excavator/index.php/Admin/AdverType/getTypeInfo
INFO: [ app_begin ] --START--
INFO: Run Behavior\ReadHtmlCacheBehavior [ RunTime:0.001000s ]
INFO: [ app_begin ] --END-- [ RunTime:0.001000s ]
SQL: SHOW COLUMNS FROM `gms_manage` [ RunTime:0.0080s ]
SQL: SHOW COLUMNS FROM `gms_group` [ RunTime:0.0160s ]
SQL: SHOW COLUMNS FROM `gms_auth` [ RunTime:0.0080s ]
SQL: SELECT `id`,`pid` FROM `gms_auth` WHERE `action` = 'AdverType/getTypeInfo' LIMIT 1   [ RunTime:0.0000s ]
SQL: SHOW COLUMNS FROM `gms_adver_type` [ RunTime:0.0080s ]
SQL: SELECT `width`,`height` FROM `gms_adver_type` WHERE `id` = 0 LIMIT 1   [ RunTime:0.0010s ]
NOTIC: [2] Missing argument 3 for Think\Controller::apiReturn(), called in D:\wamp\www\excavator\Application\Admin\Controller\AdverTypeController.class.php on line 86 and defined D:\wamp\www\excavator\ThinkPHP\Library\Think\Controller.class.php 第 244 行.
NOTIC: [2] Missing argument 4 for Think\Controller::apiReturn(), called in D:\wamp\www\excavator\Application\Admin\Controller\AdverTypeController.class.php on line 86 and defined D:\wamp\www\excavator\ThinkPHP\Library\Think\Controller.class.php 第 244 行.
NOTIC: [8] Undefined variable: data D:\wamp\www\excavator\ThinkPHP\Library\Think\Controller.class.php 第 256 行.
NOTIC: [8] Undefined variable: type D:\wamp\www\excavator\ThinkPHP\Library\Think\Controller.class.php 第 258 行.

[ 2016-12-21T11:28:57+08:00 ] ::1 /excavator/index.php/Admin/AdverType/add
INFO: [ app_begin ] --START--
INFO: Run Behavior\ReadHtmlCacheBehavior [ RunTime:0.000000s ]
INFO: [ app_begin ] --END-- [ RunTime:0.001000s ]
SQL: SHOW COLUMNS FROM `gms_manage` [ RunTime:0.0030s ]
SQL: SHOW COLUMNS FROM `gms_group` [ RunTime:0.0030s ]
SQL: SHOW COLUMNS FROM `gms_auth` [ RunTime:0.0030s ]
SQL: SELECT `id`,`pid` FROM `gms_auth` WHERE `action` = 'AdverType/add' LIMIT 1   [ RunTime:0.0000s ]
SQL: SHOW COLUMNS FROM `gms_adver_type` [ RunTime:0.0020s ]
NOTIC: [8] Undefined index: validate D:\wamp\www\excavator\ThinkPHP\Library\Think\Model.class.php 第 1185 行.
NOTIC: [2] Missing argument 3 for Think\Controller::apiReturn(), called in D:\wamp\www\excavator\Application\Admin\Controller\AdverTypeController.class.php on line 44 and defined D:\wamp\www\excavator\ThinkPHP\Library\Think\Controller.class.php 第 244 行.
NOTIC: [2] Missing argument 4 for Think\Controller::apiReturn(), called in D:\wamp\www\excavator\Application\Admin\Controller\AdverTypeController.class.php on line 44 and defined D:\wamp\www\excavator\ThinkPHP\Library\Think\Controller.class.php 第 244 行.
NOTIC: [8] Undefined variable: data D:\wamp\www\excavator\ThinkPHP\Library\Think\Controller.class.php 第 256 行.
NOTIC: [8] Undefined variable: type D:\wamp\www\excavator\ThinkPHP\Library\Think\Controller.class.php 第 258 行.

[ 2016-12-21T15:38:01+08:00 ] ::1 /excavator/index.php/Admin/Order/ajaxSearch?keywords=
INFO: [ app_begin ] --START--
INFO: Run Behavior\ReadHtmlCacheBehavior [ RunTime:0.001000s ]
INFO: [ app_begin ] --END-- [ RunTime:0.001000s ]
SQL: SHOW COLUMNS FROM `gms_manage` [ RunTime:0.0060s ]
SQL: SHOW COLUMNS FROM `gms_group` [ RunTime:0.0080s ]
SQL: SHOW COLUMNS FROM `gms_auth` [ RunTime:0.0100s ]
SQL: SELECT `id`,`pid` FROM `gms_auth` WHERE `action` = 'Order/ajaxSearch' LIMIT 1   [ RunTime:0.0010s ]
SQL: SHOW COLUMNS FROM `gms_order` [ RunTime:0.0090s ]
SQL: SHOW COLUMNS FROM `gms_pickaddr` [ RunTime:0.0070s ]
NOTIC: [8] Undefined variable: map D:\wamp\www\excavator\Application\Admin\Controller\OrderController.class.php 第 55 行.
SQL: SELECT COUNT(*) AS tp_count FROM `gms_order` LIMIT 1   [ RunTime:0.0000s ]
NOTIC: [2] Missing argument 1 for Think\PageAjax::show(), called in D:\wamp\www\excavator\Application\Admin\Controller\OrderController.class.php on line 57 and defined D:\wamp\www\excavator\ThinkPHP\Library\Think\PageAjax.class.php 第 77 行.
NOTIC: [8] Undefined variable: map D:\wamp\www\excavator\Application\Admin\Controller\OrderController.class.php 第 58 行.
SQL: SELECT a.id,b.name AS username,a.order_no,a.goodsinfo,a.totalfee,a.paymethod,a.status,a.date FROM gms_order a INNER JOIN gms_user AS b ON a.uid=b.id INNER JOIN gms_user AS c ON a.sid=c.id  ORDER BY a.date DESC LIMIT 0,1   [ RunTime:0.0000s ]
NOTIC: [2] Missing argument 3 for Think\Controller::apiReturn(), called in D:\wamp\www\excavator\Application\Admin\Controller\OrderController.class.php on line 63 and defined D:\wamp\www\excavator\ThinkPHP\Library\Think\Controller.class.php 第 244 行.
NOTIC: [2] Missing argument 4 for Think\Controller::apiReturn(), called in D:\wamp\www\excavator\Application\Admin\Controller\OrderController.class.php on line 63 and defined D:\wamp\www\excavator\ThinkPHP\Library\Think\Controller.class.php 第 244 行.
NOTIC: [8] Undefined variable: data D:\wamp\www\excavator\ThinkPHP\Library\Think\Controller.class.php 第 256 行.
NOTIC: [8] Undefined variable: type D:\wamp\www\excavator\ThinkPHP\Library\Think\Controller.class.php 第 258 行.

[ 2016-12-21T15:39:15+08:00 ] ::1 /excavator/index.php/Admin/Order/ajaxSearch?keywords=
INFO: [ app_begin ] --START--
INFO: Run Behavior\ReadHtmlCacheBehavior [ RunTime:0.002000s ]
INFO: [ app_begin ] --END-- [ RunTime:0.003000s ]
SQL: SHOW COLUMNS FROM `gms_manage` [ RunTime:0.0080s ]
SQL: SHOW COLUMNS FROM `gms_group` [ RunTime:0.0100s ]
SQL: SHOW COLUMNS FROM `gms_auth` [ RunTime:0.0090s ]
SQL: SELECT `id`,`pid` FROM `gms_auth` WHERE `action` = 'Order/ajaxSearch' LIMIT 1   [ RunTime:0.0000s ]
SQL: SHOW COLUMNS FROM `gms_order` [ RunTime:0.0120s ]
SQL: SHOW COLUMNS FROM `gms_pickaddr` [ RunTime:0.0070s ]
NOTIC: [8] Undefined variable: map D:\wamp\www\excavator\Application\Admin\Controller\OrderController.class.php 第 55 行.
SQL: SELECT COUNT(*) AS tp_count FROM `gms_order` LIMIT 1   [ RunTime:0.0000s ]
NOTIC: [2] Missing argument 1 for Think\PageAjax::show(), called in D:\wamp\www\excavator\Application\Admin\Controller\OrderController.class.php on line 57 and defined D:\wamp\www\excavator\ThinkPHP\Library\Think\PageAjax.class.php 第 77 行.
NOTIC: [8] Undefined variable: map D:\wamp\www\excavator\Application\Admin\Controller\OrderController.class.php 第 58 行.
SQL: SELECT a.id,b.name AS username,a.order_no,a.goodsinfo,a.totalfee,a.paymethod,a.status,a.date FROM gms_order a INNER JOIN gms_user AS b ON a.uid=b.id INNER JOIN gms_user AS c ON a.sid=c.id  ORDER BY a.date DESC LIMIT 0,1   [ RunTime:0.0000s ]
NOTIC: [2] Missing argument 3 for Think\Controller::apiReturn(), called in D:\wamp\www\excavator\Application\Admin\Controller\OrderController.class.php on line 63 and defined D:\wamp\www\excavator\ThinkPHP\Library\Think\Controller.class.php 第 244 行.
NOTIC: [2] Missing argument 4 for Think\Controller::apiReturn(), called in D:\wamp\www\excavator\Application\Admin\Controller\OrderController.class.php on line 63 and defined D:\wamp\www\excavator\ThinkPHP\Library\Think\Controller.class.php 第 244 行.
NOTIC: [8] Undefined variable: data D:\wamp\www\excavator\ThinkPHP\Library\Think\Controller.class.php 第 256 行.
NOTIC: [8] Undefined variable: type D:\wamp\www\excavator\ThinkPHP\Library\Think\Controller.class.php 第 258 行.

[ 2016-12-21T15:40:31+08:00 ] ::1 /excavator/index.php/Admin/Order/ajaxSearch?keywords=&starttime=2016-12-07&endtime=2016-12-14
INFO: [ app_begin ] --START--
INFO: Run Behavior\ReadHtmlCacheBehavior [ RunTime:0.002000s ]
INFO: [ app_begin ] --END-- [ RunTime:0.003000s ]
SQL: SHOW COLUMNS FROM `gms_manage` [ RunTime:0.0080s ]
SQL: SHOW COLUMNS FROM `gms_group` [ RunTime:0.0080s ]
SQL: SHOW COLUMNS FROM `gms_auth` [ RunTime:0.0070s ]
SQL: SELECT `id`,`pid` FROM `gms_auth` WHERE `action` = 'Order/ajaxSearch' LIMIT 1   [ RunTime:0.0010s ]
SQL: SHOW COLUMNS FROM `gms_order` [ RunTime:0.0040s ]
SQL: SHOW COLUMNS FROM `gms_pickaddr` [ RunTime:0.0000s ]
SQL: SELECT COUNT(*) AS tp_count FROM `gms_order` WHERE `date` BETWEEN 1481040000 AND 1481644800 LIMIT 1   [ RunTime:0.0000s ]
NOTIC: [2] Missing argument 1 for Think\PageAjax::show(), called in D:\wamp\www\excavator\Application\Admin\Controller\OrderController.class.php on line 57 and defined D:\wamp\www\excavator\ThinkPHP\Library\Think\PageAjax.class.php 第 77 行.
ERR: 1052:Champ: 'date' dans where clause est ambigu
 [ SQL语句 ] : SELECT a.id,b.name AS username,a.order_no,a.goodsinfo,a.totalfee,a.paymethod,a.status,a.date FROM gms_order a INNER JOIN gms_user AS b ON a.uid=b.id INNER JOIN gms_user AS c ON a.sid=c.id  WHERE `date` BETWEEN 1481040000 AND 1481644800 ORDER BY a.date DESC LIMIT 0,1  
ERR: 1052:Champ: 'date' dans where clause est ambigu
 [ SQL语句 ] : SELECT a.id,b.name AS username,a.order_no,a.goodsinfo,a.totalfee,a.paymethod,a.status,a.date FROM gms_order a INNER JOIN gms_user AS b ON a.uid=b.id INNER JOIN gms_user AS c ON a.sid=c.id  WHERE `date` BETWEEN 1481040000 AND 1481644800 ORDER BY a.date DESC LIMIT 0,1  

[ 2016-12-21T15:41:28+08:00 ] ::1 /excavator/index.php/Admin/Order/ajaxSearch?keywords=&starttime=2016-12-07&endtime=2016-12-14
INFO: [ app_begin ] --START--
INFO: Run Behavior\ReadHtmlCacheBehavior [ RunTime:0.001000s ]
INFO: [ app_begin ] --END-- [ RunTime:0.001000s ]
SQL: SHOW COLUMNS FROM `gms_manage` [ RunTime:0.0070s ]
SQL: SHOW COLUMNS FROM `gms_group` [ RunTime:0.0000s ]
SQL: SHOW COLUMNS FROM `gms_auth` [ RunTime:0.0156s ]
SQL: SELECT `id`,`pid` FROM `gms_auth` WHERE `action` = 'Order/ajaxSearch' LIMIT 1   [ RunTime:0.0000s ]
SQL: SHOW COLUMNS FROM `gms_order` [ RunTime:0.0000s ]
SQL: SHOW COLUMNS FROM `gms_pickaddr` [ RunTime:0.0156s ]
SQL: SELECT COUNT(*) AS tp_count FROM `gms_order` WHERE `date` BETWEEN 1481040000 AND 1481644800 LIMIT 1   [ RunTime:0.0000s ]
NOTIC: [2] Missing argument 1 for Think\PageAjax::show(), called in D:\wamp\www\excavator\Application\Admin\Controller\OrderController.class.php on line 57 and defined D:\wamp\www\excavator\ThinkPHP\Library\Think\PageAjax.class.php 第 77 行.
ERR: 1052:Champ: 'date' dans where clause est ambigu
 [ SQL语句 ] : SELECT a.id,b.name AS username,a.order_no,a.goodsinfo,a.totalfee,a.paymethod,a.status,a.date FROM gms_order a INNER JOIN gms_user AS b ON a.uid=b.id INNER JOIN gms_user AS c ON a.sid=c.id  WHERE `date` BETWEEN 1481040000 AND 1481644800 ORDER BY a.date DESC LIMIT 0,1  
ERR: 1052:Champ: 'date' dans where clause est ambigu
 [ SQL语句 ] : SELECT a.id,b.name AS username,a.order_no,a.goodsinfo,a.totalfee,a.paymethod,a.status,a.date FROM gms_order a INNER JOIN gms_user AS b ON a.uid=b.id INNER JOIN gms_user AS c ON a.sid=c.id  WHERE `date` BETWEEN 1481040000 AND 1481644800 ORDER BY a.date DESC LIMIT 0,1  

[ 2016-12-21T15:45:03+08:00 ] ::1 /excavator/index.php/Admin/Order/ajaxSearch?keywords=&starttime=2016-12-07&endtime=
INFO: [ app_begin ] --START--
INFO: Run Behavior\ReadHtmlCacheBehavior [ RunTime:0.001000s ]
INFO: [ app_begin ] --END-- [ RunTime:0.001000s ]
SQL: SHOW COLUMNS FROM `gms_manage` [ RunTime:0.0080s ]
SQL: SHOW COLUMNS FROM `gms_group` [ RunTime:0.0080s ]
SQL: SHOW COLUMNS FROM `gms_auth` [ RunTime:0.0070s ]
SQL: SELECT `id`,`pid` FROM `gms_auth` WHERE `action` = 'Order/ajaxSearch' LIMIT 1   [ RunTime:0.0000s ]
SQL: SHOW COLUMNS FROM `gms_order` [ RunTime:0.0010s ]
SQL: SHOW COLUMNS FROM `gms_goods` [ RunTime:0.0156s ]
SQL: SELECT COUNT(*) AS tp_count FROM `gms_order` WHERE `date` > 1481040000 LIMIT 1   [ RunTime:0.0000s ]
NOTIC: [2] Missing argument 1 for Think\PageAjax::show(), called in D:\wamp\www\excavator\Application\Admin\Controller\OrderController.class.php on line 56 and defined D:\wamp\www\excavator\ThinkPHP\Library\Think\PageAjax.class.php 第 77 行.
ERR: 1052:Champ: 'date' dans where clause est ambigu
 [ SQL语句 ] : SELECT a.id,b.name AS username,a.order_no,a.goodsinfo,a.totalfee,a.paymethod,a.status,a.date FROM gms_order a INNER JOIN gms_user AS b ON a.uid=b.id INNER JOIN gms_user AS c ON a.sid=c.id  WHERE `date` > 1481040000 ORDER BY a.date DESC LIMIT 0,1  
ERR: 1052:Champ: 'date' dans where clause est ambigu
 [ SQL语句 ] : SELECT a.id,b.name AS username,a.order_no,a.goodsinfo,a.totalfee,a.paymethod,a.status,a.date FROM gms_order a INNER JOIN gms_user AS b ON a.uid=b.id INNER JOIN gms_user AS c ON a.sid=c.id  WHERE `date` > 1481040000 ORDER BY a.date DESC LIMIT 0,1  

[ 2016-12-21T15:58:45+08:00 ] ::1 /excavator/index.php/Admin/Order/ajaxSearch?keywords=&starttime=2016-12-07&endtime=
INFO: [ app_begin ] --START--
INFO: Run Behavior\ReadHtmlCacheBehavior [ RunTime:0.001000s ]
INFO: [ app_begin ] --END-- [ RunTime:0.001000s ]
SQL: SHOW COLUMNS FROM `gms_manage` [ RunTime:0.0050s ]
SQL: SHOW COLUMNS FROM `gms_group` [ RunTime:0.0080s ]
SQL: SHOW COLUMNS FROM `gms_auth` [ RunTime:0.0080s ]
SQL: SELECT `id`,`pid` FROM `gms_auth` WHERE `action` = 'Order/ajaxSearch' LIMIT 1   [ RunTime:0.0000s ]
SQL: SHOW COLUMNS FROM `gms_order` [ RunTime:0.0070s ]
SQL: SHOW COLUMNS FROM `gms_goods` [ RunTime:0.0196s ]
SQL: SELECT COUNT(*) AS tp_count FROM `gms_order` WHERE `date` > 1481040000 LIMIT 1   [ RunTime:0.0000s ]
NOTIC: [2] Missing argument 1 for Think\PageAjax::show(), called in D:\wamp\www\excavator\Application\Admin\Controller\OrderController.class.php on line 56 and defined D:\wamp\www\excavator\ThinkPHP\Library\Think\PageAjax.class.php 第 77 行.
ERR: 1052:Champ: 'date' dans where clause est ambigu
 [ SQL语句 ] : SELECT a.id,b.name AS username,a.order_no,a.goodsinfo,a.totalfee,a.paymethod,a.status,a.date FROM gms_order a INNER JOIN gms_user AS b ON a.uid=b.id  WHERE `date` > 1481040000 ORDER BY a.date DESC LIMIT 0,1  
ERR: 1052:Champ: 'date' dans where clause est ambigu
 [ SQL语句 ] : SELECT a.id,b.name AS username,a.order_no,a.goodsinfo,a.totalfee,a.paymethod,a.status,a.date FROM gms_order a INNER JOIN gms_user AS b ON a.uid=b.id  WHERE `date` > 1481040000 ORDER BY a.date DESC LIMIT 0,1  

[ 2016-12-21T16:00:45+08:00 ] ::1 /excavator/index.php/Admin/Order/index
ERR: 1054:Champ 'a.date' inconnu dans field list
 [ SQL语句 ] : SELECT `id`,`order_no`,`goodsinfo`,`totalfee`,`paymethod`,`status`,a.date FROM `gms_order` ORDER BY date DESC LIMIT 0,1  

[ 2016-12-21T16:04:46+08:00 ] ::1 /excavator/index.php/Admin/Order/ajaxSearch?keywords=&starttime=2016-12-07&endtime=
INFO: [ app_begin ] --START--
INFO: Run Behavior\ReadHtmlCacheBehavior [ RunTime:0.001000s ]
INFO: [ app_begin ] --END-- [ RunTime:0.001000s ]
SQL: SHOW COLUMNS FROM `gms_manage` [ RunTime:0.0080s ]
SQL: SHOW COLUMNS FROM `gms_group` [ RunTime:0.0070s ]
SQL: SHOW COLUMNS FROM `gms_auth` [ RunTime:0.0080s ]
SQL: SELECT `id`,`pid` FROM `gms_auth` WHERE `action` = 'Order/ajaxSearch' LIMIT 1   [ RunTime:0.0000s ]
SQL: SHOW COLUMNS FROM `gms_order` [ RunTime:0.0070s ]
SQL: SHOW COLUMNS FROM `gms_goods` [ RunTime:0.0050s ]
SQL: SELECT COUNT(*) AS tp_count FROM `gms_order` WHERE `date` > 1481040000 LIMIT 1   [ RunTime:0.0000s ]
NOTIC: [2] Missing argument 1 for Think\PageAjax::show(), called in D:\wamp\www\excavator\Application\Admin\Controller\OrderController.class.php on line 56 and defined D:\wamp\www\excavator\ThinkPHP\Library\Think\PageAjax.class.php 第 77 行.
SQL: SELECT `id`,`order_no`,`goodsinfo`,`totalfee`,`paymethod`,`status`,`date` FROM `gms_order` WHERE `date` > 1481040000 ORDER BY date DESC LIMIT 0,1   [ RunTime:0.0000s ]
NOTIC: [2] Missing argument 3 for Think\Controller::apiReturn(), called in D:\wamp\www\excavator\Application\Admin\Controller\OrderController.class.php on line 62 and defined D:\wamp\www\excavator\ThinkPHP\Library\Think\Controller.class.php 第 244 行.
NOTIC: [2] Missing argument 4 for Think\Controller::apiReturn(), called in D:\wamp\www\excavator\Application\Admin\Controller\OrderController.class.php on line 62 and defined D:\wamp\www\excavator\ThinkPHP\Library\Think\Controller.class.php 第 244 行.
NOTIC: [8] Undefined variable: data D:\wamp\www\excavator\ThinkPHP\Library\Think\Controller.class.php 第 256 行.
NOTIC: [8] Undefined variable: type D:\wamp\www\excavator\ThinkPHP\Library\Think\Controller.class.php 第 258 行.

[ 2016-12-21T16:23:23+08:00 ] ::1 /excavator/index.php/Admin/Order/ajaxSearch?keywords=&starttime=2016-12-07&endtime=
INFO: [ app_begin ] --START--
INFO: Run Behavior\ReadHtmlCacheBehavior [ RunTime:0.001000s ]
INFO: [ app_begin ] --END-- [ RunTime:0.002000s ]
SQL: SHOW COLUMNS FROM `gms_manage` [ RunTime:0.0080s ]
SQL: SHOW COLUMNS FROM `gms_group` [ RunTime:0.0080s ]
SQL: SHOW COLUMNS FROM `gms_auth` [ RunTime:0.0070s ]
SQL: SELECT `id`,`pid` FROM `gms_auth` WHERE `action` = 'Order/ajaxSearch' LIMIT 1   [ RunTime:0.0000s ]
SQL: SHOW COLUMNS FROM `gms_order` [ RunTime:0.0070s ]
SQL: SHOW COLUMNS FROM `gms_goods` [ RunTime:0.0080s ]
SQL: SELECT COUNT(*) AS tp_count FROM `gms_order` WHERE `date` > 1481040000 LIMIT 1   [ RunTime:0.0010s ]
NOTIC: [2] Missing argument 1 for Think\PageAjax::show(), called in D:\wamp\www\excavator\Application\Admin\Controller\OrderController.class.php on line 56 and defined D:\wamp\www\excavator\ThinkPHP\Library\Think\PageAjax.class.php 第 77 行.
SQL: SELECT `id`,`order_no`,`goodsinfo`,`totalfee`,`paymethod`,`status`,`date` FROM `gms_order` WHERE `date` > 1481040000 ORDER BY date DESC LIMIT 0,1   [ RunTime:0.0000s ]
NOTIC: [2] Missing argument 3 for Think\Controller::apiReturn(), called in D:\wamp\www\excavator\Application\Admin\Controller\OrderController.class.php on line 62 and defined D:\wamp\www\excavator\ThinkPHP\Library\Think\Controller.class.php 第 244 行.
NOTIC: [2] Missing argument 4 for Think\Controller::apiReturn(), called in D:\wamp\www\excavator\Application\Admin\Controller\OrderController.class.php on line 62 and defined D:\wamp\www\excavator\ThinkPHP\Library\Think\Controller.class.php 第 244 行.
NOTIC: [8] Undefined variable: data D:\wamp\www\excavator\ThinkPHP\Library\Think\Controller.class.php 第 256 行.
NOTIC: [8] Undefined variable: type D:\wamp\www\excavator\ThinkPHP\Library\Think\Controller.class.php 第 258 行.

