[ 2016-12-26T11:35:21+08:00 ] ::1 /excavator/Admin/Login/index
INFO: [ app_begin ] --START--
INFO: Run Behavior\ReadHtmlCacheBehavior [ RunTime:0.000000s ]
INFO: [ app_begin ] --END-- [ RunTime:0.001000s ]
SQL: SHOW COLUMNS FROM `gms_manage` [ RunTime:0.0030s ]
SQL: SELECT `id`,`username`,`userpass` FROM `gms_manage` WHERE `username` = 'root' LIMIT 1   [ RunTime:0.0000s ]
NOTIC: [2] Missing argument 3 for Think\Controller::apiReturn(), called in D:\wamp\www\excavator\Application\Admin\Controller\LoginController.class.php on line 42 and defined D:\wamp\www\excavator\ThinkPHP\Library\Think\Controller.class.php 第 244 行.
NOTIC: [2] Missing argument 4 for Think\Controller::apiReturn(), called in D:\wamp\www\excavator\Application\Admin\Controller\LoginController.class.php on line 42 and defined D:\wamp\www\excavator\ThinkPHP\Library\Think\Controller.class.php 第 244 行.
NOTIC: [8] Undefined variable: data D:\wamp\www\excavator\ThinkPHP\Library\Think\Controller.class.php 第 256 行.
NOTIC: [8] Undefined variable: type D:\wamp\www\excavator\ThinkPHP\Library\Think\Controller.class.php 第 258 行.

[ 2016-12-26T11:35:33+08:00 ] ::1 /excavator/Admin/Login/index
INFO: [ app_begin ] --START--
INFO: Run Behavior\ReadHtmlCacheBehavior [ RunTime:0.001000s ]
INFO: [ app_begin ] --END-- [ RunTime:0.001000s ]
SQL: SHOW COLUMNS FROM `gms_manage` [ RunTime:0.0050s ]
NOTIC: [2] Missing argument 3 for Think\Controller::apiReturn(), called in D:\wamp\www\excavator\Application\Admin\Controller\LoginController.class.php on line 27 and defined D:\wamp\www\excavator\ThinkPHP\Library\Think\Controller.class.php 第 244 行.
NOTIC: [2] Missing argument 4 for Think\Controller::apiReturn(), called in D:\wamp\www\excavator\Application\Admin\Controller\LoginController.class.php on line 27 and defined D:\wamp\www\excavator\ThinkPHP\Library\Think\Controller.class.php 第 244 行.
NOTIC: [8] Undefined variable: data D:\wamp\www\excavator\ThinkPHP\Library\Think\Controller.class.php 第 256 行.
NOTIC: [8] Undefined variable: type D:\wamp\www\excavator\ThinkPHP\Library\Think\Controller.class.php 第 258 行.

[ 2016-12-26T11:35:43+08:00 ] ::1 /excavator/Admin/Login/index
INFO: [ app_begin ] --START--
INFO: Run Behavior\ReadHtmlCacheBehavior [ RunTime:0.001000s ]
INFO: [ app_begin ] --END-- [ RunTime:0.002000s ]
SQL: SHOW COLUMNS FROM `gms_manage` [ RunTime:0.0030s ]
SQL: SELECT `id`,`username`,`userpass` FROM `gms_manage` WHERE `username` = 'admin' LIMIT 1   [ RunTime:0.0000s ]
NOTIC: [2] Missing argument 4 for Think\Controller::apiReturn(), called in D:\wamp\www\excavator\Application\Admin\Controller\LoginController.class.php on line 37 and defined D:\wamp\www\excavator\ThinkPHP\Library\Think\Controller.class.php 第 244 行.
NOTIC: [8] Undefined variable: type D:\wamp\www\excavator\ThinkPHP\Library\Think\Controller.class.php 第 258 行.

